[2021-11-12 09:29:53] [ INFO ] [CarritoController:82] El carrito se ha iniciado
[2021-11-12 09:29:53] [ INFO ] [CarritoController:98] Productos rellenados
[2021-11-12 09:29:53] [ INFO ] [CarritoController:98] Productos rellenados
[2021-11-12 09:29:53] [ INFO ] [CarritoController:98] Productos rellenados
[2021-11-12 09:29:53] [ INFO ] [CarritoController:98] Productos rellenados
[2021-11-12 09:29:53] [ INFO ] [CarritoController:98] Productos rellenados
[2021-11-12 09:30:15] [ INFO ] [CarritoController:98] Productos rellenados
[2021-11-12 09:30:15] [ INFO ] [CarritoController:98] Productos rellenados
[2021-11-12 09:30:15] [ INFO ] [CarritoController:98] Productos rellenados
[2021-11-12 09:30:15] [ INFO ] [CarritoController:98] Productos rellenados
[2021-11-12 09:30:15] [ INFO ] [CarritoController:98] Productos rellenados
[2021-11-12 09:30:35] [ INFO ] [CarritoController:82] El carrito se ha iniciado
[2021-11-12 09:30:35] [ INFO ] [CarritoController:98] Productos rellenados
[2021-11-12 09:30:35] [ INFO ] [CarritoController:98] Productos rellenados
[2021-11-12 09:30:35] [ INFO ] [CarritoController:98] Productos rellenados
[2021-11-12 09:30:35] [ INFO ] [CarritoController:98] Productos rellenados
[2021-11-12 09:30:35] [ INFO ] [CarritoController:98] Productos rellenados
[2021-11-12 09:30:38] [ INFO ] [CarritoController:98] Productos rellenados
[2021-11-12 09:30:38] [ INFO ] [CarritoController:98] Productos rellenados
[2021-11-12 09:30:38] [ INFO ] [CarritoController:98] Productos rellenados
[2021-11-12 09:30:38] [ INFO ] [CarritoController:98] Productos rellenados
[2021-11-12 09:30:38] [ INFO ] [CarritoController:98] Productos rellenados
[2021-11-12 09:31:39] [ INFO ] [CarritoController:86] El carrito se ha iniciado
[2021-11-12 09:31:39] [ INFO ] [CarritoController:102] Productos rellenados
[2021-11-12 09:31:39] [ INFO ] [CarritoController:102] Productos rellenados
[2021-11-12 09:31:39] [ INFO ] [CarritoController:102] Productos rellenados
[2021-11-12 09:31:39] [ INFO ] [CarritoController:102] Productos rellenados
[2021-11-12 09:31:39] [ INFO ] [CarritoController:102] Productos rellenados
[2021-11-12 09:31:41] [ INFO ] [CarritoController:102] Productos rellenados
[2021-11-12 09:31:41] [ INFO ] [CarritoController:102] Productos rellenados
[2021-11-12 09:31:41] [ INFO ] [CarritoController:102] Productos rellenados
[2021-11-12 09:31:41] [ INFO ] [CarritoController:102] Productos rellenados
[2021-11-12 09:31:41] [ INFO ] [CarritoController:102] Productos rellenados
[2021-11-12 09:31:41] [ INFO ] [CarritoController:102] Productos rellenados
[2021-11-12 09:31:41] [ INFO ] [CarritoController:102] Productos rellenados
[2021-11-12 09:31:41] [ INFO ] [CarritoController:142] Busqueda por categoria
[2021-11-12 09:31:44] [ INFO ] [CarritoController:102] Productos rellenados
[2021-11-12 09:31:44] [ INFO ] [CarritoController:102] Productos rellenados
[2021-11-12 09:31:44] [ INFO ] [CarritoController:102] Productos rellenados
[2021-11-12 09:31:44] [ INFO ] [CarritoController:102] Productos rellenados
[2021-11-12 09:31:44] [ INFO ] [CarritoController:102] Productos rellenados
[2021-11-12 09:32:15] [ INFO ] [CarritoController:86] El carrito se ha iniciado
[2021-11-12 09:32:15] [ INFO ] [CarritoController:102] Productos rellenados
[2021-11-12 09:32:15] [ INFO ] [CarritoController:102] Productos rellenados
[2021-11-12 09:32:15] [ INFO ] [CarritoController:102] Productos rellenados
[2021-11-12 09:32:15] [ INFO ] [CarritoController:102] Productos rellenados
[2021-11-12 09:32:15] [ INFO ] [CarritoController:102] Productos rellenados
[2021-11-12 09:32:16] [ INFO ] [CarritoController:102] Productos rellenados
[2021-11-12 09:32:16] [ INFO ] [CarritoController:102] Productos rellenados
[2021-11-12 09:32:16] [ INFO ] [CarritoController:102] Productos rellenados
[2021-11-12 09:32:16] [ INFO ] [CarritoController:102] Productos rellenados
[2021-11-12 09:32:16] [ INFO ] [CarritoController:102] Productos rellenados
[2021-11-12 09:32:18] [ INFO ] [CarritoController:102] Productos rellenados
[2021-11-12 09:32:18] [ INFO ] [CarritoController:102] Productos rellenados
[2021-11-12 09:32:18] [ INFO ] [CarritoController:102] Productos rellenados
[2021-11-12 09:32:18] [ INFO ] [CarritoController:102] Productos rellenados
[2021-11-12 09:32:18] [ INFO ] [CarritoController:102] Productos rellenados
[2021-11-12 09:33:07] [ INFO ] [CarritoController:89] El carrito se ha iniciado
[2021-11-12 09:33:07] [ INFO ] [CarritoController:105] Productos rellenados
[2021-11-12 09:33:07] [ INFO ] [CarritoController:105] Productos rellenados
[2021-11-12 09:33:07] [ INFO ] [CarritoController:105] Productos rellenados
[2021-11-12 09:33:07] [ INFO ] [CarritoController:105] Productos rellenados
[2021-11-12 09:33:07] [ INFO ] [CarritoController:105] Productos rellenados
[2021-11-12 09:33:08] [ INFO ] [CarritoController:105] Productos rellenados
[2021-11-12 09:33:08] [ INFO ] [CarritoController:105] Productos rellenados
[2021-11-12 09:33:08] [ INFO ] [CarritoController:105] Productos rellenados
[2021-11-12 09:33:08] [ INFO ] [CarritoController:105] Productos rellenados
[2021-11-12 09:33:08] [ INFO ] [CarritoController:105] Productos rellenados
[2021-11-12 09:33:19] [ INFO ] [CarritoController:105] Productos rellenados
[2021-11-12 09:33:19] [ INFO ] [CarritoController:105] Productos rellenados
[2021-11-12 09:33:19] [ INFO ] [CarritoController:105] Productos rellenados
[2021-11-12 09:33:19] [ INFO ] [CarritoController:105] Productos rellenados
[2021-11-12 09:33:19] [ INFO ] [CarritoController:105] Productos rellenados
[2021-11-12 09:35:07] [ INFO ] [CarritoController:89] El carrito se ha iniciado
[2021-11-12 09:35:07] [ INFO ] [CarritoController:105] Productos rellenados
[2021-11-12 09:35:07] [ INFO ] [CarritoController:105] Productos rellenados
[2021-11-12 09:35:07] [ INFO ] [CarritoController:105] Productos rellenados
[2021-11-12 09:35:07] [ INFO ] [CarritoController:105] Productos rellenados
[2021-11-12 09:35:07] [ INFO ] [CarritoController:105] Productos rellenados
[2021-11-12 09:35:08] [ INFO ] [CarritoController:105] Productos rellenados
[2021-11-12 09:35:08] [ INFO ] [CarritoController:105] Productos rellenados
[2021-11-12 09:35:08] [ INFO ] [CarritoController:105] Productos rellenados
[2021-11-12 09:35:08] [ INFO ] [CarritoController:105] Productos rellenados
[2021-11-12 09:35:08] [ INFO ] [CarritoController:105] Productos rellenados
[2021-11-12 09:35:40] [ INFO ] [CarritoController:85] El carrito se ha iniciado
[2021-11-12 09:35:40] [ INFO ] [CarritoController:101] Productos rellenados
[2021-11-12 09:35:40] [ INFO ] [CarritoController:101] Productos rellenados
[2021-11-12 09:35:40] [ INFO ] [CarritoController:101] Productos rellenados
[2021-11-12 09:35:40] [ INFO ] [CarritoController:101] Productos rellenados
[2021-11-12 09:35:40] [ INFO ] [CarritoController:101] Productos rellenados
[2021-11-12 09:35:42] [ INFO ] [CarritoController:101] Productos rellenados
[2021-11-12 09:35:42] [ INFO ] [CarritoController:101] Productos rellenados
[2021-11-12 09:35:42] [ INFO ] [CarritoController:101] Productos rellenados
[2021-11-12 09:35:42] [ INFO ] [CarritoController:101] Productos rellenados
[2021-11-12 09:35:42] [ INFO ] [CarritoController:101] Productos rellenados
[2021-11-12 09:36:00] [ INFO ] [CarritoController:101] Productos rellenados
[2021-11-12 09:36:00] [ INFO ] [CarritoController:101] Productos rellenados
[2021-11-12 09:36:00] [ INFO ] [CarritoController:101] Productos rellenados
[2021-11-12 09:36:00] [ INFO ] [CarritoController:101] Productos rellenados
[2021-11-12 09:36:00] [ INFO ] [CarritoController:101] Productos rellenados
[2021-11-12 09:37:20] [ INFO ] [CarritoController:85] El carrito se ha iniciado
[2021-11-12 09:37:20] [ INFO ] [CarritoController:101] Productos rellenados
[2021-11-12 09:37:20] [ INFO ] [CarritoController:101] Productos rellenados
[2021-11-12 09:37:20] [ INFO ] [CarritoController:101] Productos rellenados
[2021-11-12 09:37:20] [ INFO ] [CarritoController:101] Productos rellenados
[2021-11-12 09:37:20] [ INFO ] [CarritoController:101] Productos rellenados
[2021-11-12 09:37:23] [ INFO ] [CarritoController:101] Productos rellenados
[2021-11-12 09:37:23] [ INFO ] [CarritoController:101] Productos rellenados
[2021-11-12 09:37:23] [ INFO ] [CarritoController:101] Productos rellenados
[2021-11-12 09:37:23] [ INFO ] [CarritoController:101] Productos rellenados
[2021-11-12 09:37:23] [ INFO ] [CarritoController:101] Productos rellenados
[2021-11-12 09:37:24] [ INFO ] [CarritoController:101] Productos rellenados
[2021-11-12 09:37:24] [ INFO ] [CarritoController:101] Productos rellenados
[2021-11-12 09:37:24] [ INFO ] [CarritoController:101] Productos rellenados
[2021-11-12 09:37:24] [ INFO ] [CarritoController:101] Productos rellenados
[2021-11-12 09:37:24] [ INFO ] [CarritoController:101] Productos rellenados
[2021-11-12 09:37:25] [ INFO ] [CarritoController:101] Productos rellenados
[2021-11-12 09:37:25] [ INFO ] [CarritoController:101] Productos rellenados
[2021-11-12 09:37:25] [ INFO ] [CarritoController:101] Productos rellenados
[2021-11-12 09:37:25] [ INFO ] [CarritoController:101] Productos rellenados
[2021-11-12 09:37:25] [ INFO ] [CarritoController:101] Productos rellenados
[2021-11-12 09:40:04] [ INFO ] [CarritoController:89] El carrito se ha iniciado
[2021-11-12 09:40:04] [ INFO ] [CarritoController:105] Productos rellenados
[2021-11-12 09:40:04] [ INFO ] [CarritoController:105] Productos rellenados
[2021-11-12 09:40:04] [ INFO ] [CarritoController:105] Productos rellenados
[2021-11-12 09:40:04] [ INFO ] [CarritoController:105] Productos rellenados
[2021-11-12 09:40:04] [ INFO ] [CarritoController:105] Productos rellenados
[2021-11-12 10:17:36] [ INFO ] [CarritoController:105] Productos rellenados
[2021-11-12 10:17:36] [ INFO ] [CarritoController:105] Productos rellenados
[2021-11-12 10:17:36] [ INFO ] [CarritoController:105] Productos rellenados
[2021-11-12 10:17:36] [ INFO ] [CarritoController:105] Productos rellenados
[2021-11-12 10:17:36] [ INFO ] [CarritoController:105] Productos rellenados
[2021-11-12 10:18:07] [ INFO ] [CarritoController:89] El carrito se ha iniciado
[2021-11-12 10:18:08] [ INFO ] [CarritoController:105] Productos rellenados
[2021-11-12 10:18:08] [ INFO ] [CarritoController:105] Productos rellenados
[2021-11-12 10:18:08] [ INFO ] [CarritoController:105] Productos rellenados
[2021-11-12 10:18:08] [ INFO ] [CarritoController:105] Productos rellenados
[2021-11-12 10:18:08] [ INFO ] [CarritoController:105] Productos rellenados
[2021-11-12 10:34:04] [ INFO ] [CarritoController:105] Productos rellenados
[2021-11-12 10:34:04] [ INFO ] [CarritoController:105] Productos rellenados
[2021-11-12 10:34:04] [ INFO ] [CarritoController:105] Productos rellenados
[2021-11-12 10:34:04] [ INFO ] [CarritoController:105] Productos rellenados
[2021-11-12 10:34:04] [ INFO ] [CarritoController:105] Productos rellenados
[2021-11-12 10:37:04] [ INFO ] [CarritoController:89] El carrito se ha iniciado
[2021-11-12 10:37:04] [ INFO ] [CarritoController:105] Productos rellenados
[2021-11-12 10:37:04] [ INFO ] [CarritoController:105] Productos rellenados
[2021-11-12 10:37:04] [ INFO ] [CarritoController:105] Productos rellenados
[2021-11-12 10:37:04] [ INFO ] [CarritoController:105] Productos rellenados
[2021-11-12 10:37:04] [ INFO ] [CarritoController:105] Productos rellenados
[2021-11-12 10:37:11] [ INFO ] [CarritoController:105] Productos rellenados
[2021-11-12 10:37:11] [ INFO ] [CarritoController:105] Productos rellenados
[2021-11-12 10:37:11] [ INFO ] [CarritoController:105] Productos rellenados
[2021-11-12 10:37:11] [ INFO ] [CarritoController:105] Productos rellenados
[2021-11-12 10:37:11] [ INFO ] [CarritoController:105] Productos rellenados
[2021-11-12 10:38:59] [ INFO ] [CarritoController:89] El carrito se ha iniciado
[2021-11-12 10:38:59] [ INFO ] [CarritoController:105] Productos rellenados
[2021-11-12 10:38:59] [ INFO ] [CarritoController:105] Productos rellenados
[2021-11-12 10:38:59] [ INFO ] [CarritoController:105] Productos rellenados
[2021-11-12 10:38:59] [ INFO ] [CarritoController:105] Productos rellenados
[2021-11-12 10:38:59] [ INFO ] [CarritoController:105] Productos rellenados
[2021-11-12 10:39:06] [ INFO ] [CarritoController:105] Productos rellenados
[2021-11-12 10:39:06] [ INFO ] [CarritoController:105] Productos rellenados
[2021-11-12 10:39:06] [ INFO ] [CarritoController:105] Productos rellenados
[2021-11-12 10:39:06] [ INFO ] [CarritoController:105] Productos rellenados
[2021-11-12 10:39:06] [ INFO ] [CarritoController:105] Productos rellenados
[2021-11-12 10:43:18] [ INFO ] [CarritoController:89] El carrito se ha iniciado
[2021-11-12 10:43:18] [ INFO ] [CarritoController:105] Productos rellenados
[2021-11-12 10:43:18] [ INFO ] [CarritoController:105] Productos rellenados
[2021-11-12 10:43:18] [ INFO ] [CarritoController:105] Productos rellenados
[2021-11-12 10:43:18] [ INFO ] [CarritoController:105] Productos rellenados
[2021-11-12 10:43:18] [ INFO ] [CarritoController:105] Productos rellenados
[2021-11-12 10:43:29] [ INFO ] [CarritoController:105] Productos rellenados
[2021-11-12 10:43:29] [ INFO ] [CarritoController:105] Productos rellenados
[2021-11-12 10:43:29] [ INFO ] [CarritoController:105] Productos rellenados
[2021-11-12 10:43:29] [ INFO ] [CarritoController:105] Productos rellenados
[2021-11-12 10:43:29] [ INFO ] [CarritoController:105] Productos rellenados
[2021-11-12 10:43:49] [ INFO ] [CarritoController:89] El carrito se ha iniciado
[2021-11-12 10:43:49] [ INFO ] [CarritoController:105] Productos rellenados
[2021-11-12 10:43:49] [ INFO ] [CarritoController:105] Productos rellenados
[2021-11-12 10:43:49] [ INFO ] [CarritoController:105] Productos rellenados
[2021-11-12 10:43:49] [ INFO ] [CarritoController:105] Productos rellenados
[2021-11-12 10:43:49] [ INFO ] [CarritoController:105] Productos rellenados
[2021-11-12 10:43:57] [ INFO ] [CarritoController:105] Productos rellenados
[2021-11-12 10:43:57] [ INFO ] [CarritoController:105] Productos rellenados
[2021-11-12 10:43:57] [ INFO ] [CarritoController:105] Productos rellenados
[2021-11-12 10:43:57] [ INFO ] [CarritoController:105] Productos rellenados
[2021-11-12 10:43:57] [ INFO ] [CarritoController:105] Productos rellenados
[2021-11-12 10:47:02] [ INFO ] [CarritoController:89] El carrito se ha iniciado
[2021-11-12 10:47:02] [ INFO ] [CarritoController:105] Productos rellenados
[2021-11-12 10:47:02] [ INFO ] [CarritoController:105] Productos rellenados
[2021-11-12 10:47:02] [ INFO ] [CarritoController:105] Productos rellenados
[2021-11-12 10:47:02] [ INFO ] [CarritoController:105] Productos rellenados
[2021-11-12 10:47:02] [ INFO ] [CarritoController:105] Productos rellenados
[2021-11-12 10:48:06] [ INFO ] [CarritoController:89] El carrito se ha iniciado
[2021-11-12 10:48:06] [ INFO ] [CarritoController:105] Productos rellenados
[2021-11-12 10:48:06] [ INFO ] [CarritoController:105] Productos rellenados
[2021-11-12 10:48:06] [ INFO ] [CarritoController:105] Productos rellenados
[2021-11-12 10:48:06] [ INFO ] [CarritoController:105] Productos rellenados
[2021-11-12 10:48:06] [ INFO ] [CarritoController:105] Productos rellenados
[2021-11-12 10:48:40] [ INFO ] [CarritoController:105] Productos rellenados
[2021-11-12 10:48:40] [ INFO ] [CarritoController:105] Productos rellenados
[2021-11-12 10:48:40] [ INFO ] [CarritoController:105] Productos rellenados
[2021-11-12 10:48:40] [ INFO ] [CarritoController:105] Productos rellenados
[2021-11-12 10:48:40] [ INFO ] [CarritoController:105] Productos rellenados
[2021-11-12 10:49:08] [ INFO ] [CarritoController:105] Productos rellenados
[2021-11-12 10:49:08] [ INFO ] [CarritoController:105] Productos rellenados
[2021-11-12 10:49:08] [ INFO ] [CarritoController:105] Productos rellenados
[2021-11-12 10:49:08] [ INFO ] [CarritoController:105] Productos rellenados
[2021-11-12 10:49:08] [ INFO ] [CarritoController:105] Productos rellenados
[2021-11-12 10:53:48] [ INFO ] [CarritoController:105] Productos rellenados
[2021-11-12 10:53:48] [ INFO ] [CarritoController:105] Productos rellenados
[2021-11-12 10:53:48] [ INFO ] [CarritoController:105] Productos rellenados
[2021-11-12 10:53:48] [ INFO ] [CarritoController:105] Productos rellenados
[2021-11-12 10:53:48] [ INFO ] [CarritoController:105] Productos rellenados
[2021-11-12 11:04:54] [ INFO ] [CarritoController:105] Productos rellenados
[2021-11-12 11:04:54] [ INFO ] [CarritoController:105] Productos rellenados
[2021-11-12 11:04:54] [ INFO ] [CarritoController:105] Productos rellenados
[2021-11-12 11:04:54] [ INFO ] [CarritoController:105] Productos rellenados
[2021-11-12 11:04:54] [ INFO ] [CarritoController:105] Productos rellenados
[2021-11-12 11:06:19] [ INFO ] [CarritoController:105] Productos rellenados
[2021-11-12 11:06:19] [ INFO ] [CarritoController:105] Productos rellenados
[2021-11-12 11:06:19] [ INFO ] [CarritoController:105] Productos rellenados
[2021-11-12 11:06:19] [ INFO ] [CarritoController:105] Productos rellenados
[2021-11-12 11:06:19] [ INFO ] [CarritoController:105] Productos rellenados
[2021-11-12 11:06:19] [ INFO ] [CarritoController:159] Busqueda por precio
[2021-11-12 11:06:21] [ INFO ] [CarritoController:105] Productos rellenados
[2021-11-12 11:06:21] [ INFO ] [CarritoController:105] Productos rellenados
[2021-11-12 11:06:21] [ INFO ] [CarritoController:105] Productos rellenados
[2021-11-12 11:06:21] [ INFO ] [CarritoController:105] Productos rellenados
[2021-11-12 11:06:21] [ INFO ] [CarritoController:105] Productos rellenados
[2021-11-12 11:11:17] [ INFO ] [CarritoController:105] Productos rellenados
[2021-11-12 11:11:17] [ INFO ] [CarritoController:105] Productos rellenados
[2021-11-12 11:11:17] [ INFO ] [CarritoController:105] Productos rellenados
[2021-11-12 11:11:17] [ INFO ] [CarritoController:105] Productos rellenados
[2021-11-12 11:11:17] [ INFO ] [CarritoController:105] Productos rellenados
[2021-11-12 11:17:32] [ INFO ] [CarritoController:105] Productos rellenados
[2021-11-12 11:17:32] [ INFO ] [CarritoController:105] Productos rellenados
[2021-11-12 11:17:32] [ INFO ] [CarritoController:105] Productos rellenados
[2021-11-12 11:17:32] [ INFO ] [CarritoController:105] Productos rellenados
[2021-11-12 11:17:32] [ INFO ] [CarritoController:105] Productos rellenados
[2021-11-12 11:17:36] [ INFO ] [CarritoController:105] Productos rellenados
[2021-11-12 11:17:36] [ INFO ] [CarritoController:105] Productos rellenados
[2021-11-12 11:17:36] [ INFO ] [CarritoController:105] Productos rellenados
[2021-11-12 11:17:36] [ INFO ] [CarritoController:105] Productos rellenados
[2021-11-12 11:17:36] [ INFO ] [CarritoController:105] Productos rellenados
[2021-11-12 11:24:12] [ INFO ] [CarritoController:89] El carrito se ha iniciado
[2021-11-12 12:05:13] [ INFO ] [CarritoController:89] El carrito se ha iniciado
[2021-11-12 12:05:41] [ INFO ] [CarritoController:105] Productos rellenados
[2021-11-12 12:05:41] [ INFO ] [CarritoController:105] Productos rellenados
[2021-11-12 12:05:41] [ INFO ] [CarritoController:105] Productos rellenados
[2021-11-12 12:05:41] [ INFO ] [CarritoController:105] Productos rellenados
[2021-11-12 12:05:41] [ INFO ] [CarritoController:105] Productos rellenados
[2021-11-12 12:06:05] [ INFO ] [CarritoController:105] Productos rellenados
[2021-11-12 12:06:05] [ INFO ] [CarritoController:105] Productos rellenados
[2021-11-12 12:06:05] [ INFO ] [CarritoController:105] Productos rellenados
[2021-11-12 12:06:05] [ INFO ] [CarritoController:105] Productos rellenados
[2021-11-12 12:06:05] [ INFO ] [CarritoController:105] Productos rellenados
[2021-11-12 12:06:52] [ INFO ] [CarritoController:105] Productos rellenados
[2021-11-12 12:06:52] [ INFO ] [CarritoController:105] Productos rellenados
[2021-11-12 12:06:52] [ INFO ] [CarritoController:105] Productos rellenados
[2021-11-12 12:06:52] [ INFO ] [CarritoController:105] Productos rellenados
[2021-11-12 12:06:52] [ INFO ] [CarritoController:105] Productos rellenados
[2021-11-12 12:09:18] [ INFO ] [CarritoController:89] El carrito se ha iniciado
[2021-11-12 12:09:18] [ INFO ] [CarritoController:105] Productos rellenados
[2021-11-12 12:09:18] [ INFO ] [CarritoController:105] Productos rellenados
[2021-11-12 12:09:18] [ INFO ] [CarritoController:105] Productos rellenados
[2021-11-12 12:09:18] [ INFO ] [CarritoController:105] Productos rellenados
[2021-11-12 12:09:18] [ INFO ] [CarritoController:105] Productos rellenados
[2021-11-12 12:09:25] [ INFO ] [CarritoController:105] Productos rellenados
[2021-11-12 12:09:25] [ INFO ] [CarritoController:105] Productos rellenados
[2021-11-12 12:09:25] [ INFO ] [CarritoController:105] Productos rellenados
[2021-11-12 12:09:25] [ INFO ] [CarritoController:105] Productos rellenados
[2021-11-12 12:09:25] [ INFO ] [CarritoController:105] Productos rellenados
[2021-11-12 12:11:14] [ INFO ] [CarritoController:89] El carrito se ha iniciado
[2021-11-12 12:11:14] [ INFO ] [CarritoController:105] Productos rellenados
[2021-11-12 12:11:14] [ INFO ] [CarritoController:105] Productos rellenados
[2021-11-12 12:11:14] [ INFO ] [CarritoController:105] Productos rellenados
[2021-11-12 12:11:14] [ INFO ] [CarritoController:105] Productos rellenados
[2021-11-12 12:11:14] [ INFO ] [CarritoController:105] Productos rellenados
[2021-11-12 12:11:25] [ INFO ] [CarritoController:105] Productos rellenados
[2021-11-12 12:11:25] [ INFO ] [CarritoController:105] Productos rellenados
[2021-11-12 12:11:25] [ INFO ] [CarritoController:105] Productos rellenados
[2021-11-12 12:11:25] [ INFO ] [CarritoController:105] Productos rellenados
[2021-11-12 12:11:25] [ INFO ] [CarritoController:105] Productos rellenados
[2021-11-12 12:19:24] [ INFO ] [CarritoController:89] El carrito se ha iniciado
[2021-11-12 12:19:24] [ INFO ] [CarritoController:105] Productos rellenados
[2021-11-12 12:19:24] [ INFO ] [CarritoController:105] Productos rellenados
[2021-11-12 12:19:24] [ INFO ] [CarritoController:105] Productos rellenados
[2021-11-12 12:19:24] [ INFO ] [CarritoController:105] Productos rellenados
[2021-11-12 12:19:24] [ INFO ] [CarritoController:105] Productos rellenados
[2021-11-12 12:21:52] [ INFO ] [CarritoController:89] El carrito se ha iniciado
[2021-11-12 12:21:52] [ INFO ] [CarritoController:105] Productos rellenados
[2021-11-12 12:21:52] [ INFO ] [CarritoController:105] Productos rellenados
[2021-11-12 12:21:52] [ INFO ] [CarritoController:105] Productos rellenados
[2021-11-12 12:21:52] [ INFO ] [CarritoController:105] Productos rellenados
[2021-11-12 12:21:52] [ INFO ] [CarritoController:105] Productos rellenados
[2021-11-12 12:21:52] [ INFO ] [CarritoController:105] Productos rellenados
[2021-11-12 12:21:52] [ INFO ] [CarritoController:105] Productos rellenados
[2021-11-12 12:21:52] [ INFO ] [CarritoController:105] Productos rellenados
[2021-11-12 12:21:52] [ INFO ] [CarritoController:105] Productos rellenados
[2021-11-12 12:21:52] [ INFO ] [CarritoController:105] Productos rellenados
[2021-11-12 12:26:32] [ INFO ] [CarritoController:89] El carrito se ha iniciado
[2021-11-12 12:26:32] [ INFO ] [CarritoController:105] Productos rellenados
[2021-11-12 12:26:32] [ INFO ] [CarritoController:105] Productos rellenados
[2021-11-12 12:26:32] [ INFO ] [CarritoController:105] Productos rellenados
[2021-11-12 12:26:32] [ INFO ] [CarritoController:105] Productos rellenados
[2021-11-12 12:26:32] [ INFO ] [CarritoController:105] Productos rellenados
[2021-11-12 12:26:39] [ INFO ] [CarritoController:105] Productos rellenados
[2021-11-12 12:26:39] [ INFO ] [CarritoController:105] Productos rellenados
[2021-11-12 12:26:39] [ INFO ] [CarritoController:105] Productos rellenados
[2021-11-12 12:26:39] [ INFO ] [CarritoController:105] Productos rellenados
[2021-11-12 12:26:39] [ INFO ] [CarritoController:105] Productos rellenados
[2021-11-12 12:27:48] [ INFO ] [CarritoController:89] El carrito se ha iniciado
[2021-11-12 12:27:48] [ INFO ] [CarritoController:105] Productos rellenados
[2021-11-12 12:27:48] [ INFO ] [CarritoController:105] Productos rellenados
[2021-11-12 12:27:48] [ INFO ] [CarritoController:105] Productos rellenados
[2021-11-12 12:27:48] [ INFO ] [CarritoController:105] Productos rellenados
[2021-11-12 12:27:48] [ INFO ] [CarritoController:105] Productos rellenados
[2021-11-12 12:27:59] [ INFO ] [CarritoController:105] Productos rellenados
[2021-11-12 12:27:59] [ INFO ] [CarritoController:105] Productos rellenados
[2021-11-12 12:27:59] [ INFO ] [CarritoController:105] Productos rellenados
[2021-11-12 12:27:59] [ INFO ] [CarritoController:105] Productos rellenados
[2021-11-12 12:27:59] [ INFO ] [CarritoController:105] Productos rellenados
[2021-11-12 12:28:35] [ INFO ] [CarritoController:89] El carrito se ha iniciado
[2021-11-12 12:28:35] [ INFO ] [CarritoController:105] Productos rellenados
[2021-11-12 12:28:35] [ INFO ] [CarritoController:105] Productos rellenados
[2021-11-12 12:28:35] [ INFO ] [CarritoController:105] Productos rellenados
[2021-11-12 12:28:35] [ INFO ] [CarritoController:105] Productos rellenados
[2021-11-12 12:28:35] [ INFO ] [CarritoController:105] Productos rellenados
[2021-11-12 12:28:48] [ INFO ] [CarritoController:105] Productos rellenados
[2021-11-12 12:28:48] [ INFO ] [CarritoController:105] Productos rellenados
[2021-11-12 12:28:48] [ INFO ] [CarritoController:105] Productos rellenados
[2021-11-12 12:28:48] [ INFO ] [CarritoController:105] Productos rellenados
[2021-11-12 12:28:48] [ INFO ] [CarritoController:105] Productos rellenados
[2021-11-12 12:28:55] [ INFO ] [CarritoController:105] Productos rellenados
[2021-11-12 12:28:55] [ INFO ] [CarritoController:105] Productos rellenados
[2021-11-12 12:28:55] [ INFO ] [CarritoController:105] Productos rellenados
[2021-11-12 12:28:55] [ INFO ] [CarritoController:105] Productos rellenados
[2021-11-12 12:28:55] [ INFO ] [CarritoController:105] Productos rellenados
[2021-11-12 12:47:43] [ INFO ] [CarritoController:89] El carrito se ha iniciado
[2021-11-12 12:47:43] [ INFO ] [CarritoController:105] Productos rellenados
[2021-11-12 12:47:43] [ INFO ] [CarritoController:105] Productos rellenados
[2021-11-12 12:47:43] [ INFO ] [CarritoController:105] Productos rellenados
[2021-11-12 12:47:43] [ INFO ] [CarritoController:105] Productos rellenados
[2021-11-12 12:47:43] [ INFO ] [CarritoController:105] Productos rellenados
[2021-11-12 12:48:38] [ INFO ] [CarritoController:89] El carrito se ha iniciado
[2021-11-12 12:48:38] [ INFO ] [CarritoController:105] Productos rellenados
[2021-11-12 12:48:38] [ INFO ] [CarritoController:105] Productos rellenados
[2021-11-12 12:48:38] [ INFO ] [CarritoController:105] Productos rellenados
[2021-11-12 12:48:38] [ INFO ] [CarritoController:105] Productos rellenados
[2021-11-12 12:48:38] [ INFO ] [CarritoController:105] Productos rellenados
[2021-11-12 12:52:19] [ INFO ] [CarritoController:105] Productos rellenados
[2021-11-12 12:52:19] [ INFO ] [CarritoController:105] Productos rellenados
[2021-11-12 12:52:19] [ INFO ] [CarritoController:105] Productos rellenados
[2021-11-12 12:52:19] [ INFO ] [CarritoController:105] Productos rellenados
[2021-11-12 12:52:19] [ INFO ] [CarritoController:105] Productos rellenados
[2021-11-12 12:52:28] [ INFO ] [CarritoController:105] Productos rellenados
[2021-11-12 12:52:28] [ INFO ] [CarritoController:105] Productos rellenados
[2021-11-12 12:52:28] [ INFO ] [CarritoController:105] Productos rellenados
[2021-11-12 12:52:28] [ INFO ] [CarritoController:105] Productos rellenados
[2021-11-12 12:52:28] [ INFO ] [CarritoController:105] Productos rellenados
[2021-11-12 12:52:29] [ INFO ] [CarritoController:59] no esta vacio
[2021-11-12 12:52:29] [ INFO ] [CarritoController:105] Productos rellenados
[2021-11-12 12:52:29] [ INFO ] [CarritoController:105] Productos rellenados
[2021-11-12 12:52:29] [ INFO ] [CarritoController:105] Productos rellenados
[2021-11-12 12:52:29] [ INFO ] [CarritoController:105] Productos rellenados
[2021-11-12 12:52:29] [ INFO ] [CarritoController:105] Productos rellenados
[2021-11-12 12:52:30] [ INFO ] [CarritoController:59] no esta vacio
[2021-11-12 12:52:30] [ INFO ] [CarritoController:105] Productos rellenados
[2021-11-12 12:52:30] [ INFO ] [CarritoController:105] Productos rellenados
[2021-11-12 12:52:30] [ INFO ] [CarritoController:105] Productos rellenados
[2021-11-12 12:52:30] [ INFO ] [CarritoController:105] Productos rellenados
[2021-11-12 12:52:30] [ INFO ] [CarritoController:105] Productos rellenados
[2021-11-12 12:52:32] [ INFO ] [CarritoController:59] no esta vacio
[2021-11-12 12:52:32] [ INFO ] [CarritoController:105] Productos rellenados
[2021-11-12 12:52:32] [ INFO ] [CarritoController:105] Productos rellenados
[2021-11-12 12:52:32] [ INFO ] [CarritoController:105] Productos rellenados
[2021-11-12 12:52:32] [ INFO ] [CarritoController:105] Productos rellenados
[2021-11-12 12:52:32] [ INFO ] [CarritoController:105] Productos rellenados
[2021-11-12 12:52:34] [ INFO ] [CarritoController:162] El usuario no esta logueado
[2021-11-12 12:52:36] [ INFO ] [CarritoController:105] Productos rellenados
[2021-11-12 12:52:36] [ INFO ] [CarritoController:105] Productos rellenados
[2021-11-12 12:52:36] [ INFO ] [CarritoController:105] Productos rellenados
[2021-11-12 12:52:36] [ INFO ] [CarritoController:105] Productos rellenados
[2021-11-12 12:52:36] [ INFO ] [CarritoController:105] Productos rellenados
[2021-11-12 13:25:25] [ INFO ] [CarritoController:89] El carrito se ha iniciado
[2021-11-12 13:25:25] [ INFO ] [CarritoController:105] Productos rellenados
[2021-11-12 13:25:25] [ INFO ] [CarritoController:105] Productos rellenados
[2021-11-12 13:25:25] [ INFO ] [CarritoController:105] Productos rellenados
[2021-11-12 13:25:25] [ INFO ] [CarritoController:105] Productos rellenados
[2021-11-12 13:25:25] [ INFO ] [CarritoController:105] Productos rellenados
[2021-11-12 13:25:28] [ INFO ] [CarritoController:59] no esta vacio
[2021-11-12 13:25:28] [ INFO ] [CarritoController:105] Productos rellenados
[2021-11-12 13:25:28] [ INFO ] [CarritoController:105] Productos rellenados
[2021-11-12 13:25:28] [ INFO ] [CarritoController:105] Productos rellenados
[2021-11-12 13:25:28] [ INFO ] [CarritoController:105] Productos rellenados
[2021-11-12 13:25:28] [ INFO ] [CarritoController:105] Productos rellenados
[2021-11-12 13:25:29] [ INFO ] [CarritoController:59] no esta vacio
[2021-11-12 13:25:29] [ INFO ] [CarritoController:71] Producto sumado al carrito
[2021-11-12 13:25:29] [ INFO ] [CarritoController:105] Productos rellenados
[2021-11-12 13:25:29] [ INFO ] [CarritoController:105] Productos rellenados
[2021-11-12 13:25:29] [ INFO ] [CarritoController:105] Productos rellenados
[2021-11-12 13:25:29] [ INFO ] [CarritoController:105] Productos rellenados
[2021-11-12 13:25:29] [ INFO ] [CarritoController:105] Productos rellenados
[2021-11-12 13:25:31] [ INFO ] [CarritoController:162] El usuario no esta logueado
[2021-11-12 13:25:33] [ INFO ] [CarritoController:105] Productos rellenados
[2021-11-12 13:25:33] [ INFO ] [CarritoController:105] Productos rellenados
[2021-11-12 13:25:33] [ INFO ] [CarritoController:105] Productos rellenados
[2021-11-12 13:25:33] [ INFO ] [CarritoController:105] Productos rellenados
[2021-11-12 13:25:33] [ INFO ] [CarritoController:105] Productos rellenados
[2021-11-12 13:25:34] [ INFO ] [CarritoController:89] El carrito se ha iniciado
[2021-11-12 13:25:34] [ INFO ] [CarritoController:105] Productos rellenados
[2021-11-12 13:25:34] [ INFO ] [CarritoController:105] Productos rellenados
[2021-11-12 13:25:34] [ INFO ] [CarritoController:105] Productos rellenados
[2021-11-12 13:25:34] [ INFO ] [CarritoController:105] Productos rellenados
[2021-11-12 13:25:34] [ INFO ] [CarritoController:105] Productos rellenados
[2021-11-12 13:25:45] [ INFO ] [CarritoController:105] Productos rellenados
[2021-11-12 13:25:45] [ INFO ] [CarritoController:105] Productos rellenados
[2021-11-12 13:25:45] [ INFO ] [CarritoController:105] Productos rellenados
[2021-11-12 13:25:45] [ INFO ] [CarritoController:105] Productos rellenados
[2021-11-12 13:25:45] [ INFO ] [CarritoController:105] Productos rellenados
[2021-11-12 13:25:56] [ INFO ] [CarritoController:89] El carrito se ha iniciado
[2021-11-12 13:25:56] [ INFO ] [CarritoController:105] Productos rellenados
[2021-11-12 13:25:56] [ INFO ] [CarritoController:105] Productos rellenados
[2021-11-12 13:25:56] [ INFO ] [CarritoController:105] Productos rellenados
[2021-11-12 13:25:56] [ INFO ] [CarritoController:105] Productos rellenados
[2021-11-12 13:25:56] [ INFO ] [CarritoController:105] Productos rellenados
[2021-11-12 13:26:09] [ INFO ] [CarritoController:105] Productos rellenados
[2021-11-12 13:26:09] [ INFO ] [CarritoController:105] Productos rellenados
[2021-11-12 13:26:09] [ INFO ] [CarritoController:105] Productos rellenados
[2021-11-12 13:26:09] [ INFO ] [CarritoController:105] Productos rellenados
[2021-11-12 13:26:09] [ INFO ] [CarritoController:105] Productos rellenados
[2021-11-12 13:48:32] [ INFO ] [CarritoController:89] El carrito se ha iniciado
[2021-11-12 13:48:32] [ INFO ] [CarritoController:105] Productos rellenados
[2021-11-12 13:48:32] [ INFO ] [CarritoController:105] Productos rellenados
[2021-11-12 13:48:32] [ INFO ] [CarritoController:105] Productos rellenados
[2021-11-12 13:48:32] [ INFO ] [CarritoController:105] Productos rellenados
[2021-11-12 13:48:32] [ INFO ] [CarritoController:105] Productos rellenados
[2021-11-12 13:48:39] [ INFO ] [CarritoController:105] Productos rellenados
[2021-11-12 13:48:40] [ INFO ] [CarritoController:105] Productos rellenados
[2021-11-12 13:48:40] [ INFO ] [CarritoController:105] Productos rellenados
[2021-11-12 13:48:40] [ INFO ] [CarritoController:105] Productos rellenados
[2021-11-12 13:48:40] [ INFO ] [CarritoController:105] Productos rellenados
[2021-11-12 13:50:22] [ INFO ] [CarritoController:105] Productos rellenados
[2021-11-12 13:50:22] [ INFO ] [CarritoController:105] Productos rellenados
[2021-11-12 13:50:22] [ INFO ] [CarritoController:105] Productos rellenados
[2021-11-12 13:50:22] [ INFO ] [CarritoController:105] Productos rellenados
[2021-11-12 13:50:22] [ INFO ] [CarritoController:105] Productos rellenados
