[2021-11-16 09:12:22] [ INFO ] [CarritoController:112] El carrito se ha iniciado
[2021-11-16 09:12:22] [ INFO ] [CarritoController:134] Productos rellenados
[2021-11-16 09:12:22] [ INFO ] [CarritoController:134] Productos rellenados
[2021-11-16 09:12:22] [ INFO ] [CarritoController:134] Productos rellenados
[2021-11-16 09:12:22] [ INFO ] [CarritoController:134] Productos rellenados
[2021-11-16 09:12:22] [ INFO ] [CarritoController:134] Productos rellenados
[2021-11-16 09:12:22] [ INFO ] [CarritoController:134] Productos rellenados
[2021-11-16 09:12:22] [ INFO ] [CarritoController:134] Productos rellenados
[2021-11-16 09:12:22] [ INFO ] [CarritoController:134] Productos rellenados
[2021-11-16 09:13:36] [ INFO ] [CarritoController:134] Productos rellenados
[2021-11-16 09:13:36] [ INFO ] [CarritoController:134] Productos rellenados
[2021-11-16 09:13:36] [ INFO ] [CarritoController:134] Productos rellenados
[2021-11-16 09:13:36] [ INFO ] [CarritoController:134] Productos rellenados
[2021-11-16 09:13:36] [ INFO ] [CarritoController:134] Productos rellenados
[2021-11-16 09:13:36] [ INFO ] [CarritoController:134] Productos rellenados
[2021-11-16 09:13:36] [ INFO ] [CarritoController:134] Productos rellenados
[2021-11-16 09:13:36] [ INFO ] [CarritoController:134] Productos rellenados
[2021-11-16 10:06:50] [ INFO ] [CarritoController:112] El carrito se ha iniciado
[2021-11-16 10:06:50] [ INFO ] [CarritoController:134] Productos rellenados
[2021-11-16 10:06:50] [ INFO ] [CarritoController:134] Productos rellenados
[2021-11-16 10:06:50] [ INFO ] [CarritoController:134] Productos rellenados
[2021-11-16 10:06:50] [ INFO ] [CarritoController:134] Productos rellenados
[2021-11-16 10:06:50] [ INFO ] [CarritoController:134] Productos rellenados
[2021-11-16 10:06:50] [ INFO ] [CarritoController:134] Productos rellenados
[2021-11-16 10:06:50] [ INFO ] [CarritoController:134] Productos rellenados
[2021-11-16 10:06:50] [ INFO ] [CarritoController:134] Productos rellenados
[2021-11-16 10:07:01] [ INFO ] [CarritoController:134] Productos rellenados
[2021-11-16 10:07:01] [ INFO ] [CarritoController:134] Productos rellenados
[2021-11-16 10:07:01] [ INFO ] [CarritoController:134] Productos rellenados
[2021-11-16 10:07:01] [ INFO ] [CarritoController:134] Productos rellenados
[2021-11-16 10:07:01] [ INFO ] [CarritoController:134] Productos rellenados
[2021-11-16 10:07:01] [ INFO ] [CarritoController:134] Productos rellenados
[2021-11-16 10:07:01] [ INFO ] [CarritoController:134] Productos rellenados
[2021-11-16 10:07:01] [ INFO ] [CarritoController:134] Productos rellenados
[2021-11-16 10:07:17] [ INFO ] [PedidosController:306] pdf creado
[2021-11-16 10:07:41] [ INFO ] [CarritoController:134] Productos rellenados
[2021-11-16 10:07:41] [ INFO ] [CarritoController:134] Productos rellenados
[2021-11-16 10:07:41] [ INFO ] [CarritoController:134] Productos rellenados
[2021-11-16 10:07:41] [ INFO ] [CarritoController:134] Productos rellenados
[2021-11-16 10:07:41] [ INFO ] [CarritoController:134] Productos rellenados
[2021-11-16 10:07:41] [ INFO ] [CarritoController:134] Productos rellenados
[2021-11-16 10:07:41] [ INFO ] [CarritoController:134] Productos rellenados
[2021-11-16 10:07:41] [ INFO ] [CarritoController:134] Productos rellenados
[2021-11-16 10:07:44] [ INFO ] [CarritoController:134] Productos rellenados
[2021-11-16 10:07:44] [ INFO ] [CarritoController:134] Productos rellenados
[2021-11-16 10:07:44] [ INFO ] [CarritoController:134] Productos rellenados
[2021-11-16 10:07:44] [ INFO ] [CarritoController:134] Productos rellenados
[2021-11-16 10:07:44] [ INFO ] [CarritoController:134] Productos rellenados
[2021-11-16 10:07:44] [ INFO ] [CarritoController:134] Productos rellenados
[2021-11-16 10:07:44] [ INFO ] [CarritoController:134] Productos rellenados
[2021-11-16 10:07:44] [ INFO ] [CarritoController:134] Productos rellenados
[2021-11-16 10:08:44] [ INFO ] [CarritoController:112] El carrito se ha iniciado
[2021-11-16 10:08:44] [ INFO ] [CarritoController:134] Productos rellenados
[2021-11-16 10:08:44] [ INFO ] [CarritoController:134] Productos rellenados
[2021-11-16 10:08:44] [ INFO ] [CarritoController:134] Productos rellenados
[2021-11-16 10:08:44] [ INFO ] [CarritoController:134] Productos rellenados
[2021-11-16 10:08:45] [ INFO ] [CarritoController:134] Productos rellenados
[2021-11-16 10:08:45] [ INFO ] [CarritoController:134] Productos rellenados
[2021-11-16 10:08:45] [ INFO ] [CarritoController:134] Productos rellenados
[2021-11-16 10:08:45] [ INFO ] [CarritoController:134] Productos rellenados
[2021-11-16 10:20:24] [ INFO ] [CarritoController:112] El carrito se ha iniciado
[2021-11-16 10:20:24] [ INFO ] [CarritoController:134] Productos rellenados
[2021-11-16 10:20:24] [ INFO ] [CarritoController:134] Productos rellenados
[2021-11-16 10:20:24] [ INFO ] [CarritoController:134] Productos rellenados
[2021-11-16 10:20:24] [ INFO ] [CarritoController:134] Productos rellenados
[2021-11-16 10:20:24] [ INFO ] [CarritoController:134] Productos rellenados
[2021-11-16 10:20:24] [ INFO ] [CarritoController:134] Productos rellenados
[2021-11-16 10:20:24] [ INFO ] [CarritoController:134] Productos rellenados
[2021-11-16 10:20:24] [ INFO ] [CarritoController:134] Productos rellenados
[2021-11-16 10:26:28] [ INFO ] [CarritoController:112] El carrito se ha iniciado
[2021-11-16 10:26:28] [ INFO ] [CarritoController:134] Productos rellenados
[2021-11-16 10:26:28] [ INFO ] [CarritoController:134] Productos rellenados
[2021-11-16 10:26:28] [ INFO ] [CarritoController:134] Productos rellenados
[2021-11-16 10:26:28] [ INFO ] [CarritoController:134] Productos rellenados
[2021-11-16 10:26:28] [ INFO ] [CarritoController:134] Productos rellenados
[2021-11-16 10:26:28] [ INFO ] [CarritoController:134] Productos rellenados
[2021-11-16 10:26:28] [ INFO ] [CarritoController:134] Productos rellenados
[2021-11-16 10:26:28] [ INFO ] [CarritoController:134] Productos rellenados
[2021-11-16 10:26:32] [ INFO ] [CarritoController:112] El carrito se ha iniciado
[2021-11-16 10:26:32] [ INFO ] [CarritoController:134] Productos rellenados
[2021-11-16 10:26:32] [ INFO ] [CarritoController:134] Productos rellenados
[2021-11-16 10:26:32] [ INFO ] [CarritoController:134] Productos rellenados
[2021-11-16 10:26:32] [ INFO ] [CarritoController:134] Productos rellenados
[2021-11-16 10:26:32] [ INFO ] [CarritoController:134] Productos rellenados
[2021-11-16 10:26:32] [ INFO ] [CarritoController:134] Productos rellenados
[2021-11-16 10:26:32] [ INFO ] [CarritoController:134] Productos rellenados
[2021-11-16 10:26:32] [ INFO ] [CarritoController:134] Productos rellenados
[2021-11-16 10:27:20] [ INFO ] [CarritoController:134] Productos rellenados
[2021-11-16 10:27:20] [ INFO ] [CarritoController:134] Productos rellenados
[2021-11-16 10:27:20] [ INFO ] [CarritoController:134] Productos rellenados
[2021-11-16 10:27:20] [ INFO ] [CarritoController:134] Productos rellenados
[2021-11-16 10:27:20] [ INFO ] [CarritoController:134] Productos rellenados
[2021-11-16 10:27:20] [ INFO ] [CarritoController:134] Productos rellenados
[2021-11-16 10:27:20] [ INFO ] [CarritoController:134] Productos rellenados
[2021-11-16 10:27:20] [ INFO ] [CarritoController:134] Productos rellenados
[2021-11-16 10:27:41] [ INFO ] [CarritoController:112] El carrito se ha iniciado
[2021-11-16 10:27:41] [ INFO ] [CarritoController:134] Productos rellenados
[2021-11-16 10:27:41] [ INFO ] [CarritoController:134] Productos rellenados
[2021-11-16 10:27:41] [ INFO ] [CarritoController:134] Productos rellenados
[2021-11-16 10:27:41] [ INFO ] [CarritoController:134] Productos rellenados
[2021-11-16 10:27:41] [ INFO ] [CarritoController:134] Productos rellenados
[2021-11-16 10:27:41] [ INFO ] [CarritoController:134] Productos rellenados
[2021-11-16 10:27:41] [ INFO ] [CarritoController:134] Productos rellenados
[2021-11-16 10:27:41] [ INFO ] [CarritoController:134] Productos rellenados
[2021-11-16 10:45:42] [ INFO ] [CarritoController:112] El carrito se ha iniciado
[2021-11-16 10:45:42] [ INFO ] [CarritoController:134] Productos rellenados
[2021-11-16 10:45:42] [ INFO ] [CarritoController:134] Productos rellenados
[2021-11-16 10:45:42] [ INFO ] [CarritoController:134] Productos rellenados
[2021-11-16 10:45:42] [ INFO ] [CarritoController:134] Productos rellenados
[2021-11-16 10:45:42] [ INFO ] [CarritoController:134] Productos rellenados
[2021-11-16 10:45:42] [ INFO ] [CarritoController:134] Productos rellenados
[2021-11-16 10:45:42] [ INFO ] [CarritoController:134] Productos rellenados
[2021-11-16 10:45:42] [ INFO ] [CarritoController:134] Productos rellenados
[2021-11-16 10:45:57] [ INFO ] [CarritoController:134] Productos rellenados
[2021-11-16 10:45:57] [ INFO ] [CarritoController:134] Productos rellenados
[2021-11-16 10:45:57] [ INFO ] [CarritoController:134] Productos rellenados
[2021-11-16 10:45:57] [ INFO ] [CarritoController:134] Productos rellenados
[2021-11-16 10:45:57] [ INFO ] [CarritoController:134] Productos rellenados
[2021-11-16 10:45:57] [ INFO ] [CarritoController:134] Productos rellenados
[2021-11-16 10:45:57] [ INFO ] [CarritoController:134] Productos rellenados
[2021-11-16 10:45:57] [ INFO ] [CarritoController:134] Productos rellenados
[2021-11-16 10:46:59] [ INFO ] [CarritoController:134] Productos rellenados
[2021-11-16 10:46:59] [ INFO ] [CarritoController:134] Productos rellenados
[2021-11-16 10:46:59] [ INFO ] [CarritoController:134] Productos rellenados
[2021-11-16 10:46:59] [ INFO ] [CarritoController:134] Productos rellenados
[2021-11-16 10:46:59] [ INFO ] [CarritoController:134] Productos rellenados
[2021-11-16 10:46:59] [ INFO ] [CarritoController:134] Productos rellenados
[2021-11-16 10:46:59] [ INFO ] [CarritoController:134] Productos rellenados
[2021-11-16 10:46:59] [ INFO ] [CarritoController:134] Productos rellenados
[2021-11-16 10:47:52] [ INFO ] [CarritoController:134] Productos rellenados
[2021-11-16 10:47:52] [ INFO ] [CarritoController:134] Productos rellenados
[2021-11-16 10:47:52] [ INFO ] [CarritoController:134] Productos rellenados
[2021-11-16 10:47:52] [ INFO ] [CarritoController:134] Productos rellenados
[2021-11-16 10:47:52] [ INFO ] [CarritoController:134] Productos rellenados
[2021-11-16 10:47:52] [ INFO ] [CarritoController:134] Productos rellenados
[2021-11-16 10:47:52] [ INFO ] [CarritoController:134] Productos rellenados
[2021-11-16 10:47:52] [ INFO ] [CarritoController:134] Productos rellenados
[2021-11-16 10:48:02] [ INFO ] [CarritoController:112] El carrito se ha iniciado
[2021-11-16 10:48:02] [ INFO ] [CarritoController:134] Productos rellenados
[2021-11-16 10:48:02] [ INFO ] [CarritoController:134] Productos rellenados
[2021-11-16 10:48:02] [ INFO ] [CarritoController:134] Productos rellenados
[2021-11-16 10:48:02] [ INFO ] [CarritoController:134] Productos rellenados
[2021-11-16 10:48:02] [ INFO ] [CarritoController:134] Productos rellenados
[2021-11-16 10:48:02] [ INFO ] [CarritoController:134] Productos rellenados
[2021-11-16 10:48:02] [ INFO ] [CarritoController:134] Productos rellenados
[2021-11-16 10:48:02] [ INFO ] [CarritoController:134] Productos rellenados
[2021-11-16 12:26:53] [ INFO ] [CarritoController:112] El carrito se ha iniciado
[2021-11-16 12:26:53] [ INFO ] [CarritoController:134] Productos rellenados
[2021-11-16 12:26:53] [ INFO ] [CarritoController:134] Productos rellenados
[2021-11-16 12:26:53] [ INFO ] [CarritoController:134] Productos rellenados
[2021-11-16 12:26:53] [ INFO ] [CarritoController:134] Productos rellenados
[2021-11-16 12:26:53] [ INFO ] [CarritoController:134] Productos rellenados
[2021-11-16 12:26:53] [ INFO ] [CarritoController:134] Productos rellenados
[2021-11-16 12:26:53] [ INFO ] [CarritoController:134] Productos rellenados
[2021-11-16 12:26:53] [ INFO ] [CarritoController:134] Productos rellenados
[2021-11-16 12:26:55] [ INFO ] [CarritoController:134] Productos rellenados
[2021-11-16 12:26:55] [ INFO ] [CarritoController:134] Productos rellenados
[2021-11-16 12:26:55] [ INFO ] [CarritoController:134] Productos rellenados
[2021-11-16 12:26:55] [ INFO ] [CarritoController:134] Productos rellenados
[2021-11-16 12:26:55] [ INFO ] [CarritoController:134] Productos rellenados
[2021-11-16 12:26:55] [ INFO ] [CarritoController:134] Productos rellenados
[2021-11-16 12:26:55] [ INFO ] [CarritoController:134] Productos rellenados
[2021-11-16 12:26:55] [ INFO ] [CarritoController:134] Productos rellenados
[2021-11-16 12:26:55] [ INFO ] [CarritoController:198] Busqueda por precio
[2021-11-16 12:26:58] [ INFO ] [CarritoController:134] Productos rellenados
[2021-11-16 12:26:58] [ INFO ] [CarritoController:134] Productos rellenados
[2021-11-16 12:26:58] [ INFO ] [CarritoController:134] Productos rellenados
[2021-11-16 12:26:58] [ INFO ] [CarritoController:134] Productos rellenados
[2021-11-16 12:26:58] [ INFO ] [CarritoController:134] Productos rellenados
[2021-11-16 12:26:58] [ INFO ] [CarritoController:134] Productos rellenados
[2021-11-16 12:26:58] [ INFO ] [CarritoController:134] Productos rellenados
[2021-11-16 12:26:58] [ INFO ] [CarritoController:134] Productos rellenados
[2021-11-16 12:26:59] [ INFO ] [CarritoController:134] Productos rellenados
[2021-11-16 12:26:59] [ INFO ] [CarritoController:134] Productos rellenados
[2021-11-16 12:26:59] [ INFO ] [CarritoController:180] Busqueda por categoria
[2021-11-16 12:27:01] [ INFO ] [CarritoController:134] Productos rellenados
[2021-11-16 12:27:01] [ INFO ] [CarritoController:134] Productos rellenados
[2021-11-16 12:27:01] [ INFO ] [CarritoController:180] Busqueda por categoria
[2021-11-16 12:27:03] [ INFO ] [CarritoController:134] Productos rellenados
[2021-11-16 12:27:03] [ INFO ] [CarritoController:134] Productos rellenados
[2021-11-16 12:27:03] [ INFO ] [CarritoController:134] Productos rellenados
[2021-11-16 12:27:03] [ INFO ] [CarritoController:134] Productos rellenados
[2021-11-16 12:27:03] [ INFO ] [CarritoController:134] Productos rellenados
[2021-11-16 12:27:03] [ INFO ] [CarritoController:134] Productos rellenados
[2021-11-16 12:27:03] [ INFO ] [CarritoController:134] Productos rellenados
[2021-11-16 12:27:03] [ INFO ] [CarritoController:134] Productos rellenados
[2021-11-16 12:27:04] [ INFO ] [CarritoController:134] Productos rellenados
[2021-11-16 12:27:04] [ INFO ] [CarritoController:134] Productos rellenados
[2021-11-16 12:27:04] [ INFO ] [CarritoController:134] Productos rellenados
[2021-11-16 12:27:04] [ INFO ] [CarritoController:134] Productos rellenados
[2021-11-16 12:27:04] [ INFO ] [CarritoController:134] Productos rellenados
[2021-11-16 12:27:04] [ INFO ] [CarritoController:134] Productos rellenados
[2021-11-16 12:27:04] [ INFO ] [CarritoController:134] Productos rellenados
[2021-11-16 12:27:04] [ INFO ] [CarritoController:134] Productos rellenados
[2021-11-16 12:27:04] [ INFO ] [CarritoController:198] Busqueda por precio
[2021-11-16 12:27:08] [ INFO ] [CarritoController:134] Productos rellenados
[2021-11-16 12:27:08] [ INFO ] [CarritoController:134] Productos rellenados
[2021-11-16 12:27:08] [ INFO ] [CarritoController:180] Busqueda por categoria
[2021-11-16 12:27:14] [ INFO ] [CarritoController:134] Productos rellenados
[2021-11-16 12:27:14] [ INFO ] [CarritoController:134] Productos rellenados
[2021-11-16 12:27:14] [ INFO ] [CarritoController:134] Productos rellenados
[2021-11-16 12:27:14] [ INFO ] [CarritoController:134] Productos rellenados
[2021-11-16 12:27:14] [ INFO ] [CarritoController:134] Productos rellenados
[2021-11-16 12:27:14] [ INFO ] [CarritoController:134] Productos rellenados
[2021-11-16 12:27:14] [ INFO ] [CarritoController:134] Productos rellenados
[2021-11-16 12:27:14] [ INFO ] [CarritoController:134] Productos rellenados
[2021-11-16 12:29:33] [ INFO ] [CarritoController:112] El carrito se ha iniciado
[2021-11-16 12:29:33] [ INFO ] [CarritoController:134] Productos rellenados
[2021-11-16 12:29:33] [ INFO ] [CarritoController:134] Productos rellenados
[2021-11-16 12:29:33] [ INFO ] [CarritoController:134] Productos rellenados
[2021-11-16 12:29:33] [ INFO ] [CarritoController:134] Productos rellenados
[2021-11-16 12:29:33] [ INFO ] [CarritoController:134] Productos rellenados
[2021-11-16 12:29:33] [ INFO ] [CarritoController:134] Productos rellenados
[2021-11-16 12:29:33] [ INFO ] [CarritoController:134] Productos rellenados
[2021-11-16 12:29:33] [ INFO ] [CarritoController:134] Productos rellenados
[2021-11-16 12:29:34] [ INFO ] [CarritoController:59] no esta vacio
[2021-11-16 12:29:34] [ INFO ] [CarritoController:134] Productos rellenados
[2021-11-16 12:29:34] [ INFO ] [CarritoController:134] Productos rellenados
[2021-11-16 12:29:34] [ INFO ] [CarritoController:134] Productos rellenados
[2021-11-16 12:29:34] [ INFO ] [CarritoController:134] Productos rellenados
[2021-11-16 12:29:34] [ INFO ] [CarritoController:134] Productos rellenados
[2021-11-16 12:29:34] [ INFO ] [CarritoController:134] Productos rellenados
[2021-11-16 12:29:34] [ INFO ] [CarritoController:134] Productos rellenados
[2021-11-16 12:29:34] [ INFO ] [CarritoController:134] Productos rellenados
[2021-11-16 12:29:35] [ INFO ] [CarritoController:59] no esta vacio
[2021-11-16 12:29:35] [ INFO ] [CarritoController:73] Producto sumado al carrito
[2021-11-16 12:29:35] [ INFO ] [CarritoController:134] Productos rellenados
[2021-11-16 12:29:35] [ INFO ] [CarritoController:134] Productos rellenados
[2021-11-16 12:29:35] [ INFO ] [CarritoController:134] Productos rellenados
[2021-11-16 12:29:35] [ INFO ] [CarritoController:134] Productos rellenados
[2021-11-16 12:29:35] [ INFO ] [CarritoController:134] Productos rellenados
[2021-11-16 12:29:35] [ INFO ] [CarritoController:134] Productos rellenados
[2021-11-16 12:29:35] [ INFO ] [CarritoController:134] Productos rellenados
[2021-11-16 12:29:35] [ INFO ] [CarritoController:134] Productos rellenados
[2021-11-16 12:29:38] [ INFO ] [CarritoController:164] El usuario no esta logueado
[2021-11-16 12:29:44] [ INFO ] [CarritoController:164] El usuario no esta logueado
[2021-11-16 12:29:50] [ INFO ] [CarritoController:164] El usuario no esta logueado
[2021-11-16 12:30:09] [ INFO ] [CarritoController:164] El usuario no esta logueado
[2021-11-16 12:30:17] [ INFO ] [CarritoController:164] El usuario no esta logueado
[2021-11-16 12:30:29] [ INFO ] [CarritoController:134] Productos rellenados
[2021-11-16 12:30:29] [ INFO ] [CarritoController:134] Productos rellenados
[2021-11-16 12:30:29] [ INFO ] [CarritoController:134] Productos rellenados
[2021-11-16 12:30:29] [ INFO ] [CarritoController:134] Productos rellenados
[2021-11-16 12:30:29] [ INFO ] [CarritoController:134] Productos rellenados
[2021-11-16 12:30:29] [ INFO ] [CarritoController:134] Productos rellenados
[2021-11-16 12:30:29] [ INFO ] [CarritoController:134] Productos rellenados
[2021-11-16 12:30:29] [ INFO ] [CarritoController:134] Productos rellenados
[2021-11-16 12:30:32] [ INFO ] [CarritoController:164] El usuario no esta logueado
[2021-11-16 12:30:36] [ INFO ] [CarritoController:112] El carrito se ha iniciado
[2021-11-16 12:30:36] [ INFO ] [CarritoController:134] Productos rellenados
[2021-11-16 12:30:36] [ INFO ] [CarritoController:134] Productos rellenados
[2021-11-16 12:30:36] [ INFO ] [CarritoController:134] Productos rellenados
[2021-11-16 12:30:36] [ INFO ] [CarritoController:134] Productos rellenados
[2021-11-16 12:30:36] [ INFO ] [CarritoController:134] Productos rellenados
[2021-11-16 12:30:36] [ INFO ] [CarritoController:134] Productos rellenados
[2021-11-16 12:30:36] [ INFO ] [CarritoController:134] Productos rellenados
[2021-11-16 12:30:36] [ INFO ] [CarritoController:134] Productos rellenados
[2021-11-16 12:30:39] [ INFO ] [CarritoController:134] Productos rellenados
[2021-11-16 12:30:39] [ INFO ] [CarritoController:134] Productos rellenados
[2021-11-16 12:30:39] [ INFO ] [CarritoController:134] Productos rellenados
[2021-11-16 12:30:39] [ INFO ] [CarritoController:134] Productos rellenados
[2021-11-16 12:30:39] [ INFO ] [CarritoController:134] Productos rellenados
[2021-11-16 12:30:39] [ INFO ] [CarritoController:134] Productos rellenados
[2021-11-16 12:30:39] [ INFO ] [CarritoController:134] Productos rellenados
[2021-11-16 12:30:39] [ INFO ] [CarritoController:134] Productos rellenados
[2021-11-16 12:30:40] [ INFO ] [CarritoController:59] no esta vacio
[2021-11-16 12:30:40] [ INFO ] [CarritoController:134] Productos rellenados
[2021-11-16 12:30:40] [ INFO ] [CarritoController:134] Productos rellenados
[2021-11-16 12:30:40] [ INFO ] [CarritoController:134] Productos rellenados
[2021-11-16 12:30:40] [ INFO ] [CarritoController:134] Productos rellenados
[2021-11-16 12:30:40] [ INFO ] [CarritoController:134] Productos rellenados
[2021-11-16 12:30:40] [ INFO ] [CarritoController:134] Productos rellenados
[2021-11-16 12:30:40] [ INFO ] [CarritoController:134] Productos rellenados
[2021-11-16 12:30:40] [ INFO ] [CarritoController:134] Productos rellenados
[2021-11-16 12:30:42] [ INFO ] [CarritoController:59] no esta vacio
[2021-11-16 12:30:42] [ INFO ] [CarritoController:134] Productos rellenados
[2021-11-16 12:30:42] [ INFO ] [CarritoController:134] Productos rellenados
[2021-11-16 12:30:42] [ INFO ] [CarritoController:134] Productos rellenados
[2021-11-16 12:30:42] [ INFO ] [CarritoController:134] Productos rellenados
[2021-11-16 12:30:42] [ INFO ] [CarritoController:134] Productos rellenados
[2021-11-16 12:30:42] [ INFO ] [CarritoController:134] Productos rellenados
[2021-11-16 12:30:42] [ INFO ] [CarritoController:134] Productos rellenados
[2021-11-16 12:30:42] [ INFO ] [CarritoController:134] Productos rellenados
[2021-11-16 12:30:43] [ INFO ] [CarritoController:164] El usuario no esta logueado
[2021-11-16 12:31:37] [ INFO ] [CarritoController:164] El usuario no esta logueado
[2021-11-16 12:32:42] [ INFO ] [CarritoController:164] El usuario no esta logueado
[2021-11-16 12:32:50] [ INFO ] [CarritoController:164] El usuario no esta logueado
[2021-11-16 12:33:39] [ INFO ] [CarritoController:112] El carrito se ha iniciado
[2021-11-16 12:33:39] [ INFO ] [CarritoController:134] Productos rellenados
[2021-11-16 12:33:39] [ INFO ] [CarritoController:134] Productos rellenados
[2021-11-16 12:33:39] [ INFO ] [CarritoController:134] Productos rellenados
[2021-11-16 12:33:39] [ INFO ] [CarritoController:134] Productos rellenados
[2021-11-16 12:33:39] [ INFO ] [CarritoController:134] Productos rellenados
[2021-11-16 12:33:39] [ INFO ] [CarritoController:134] Productos rellenados
[2021-11-16 12:33:39] [ INFO ] [CarritoController:134] Productos rellenados
[2021-11-16 12:33:39] [ INFO ] [CarritoController:134] Productos rellenados
[2021-11-16 12:33:48] [ INFO ] [CarritoController:112] El carrito se ha iniciado
[2021-11-16 12:33:48] [ INFO ] [CarritoController:134] Productos rellenados
[2021-11-16 12:33:48] [ INFO ] [CarritoController:134] Productos rellenados
[2021-11-16 12:33:48] [ INFO ] [CarritoController:134] Productos rellenados
[2021-11-16 12:33:48] [ INFO ] [CarritoController:134] Productos rellenados
[2021-11-16 12:33:48] [ INFO ] [CarritoController:134] Productos rellenados
[2021-11-16 12:33:48] [ INFO ] [CarritoController:134] Productos rellenados
[2021-11-16 12:33:48] [ INFO ] [CarritoController:134] Productos rellenados
[2021-11-16 12:33:48] [ INFO ] [CarritoController:134] Productos rellenados
[2021-11-16 12:33:54] [ INFO ] [CarritoController:134] Productos rellenados
[2021-11-16 12:33:54] [ INFO ] [CarritoController:134] Productos rellenados
[2021-11-16 12:33:54] [ INFO ] [CarritoController:134] Productos rellenados
[2021-11-16 12:33:54] [ INFO ] [CarritoController:134] Productos rellenados
[2021-11-16 12:33:54] [ INFO ] [CarritoController:134] Productos rellenados
[2021-11-16 12:33:54] [ INFO ] [CarritoController:134] Productos rellenados
[2021-11-16 12:33:54] [ INFO ] [CarritoController:134] Productos rellenados
[2021-11-16 12:33:54] [ INFO ] [CarritoController:134] Productos rellenados
[2021-11-16 12:34:06] [ INFO ] [CarritoController:112] El carrito se ha iniciado
[2021-11-16 12:34:06] [ INFO ] [CarritoController:134] Productos rellenados
[2021-11-16 12:34:06] [ INFO ] [CarritoController:134] Productos rellenados
[2021-11-16 12:34:06] [ INFO ] [CarritoController:134] Productos rellenados
[2021-11-16 12:34:06] [ INFO ] [CarritoController:134] Productos rellenados
[2021-11-16 12:34:06] [ INFO ] [CarritoController:134] Productos rellenados
[2021-11-16 12:34:06] [ INFO ] [CarritoController:134] Productos rellenados
[2021-11-16 12:34:06] [ INFO ] [CarritoController:134] Productos rellenados
[2021-11-16 12:34:06] [ INFO ] [CarritoController:134] Productos rellenados
[2021-11-16 12:34:23] [ INFO ] [CarritoController:59] no esta vacio
[2021-11-16 12:34:23] [ INFO ] [CarritoController:134] Productos rellenados
[2021-11-16 12:34:23] [ INFO ] [CarritoController:134] Productos rellenados
[2021-11-16 12:34:23] [ INFO ] [CarritoController:134] Productos rellenados
[2021-11-16 12:34:23] [ INFO ] [CarritoController:134] Productos rellenados
[2021-11-16 12:34:23] [ INFO ] [CarritoController:134] Productos rellenados
[2021-11-16 12:34:23] [ INFO ] [CarritoController:134] Productos rellenados
[2021-11-16 12:34:23] [ INFO ] [CarritoController:134] Productos rellenados
[2021-11-16 12:34:23] [ INFO ] [CarritoController:134] Productos rellenados
[2021-11-16 12:34:26] [ INFO ] [CarritoController:164] El usuario no esta logueado
[2021-11-16 12:35:15] [ INFO ] [CarritoController:112] El carrito se ha iniciado
[2021-11-16 12:35:15] [ INFO ] [CarritoController:134] Productos rellenados
[2021-11-16 12:35:15] [ INFO ] [CarritoController:134] Productos rellenados
[2021-11-16 12:35:15] [ INFO ] [CarritoController:134] Productos rellenados
[2021-11-16 12:35:15] [ INFO ] [CarritoController:134] Productos rellenados
[2021-11-16 12:35:15] [ INFO ] [CarritoController:134] Productos rellenados
[2021-11-16 12:35:15] [ INFO ] [CarritoController:134] Productos rellenados
[2021-11-16 12:35:15] [ INFO ] [CarritoController:134] Productos rellenados
[2021-11-16 12:35:15] [ INFO ] [CarritoController:134] Productos rellenados
[2021-11-16 12:35:17] [ INFO ] [CarritoController:112] El carrito se ha iniciado
[2021-11-16 12:35:17] [ INFO ] [CarritoController:134] Productos rellenados
[2021-11-16 12:35:17] [ INFO ] [CarritoController:134] Productos rellenados
[2021-11-16 12:35:17] [ INFO ] [CarritoController:134] Productos rellenados
[2021-11-16 12:35:17] [ INFO ] [CarritoController:134] Productos rellenados
[2021-11-16 12:35:17] [ INFO ] [CarritoController:134] Productos rellenados
[2021-11-16 12:35:17] [ INFO ] [CarritoController:134] Productos rellenados
[2021-11-16 12:35:17] [ INFO ] [CarritoController:134] Productos rellenados
[2021-11-16 12:35:17] [ INFO ] [CarritoController:134] Productos rellenados
[2021-11-16 12:35:22] [ INFO ] [CarritoController:134] Productos rellenados
[2021-11-16 12:35:22] [ INFO ] [CarritoController:134] Productos rellenados
[2021-11-16 12:35:22] [ INFO ] [CarritoController:134] Productos rellenados
[2021-11-16 12:35:22] [ INFO ] [CarritoController:134] Productos rellenados
[2021-11-16 12:35:22] [ INFO ] [CarritoController:134] Productos rellenados
[2021-11-16 12:35:22] [ INFO ] [CarritoController:134] Productos rellenados
[2021-11-16 12:35:22] [ INFO ] [CarritoController:134] Productos rellenados
[2021-11-16 12:35:22] [ INFO ] [CarritoController:134] Productos rellenados
[2021-11-16 12:35:23] [ INFO ] [CarritoController:59] no esta vacio
[2021-11-16 12:35:23] [ INFO ] [CarritoController:134] Productos rellenados
[2021-11-16 12:35:23] [ INFO ] [CarritoController:134] Productos rellenados
[2021-11-16 12:35:23] [ INFO ] [CarritoController:134] Productos rellenados
[2021-11-16 12:35:23] [ INFO ] [CarritoController:134] Productos rellenados
[2021-11-16 12:35:23] [ INFO ] [CarritoController:134] Productos rellenados
[2021-11-16 12:35:23] [ INFO ] [CarritoController:134] Productos rellenados
[2021-11-16 12:35:23] [ INFO ] [CarritoController:134] Productos rellenados
[2021-11-16 12:35:23] [ INFO ] [CarritoController:134] Productos rellenados
[2021-11-16 12:35:24] [ INFO ] [CarritoController:59] no esta vacio
[2021-11-16 12:35:24] [ INFO ] [CarritoController:134] Productos rellenados
[2021-11-16 12:35:24] [ INFO ] [CarritoController:134] Productos rellenados
[2021-11-16 12:35:24] [ INFO ] [CarritoController:134] Productos rellenados
[2021-11-16 12:35:24] [ INFO ] [CarritoController:134] Productos rellenados
[2021-11-16 12:35:24] [ INFO ] [CarritoController:134] Productos rellenados
[2021-11-16 12:35:24] [ INFO ] [CarritoController:134] Productos rellenados
[2021-11-16 12:35:24] [ INFO ] [CarritoController:134] Productos rellenados
[2021-11-16 12:35:24] [ INFO ] [CarritoController:134] Productos rellenados
[2021-11-16 12:35:28] [ INFO ] [CarritoController:164] El usuario no esta logueado
[2021-11-16 12:35:33] [ INFO ] [CarritoController:134] Productos rellenados
[2021-11-16 12:35:33] [ INFO ] [CarritoController:134] Productos rellenados
[2021-11-16 12:35:33] [ INFO ] [CarritoController:134] Productos rellenados
[2021-11-16 12:35:33] [ INFO ] [CarritoController:134] Productos rellenados
[2021-11-16 12:35:33] [ INFO ] [CarritoController:134] Productos rellenados
[2021-11-16 12:35:33] [ INFO ] [CarritoController:134] Productos rellenados
[2021-11-16 12:35:33] [ INFO ] [CarritoController:134] Productos rellenados
[2021-11-16 12:35:33] [ INFO ] [CarritoController:134] Productos rellenados
[2021-11-16 12:35:38] [ INFO ] [CarritoController:164] El usuario no esta logueado
[2021-11-16 12:35:40] [ INFO ] [CarritoController:134] Productos rellenados
[2021-11-16 12:35:40] [ INFO ] [CarritoController:134] Productos rellenados
[2021-11-16 12:35:40] [ INFO ] [CarritoController:134] Productos rellenados
[2021-11-16 12:35:40] [ INFO ] [CarritoController:134] Productos rellenados
[2021-11-16 12:35:40] [ INFO ] [CarritoController:134] Productos rellenados
[2021-11-16 12:35:40] [ INFO ] [CarritoController:134] Productos rellenados
[2021-11-16 12:35:40] [ INFO ] [CarritoController:134] Productos rellenados
[2021-11-16 12:35:40] [ INFO ] [CarritoController:134] Productos rellenados
