[2021-11-13 16:32:06] [ INFO ] [CarritoController:89] El carrito se ha iniciado
[2021-11-13 16:32:06] [ INFO ] [CarritoController:105] Productos rellenados
[2021-11-13 16:32:06] [ INFO ] [CarritoController:105] Productos rellenados
[2021-11-13 16:32:06] [ INFO ] [CarritoController:105] Productos rellenados
[2021-11-13 16:32:06] [ INFO ] [CarritoController:105] Productos rellenados
[2021-11-13 16:32:06] [ INFO ] [CarritoController:105] Productos rellenados
[2021-11-13 16:32:22] [ INFO ] [CarritoController:105] Productos rellenados
[2021-11-13 16:32:22] [ INFO ] [CarritoController:105] Productos rellenados
[2021-11-13 16:32:22] [ INFO ] [CarritoController:105] Productos rellenados
[2021-11-13 16:32:22] [ INFO ] [CarritoController:105] Productos rellenados
[2021-11-13 16:32:22] [ INFO ] [CarritoController:105] Productos rellenados
[2021-11-13 16:32:55] [ INFO ] [CarritoController:105] Productos rellenados
[2021-11-13 16:32:55] [ INFO ] [CarritoController:105] Productos rellenados
[2021-11-13 16:32:55] [ INFO ] [CarritoController:105] Productos rellenados
[2021-11-13 16:32:55] [ INFO ] [CarritoController:105] Productos rellenados
[2021-11-13 16:32:55] [ INFO ] [CarritoController:105] Productos rellenados
[2021-11-13 16:33:05] [ INFO ] [CarritoController:105] Productos rellenados
[2021-11-13 16:33:05] [ INFO ] [CarritoController:105] Productos rellenados
[2021-11-13 16:33:05] [ INFO ] [CarritoController:105] Productos rellenados
[2021-11-13 16:33:05] [ INFO ] [CarritoController:105] Productos rellenados
[2021-11-13 16:33:05] [ INFO ] [CarritoController:105] Productos rellenados
[2021-11-13 16:33:15] [ INFO ] [CarritoController:105] Productos rellenados
[2021-11-13 16:33:15] [ INFO ] [CarritoController:105] Productos rellenados
[2021-11-13 16:33:15] [ INFO ] [CarritoController:105] Productos rellenados
[2021-11-13 16:33:15] [ INFO ] [CarritoController:105] Productos rellenados
[2021-11-13 16:33:15] [ INFO ] [CarritoController:105] Productos rellenados
[2021-11-13 16:33:19] [ INFO ] [CarritoController:105] Productos rellenados
[2021-11-13 16:33:19] [ INFO ] [CarritoController:105] Productos rellenados
[2021-11-13 16:33:19] [ INFO ] [CarritoController:145] Busqueda por categoria
[2021-11-13 16:33:20] [ INFO ] [CarritoController:105] Productos rellenados
[2021-11-13 16:33:20] [ INFO ] [CarritoController:145] Busqueda por categoria
[2021-11-13 16:33:20] [ INFO ] [CarritoController:105] Productos rellenados
[2021-11-13 16:33:20] [ INFO ] [CarritoController:145] Busqueda por categoria
[2021-11-13 16:33:21] [ INFO ] [CarritoController:105] Productos rellenados
[2021-11-13 16:33:21] [ INFO ] [CarritoController:145] Busqueda por categoria
[2021-11-13 16:33:21] [ INFO ] [CarritoController:145] Busqueda por categoria
[2021-11-13 16:57:06] [ INFO ] [CarritoController:100] El carrito se ha iniciado
[2021-11-13 16:57:06] [ INFO ] [CarritoController:116] Productos rellenados
[2021-11-13 16:57:06] [ INFO ] [CarritoController:116] Productos rellenados
[2021-11-13 16:57:06] [ INFO ] [CarritoController:116] Productos rellenados
[2021-11-13 16:57:06] [ INFO ] [CarritoController:116] Productos rellenados
[2021-11-13 16:57:06] [ INFO ] [CarritoController:116] Productos rellenados
[2021-11-13 16:57:12] [ INFO ] [CarritoController:59] no esta vacio
[2021-11-13 16:57:12] [ INFO ] [CarritoController:116] Productos rellenados
[2021-11-13 16:57:12] [ INFO ] [CarritoController:116] Productos rellenados
[2021-11-13 16:57:12] [ INFO ] [CarritoController:116] Productos rellenados
[2021-11-13 16:57:12] [ INFO ] [CarritoController:116] Productos rellenados
[2021-11-13 16:57:12] [ INFO ] [CarritoController:116] Productos rellenados
[2021-11-13 16:57:16] [ INFO ] [CarritoController:116] Productos rellenados
[2021-11-13 16:57:16] [ INFO ] [CarritoController:116] Productos rellenados
[2021-11-13 16:57:16] [ INFO ] [CarritoController:116] Productos rellenados
[2021-11-13 16:57:16] [ INFO ] [CarritoController:116] Productos rellenados
[2021-11-13 16:57:16] [ INFO ] [CarritoController:116] Productos rellenados
[2021-11-13 16:57:17] [ INFO ] [CarritoController:59] no esta vacio
[2021-11-13 16:57:17] [ INFO ] [CarritoController:116] Productos rellenados
[2021-11-13 16:57:17] [ INFO ] [CarritoController:116] Productos rellenados
[2021-11-13 16:57:17] [ INFO ] [CarritoController:116] Productos rellenados
[2021-11-13 16:57:17] [ INFO ] [CarritoController:116] Productos rellenados
[2021-11-13 16:57:17] [ INFO ] [CarritoController:116] Productos rellenados
[2021-11-13 16:57:18] [ INFO ] [CarritoController:59] no esta vacio
[2021-11-13 16:57:18] [ INFO ] [CarritoController:116] Productos rellenados
[2021-11-13 16:57:18] [ INFO ] [CarritoController:116] Productos rellenados
[2021-11-13 16:57:18] [ INFO ] [CarritoController:116] Productos rellenados
[2021-11-13 16:57:18] [ INFO ] [CarritoController:116] Productos rellenados
[2021-11-13 16:57:18] [ INFO ] [CarritoController:116] Productos rellenados
[2021-11-13 16:57:31] [ INFO ] [CarritoController:116] Productos rellenados
[2021-11-13 16:57:31] [ INFO ] [CarritoController:116] Productos rellenados
[2021-11-13 16:57:31] [ INFO ] [CarritoController:116] Productos rellenados
[2021-11-13 16:57:31] [ INFO ] [CarritoController:116] Productos rellenados
[2021-11-13 16:57:31] [ INFO ] [CarritoController:116] Productos rellenados
[2021-11-13 16:57:34] [ INFO ] [CarritoController:116] Productos rellenados
[2021-11-13 16:57:34] [ INFO ] [CarritoController:116] Productos rellenados
[2021-11-13 16:57:34] [ INFO ] [CarritoController:156] Busqueda por categoria
[2021-11-13 16:57:35] [ INFO ] [CarritoController:116] Productos rellenados
[2021-11-13 16:57:35] [ INFO ] [CarritoController:116] Productos rellenados
[2021-11-13 16:57:35] [ INFO ] [CarritoController:116] Productos rellenados
[2021-11-13 16:57:35] [ INFO ] [CarritoController:116] Productos rellenados
[2021-11-13 16:57:35] [ INFO ] [CarritoController:116] Productos rellenados
[2021-11-13 16:57:35] [ INFO ] [CarritoController:170] Busqueda por precio
[2021-11-13 16:57:37] [ INFO ] [CarritoController:116] Productos rellenados
[2021-11-13 16:57:37] [ INFO ] [CarritoController:116] Productos rellenados
[2021-11-13 16:57:37] [ INFO ] [CarritoController:116] Productos rellenados
[2021-11-13 16:57:37] [ INFO ] [CarritoController:116] Productos rellenados
[2021-11-13 16:57:37] [ INFO ] [CarritoController:116] Productos rellenados
[2021-11-13 16:57:38] [ INFO ] [CarritoController:116] Productos rellenados
[2021-11-13 16:57:38] [ INFO ] [CarritoController:116] Productos rellenados
[2021-11-13 16:57:38] [ INFO ] [CarritoController:116] Productos rellenados
[2021-11-13 16:57:38] [ INFO ] [CarritoController:116] Productos rellenados
[2021-11-13 16:57:38] [ INFO ] [CarritoController:116] Productos rellenados
[2021-11-13 16:57:38] [ INFO ] [CarritoController:170] Busqueda por precio
[2021-11-13 16:57:40] [ INFO ] [CarritoController:116] Productos rellenados
[2021-11-13 16:57:40] [ INFO ] [CarritoController:116] Productos rellenados
[2021-11-13 16:57:40] [ INFO ] [CarritoController:116] Productos rellenados
[2021-11-13 16:57:40] [ INFO ] [CarritoController:116] Productos rellenados
[2021-11-13 16:57:40] [ INFO ] [CarritoController:116] Productos rellenados
[2021-11-13 16:58:01] [ INFO ] [CarritoController:116] Productos rellenados
[2021-11-13 16:58:01] [ INFO ] [CarritoController:116] Productos rellenados
[2021-11-13 16:58:01] [ INFO ] [CarritoController:116] Productos rellenados
[2021-11-13 16:58:01] [ INFO ] [CarritoController:116] Productos rellenados
[2021-11-13 16:58:01] [ INFO ] [CarritoController:116] Productos rellenados
[2021-11-13 16:58:14] [ INFO ] [CarritoController:116] Productos rellenados
[2021-11-13 16:58:14] [ INFO ] [CarritoController:116] Productos rellenados
[2021-11-13 16:58:14] [ INFO ] [CarritoController:116] Productos rellenados
[2021-11-13 16:58:14] [ INFO ] [CarritoController:116] Productos rellenados
[2021-11-13 16:58:14] [ INFO ] [CarritoController:116] Productos rellenados
[2021-11-13 16:58:23] [ INFO ] [CarritoController:100] El carrito se ha iniciado
[2021-11-13 16:58:23] [ INFO ] [CarritoController:116] Productos rellenados
[2021-11-13 16:58:23] [ INFO ] [CarritoController:116] Productos rellenados
[2021-11-13 16:58:23] [ INFO ] [CarritoController:116] Productos rellenados
[2021-11-13 16:58:23] [ INFO ] [CarritoController:116] Productos rellenados
[2021-11-13 16:58:23] [ INFO ] [CarritoController:116] Productos rellenados
[2021-11-13 16:58:34] [ INFO ] [CarritoController:116] Productos rellenados
[2021-11-13 16:58:34] [ INFO ] [CarritoController:116] Productos rellenados
[2021-11-13 16:58:34] [ INFO ] [CarritoController:116] Productos rellenados
[2021-11-13 16:58:34] [ INFO ] [CarritoController:116] Productos rellenados
[2021-11-13 16:58:34] [ INFO ] [CarritoController:116] Productos rellenados
[2021-11-13 17:16:16] [ INFO ] [CarritoController:100] El carrito se ha iniciado
[2021-11-13 17:16:16] [ INFO ] [CarritoController:116] Productos rellenados
[2021-11-13 17:16:16] [ INFO ] [CarritoController:116] Productos rellenados
[2021-11-13 17:16:16] [ INFO ] [CarritoController:116] Productos rellenados
[2021-11-13 17:16:16] [ INFO ] [CarritoController:116] Productos rellenados
[2021-11-13 17:16:16] [ INFO ] [CarritoController:116] Productos rellenados
[2021-11-13 17:17:09] [ INFO ] [CarritoController:116] Productos rellenados
[2021-11-13 17:17:09] [ INFO ] [CarritoController:116] Productos rellenados
[2021-11-13 17:17:09] [ INFO ] [CarritoController:116] Productos rellenados
[2021-11-13 17:17:09] [ INFO ] [CarritoController:116] Productos rellenados
[2021-11-13 17:17:09] [ INFO ] [CarritoController:116] Productos rellenados
[2021-11-13 17:34:30] [ INFO ] [CarritoController:100] El carrito se ha iniciado
[2021-11-13 17:34:30] [ INFO ] [CarritoController:116] Productos rellenados
[2021-11-13 17:34:30] [ INFO ] [CarritoController:116] Productos rellenados
[2021-11-13 17:34:30] [ INFO ] [CarritoController:116] Productos rellenados
[2021-11-13 17:34:30] [ INFO ] [CarritoController:116] Productos rellenados
[2021-11-13 17:34:30] [ INFO ] [CarritoController:116] Productos rellenados
[2021-11-13 17:34:31] [ INFO ] [CarritoController:116] Productos rellenados
[2021-11-13 17:34:31] [ INFO ] [CarritoController:116] Productos rellenados
[2021-11-13 17:34:31] [ INFO ] [CarritoController:116] Productos rellenados
[2021-11-13 17:34:31] [ INFO ] [CarritoController:116] Productos rellenados
[2021-11-13 17:34:31] [ INFO ] [CarritoController:116] Productos rellenados
[2021-11-13 17:35:56] [ INFO ] [CarritoController:116] Productos rellenados
[2021-11-13 17:35:56] [ INFO ] [CarritoController:116] Productos rellenados
[2021-11-13 17:35:56] [ INFO ] [CarritoController:116] Productos rellenados
[2021-11-13 17:35:56] [ INFO ] [CarritoController:116] Productos rellenados
[2021-11-13 17:35:56] [ INFO ] [CarritoController:116] Productos rellenados
[2021-11-13 17:35:57] [ INFO ] [CarritoController:116] Productos rellenados
[2021-11-13 17:35:57] [ INFO ] [CarritoController:116] Productos rellenados
[2021-11-13 17:35:57] [ INFO ] [CarritoController:116] Productos rellenados
[2021-11-13 17:35:57] [ INFO ] [CarritoController:116] Productos rellenados
[2021-11-13 17:35:57] [ INFO ] [CarritoController:116] Productos rellenados
[2021-11-13 17:35:58] [ INFO ] [CarritoController:116] Productos rellenados
[2021-11-13 17:35:58] [ INFO ] [CarritoController:116] Productos rellenados
[2021-11-13 17:35:58] [ INFO ] [CarritoController:116] Productos rellenados
[2021-11-13 17:35:58] [ INFO ] [CarritoController:116] Productos rellenados
[2021-11-13 17:35:58] [ INFO ] [CarritoController:116] Productos rellenados
[2021-11-13 17:35:58] [ INFO ] [CarritoController:116] Productos rellenados
[2021-11-13 17:35:58] [ INFO ] [CarritoController:116] Productos rellenados
[2021-11-13 17:35:58] [ INFO ] [CarritoController:116] Productos rellenados
[2021-11-13 17:35:58] [ INFO ] [CarritoController:116] Productos rellenados
[2021-11-13 17:35:58] [ INFO ] [CarritoController:116] Productos rellenados
[2021-11-13 17:35:58] [ INFO ] [CarritoController:116] Productos rellenados
[2021-11-13 17:35:58] [ INFO ] [CarritoController:116] Productos rellenados
[2021-11-13 17:35:58] [ INFO ] [CarritoController:116] Productos rellenados
[2021-11-13 17:35:58] [ INFO ] [CarritoController:116] Productos rellenados
[2021-11-13 17:35:58] [ INFO ] [CarritoController:116] Productos rellenados
[2021-11-13 17:36:27] [ INFO ] [CarritoController:100] El carrito se ha iniciado
[2021-11-13 17:36:27] [ INFO ] [CarritoController:116] Productos rellenados
[2021-11-13 17:36:27] [ INFO ] [CarritoController:116] Productos rellenados
[2021-11-13 17:36:27] [ INFO ] [CarritoController:116] Productos rellenados
[2021-11-13 17:36:27] [ INFO ] [CarritoController:116] Productos rellenados
[2021-11-13 17:36:27] [ INFO ] [CarritoController:116] Productos rellenados
[2021-11-13 17:38:00] [ INFO ] [CarritoController:116] Productos rellenados
[2021-11-13 17:38:00] [ INFO ] [CarritoController:116] Productos rellenados
[2021-11-13 17:38:00] [ INFO ] [CarritoController:116] Productos rellenados
[2021-11-13 17:38:00] [ INFO ] [CarritoController:116] Productos rellenados
[2021-11-13 17:38:00] [ INFO ] [CarritoController:116] Productos rellenados
[2021-11-13 17:38:44] [ INFO ] [CarritoController:116] Productos rellenados
[2021-11-13 17:38:44] [ INFO ] [CarritoController:116] Productos rellenados
[2021-11-13 17:38:44] [ INFO ] [CarritoController:116] Productos rellenados
[2021-11-13 17:38:44] [ INFO ] [CarritoController:116] Productos rellenados
[2021-11-13 17:38:44] [ INFO ] [CarritoController:116] Productos rellenados
[2021-11-13 17:42:01] [ INFO ] [CarritoController:100] El carrito se ha iniciado
[2021-11-13 17:42:01] [ INFO ] [CarritoController:116] Productos rellenados
[2021-11-13 17:42:01] [ INFO ] [CarritoController:116] Productos rellenados
[2021-11-13 17:42:01] [ INFO ] [CarritoController:116] Productos rellenados
[2021-11-13 17:42:01] [ INFO ] [CarritoController:116] Productos rellenados
[2021-11-13 17:42:01] [ INFO ] [CarritoController:116] Productos rellenados
[2021-11-13 17:42:10] [ INFO ] [CarritoController:116] Productos rellenados
[2021-11-13 17:42:10] [ INFO ] [CarritoController:116] Productos rellenados
[2021-11-13 17:42:10] [ INFO ] [CarritoController:116] Productos rellenados
[2021-11-13 17:42:10] [ INFO ] [CarritoController:116] Productos rellenados
[2021-11-13 17:42:10] [ INFO ] [CarritoController:116] Productos rellenados
[2021-11-13 17:42:14] [ INFO ] [CarritoController:59] no esta vacio
[2021-11-13 17:42:14] [ INFO ] [CarritoController:116] Productos rellenados
[2021-11-13 17:42:14] [ INFO ] [CarritoController:116] Productos rellenados
[2021-11-13 17:42:14] [ INFO ] [CarritoController:116] Productos rellenados
[2021-11-13 17:42:14] [ INFO ] [CarritoController:116] Productos rellenados
[2021-11-13 17:42:14] [ INFO ] [CarritoController:116] Productos rellenados
[2021-11-13 17:42:14] [ INFO ] [CarritoController:59] no esta vacio
[2021-11-13 17:42:14] [ INFO ] [CarritoController:71] Producto sumado al carrito
[2021-11-13 17:42:14] [ INFO ] [CarritoController:116] Productos rellenados
[2021-11-13 17:42:14] [ INFO ] [CarritoController:116] Productos rellenados
[2021-11-13 17:42:14] [ INFO ] [CarritoController:116] Productos rellenados
[2021-11-13 17:42:14] [ INFO ] [CarritoController:116] Productos rellenados
[2021-11-13 17:42:14] [ INFO ] [CarritoController:116] Productos rellenados
[2021-11-13 17:42:16] [ INFO ] [CarritoController:59] no esta vacio
[2021-11-13 17:42:16] [ INFO ] [CarritoController:116] Productos rellenados
[2021-11-13 17:42:16] [ INFO ] [CarritoController:116] Productos rellenados
[2021-11-13 17:42:16] [ INFO ] [CarritoController:116] Productos rellenados
[2021-11-13 17:42:16] [ INFO ] [CarritoController:116] Productos rellenados
[2021-11-13 17:42:16] [ INFO ] [CarritoController:116] Productos rellenados
[2021-11-13 17:42:17] [ INFO ] [CarritoController:59] no esta vacio
[2021-11-13 17:42:17] [ INFO ] [CarritoController:116] Productos rellenados
[2021-11-13 17:42:17] [ INFO ] [CarritoController:116] Productos rellenados
[2021-11-13 17:42:17] [ INFO ] [CarritoController:116] Productos rellenados
[2021-11-13 17:42:17] [ INFO ] [CarritoController:116] Productos rellenados
[2021-11-13 17:42:17] [ INFO ] [CarritoController:116] Productos rellenados
[2021-11-13 17:42:21] [ INFO ] [CarritoController:162] El usuario no esta logueado
[2021-11-13 17:42:23] [ INFO ] [CarritoController:116] Productos rellenados
[2021-11-13 17:42:23] [ INFO ] [CarritoController:116] Productos rellenados
[2021-11-13 17:42:23] [ INFO ] [CarritoController:116] Productos rellenados
[2021-11-13 17:42:23] [ INFO ] [CarritoController:116] Productos rellenados
[2021-11-13 17:42:23] [ INFO ] [CarritoController:116] Productos rellenados
[2021-11-13 18:03:59] [ INFO ] [CarritoController:100] El carrito se ha iniciado
[2021-11-13 18:03:59] [ INFO ] [CarritoController:116] Productos rellenados
[2021-11-13 18:03:59] [ INFO ] [CarritoController:116] Productos rellenados
[2021-11-13 18:03:59] [ INFO ] [CarritoController:116] Productos rellenados
[2021-11-13 18:03:59] [ INFO ] [CarritoController:116] Productos rellenados
[2021-11-13 18:03:59] [ INFO ] [CarritoController:116] Productos rellenados
[2021-11-13 18:12:52] [ INFO ] [CarritoController:100] El carrito se ha iniciado
[2021-11-13 18:12:52] [ INFO ] [CarritoController:116] Productos rellenados
[2021-11-13 18:12:52] [ INFO ] [CarritoController:116] Productos rellenados
[2021-11-13 18:12:52] [ INFO ] [CarritoController:116] Productos rellenados
[2021-11-13 18:12:52] [ INFO ] [CarritoController:116] Productos rellenados
[2021-11-13 18:12:52] [ INFO ] [CarritoController:116] Productos rellenados
[2021-11-13 18:29:26] [ INFO ] [CarritoController:100] El carrito se ha iniciado
[2021-11-13 18:29:26] [ INFO ] [CarritoController:116] Productos rellenados
[2021-11-13 18:29:26] [ INFO ] [CarritoController:116] Productos rellenados
[2021-11-13 18:29:26] [ INFO ] [CarritoController:116] Productos rellenados
[2021-11-13 18:29:26] [ INFO ] [CarritoController:116] Productos rellenados
[2021-11-13 18:29:26] [ INFO ] [CarritoController:116] Productos rellenados
[2021-11-13 18:35:17] [ INFO ] [CarritoController:116] Productos rellenados
[2021-11-13 18:35:17] [ INFO ] [CarritoController:116] Productos rellenados
[2021-11-13 18:35:17] [ INFO ] [CarritoController:116] Productos rellenados
[2021-11-13 18:35:17] [ INFO ] [CarritoController:116] Productos rellenados
[2021-11-13 18:35:17] [ INFO ] [CarritoController:116] Productos rellenados
[2021-11-13 18:35:43] [ INFO ] [CarritoController:116] Productos rellenados
[2021-11-13 18:35:43] [ INFO ] [CarritoController:116] Productos rellenados
[2021-11-13 18:35:43] [ INFO ] [CarritoController:116] Productos rellenados
[2021-11-13 18:35:43] [ INFO ] [CarritoController:116] Productos rellenados
[2021-11-13 18:35:43] [ INFO ] [CarritoController:116] Productos rellenados
[2021-11-13 18:37:24] [ INFO ] [CarritoController:116] Productos rellenados
[2021-11-13 18:37:24] [ INFO ] [CarritoController:116] Productos rellenados
[2021-11-13 18:37:24] [ INFO ] [CarritoController:116] Productos rellenados
[2021-11-13 18:37:24] [ INFO ] [CarritoController:116] Productos rellenados
[2021-11-13 18:37:24] [ INFO ] [CarritoController:116] Productos rellenados
[2021-11-13 18:38:04] [ INFO ] [CarritoController:116] Productos rellenados
[2021-11-13 18:38:04] [ INFO ] [CarritoController:116] Productos rellenados
[2021-11-13 18:38:04] [ INFO ] [CarritoController:116] Productos rellenados
[2021-11-13 18:38:04] [ INFO ] [CarritoController:116] Productos rellenados
[2021-11-13 18:38:04] [ INFO ] [CarritoController:116] Productos rellenados
