[2021-11-15 09:18:55] [ INFO ] [CarritoController:100] El carrito se ha iniciado
[2021-11-15 09:18:55] [ INFO ] [CarritoController:116] Productos rellenados
[2021-11-15 09:18:55] [ INFO ] [CarritoController:116] Productos rellenados
[2021-11-15 09:18:55] [ INFO ] [CarritoController:116] Productos rellenados
[2021-11-15 09:18:55] [ INFO ] [CarritoController:116] Productos rellenados
[2021-11-15 09:18:55] [ INFO ] [CarritoController:116] Productos rellenados
[2021-11-15 09:19:20] [ INFO ] [CarritoController:116] Productos rellenados
[2021-11-15 09:19:20] [ INFO ] [CarritoController:116] Productos rellenados
[2021-11-15 09:19:20] [ INFO ] [CarritoController:116] Productos rellenados
[2021-11-15 09:19:20] [ INFO ] [CarritoController:116] Productos rellenados
[2021-11-15 09:19:20] [ INFO ] [CarritoController:116] Productos rellenados
[2021-11-15 09:25:09] [ INFO ] [CarritoController:100] El carrito se ha iniciado
[2021-11-15 09:25:09] [ INFO ] [CarritoController:116] Productos rellenados
[2021-11-15 09:25:09] [ INFO ] [CarritoController:116] Productos rellenados
[2021-11-15 09:25:09] [ INFO ] [CarritoController:116] Productos rellenados
[2021-11-15 09:25:09] [ INFO ] [CarritoController:116] Productos rellenados
[2021-11-15 09:25:09] [ INFO ] [CarritoController:116] Productos rellenados
[2021-11-15 09:51:43] [ INFO ] [CarritoController:100] El carrito se ha iniciado
[2021-11-15 09:51:43] [ INFO ] [CarritoController:116] Productos rellenados
[2021-11-15 09:51:43] [ INFO ] [CarritoController:116] Productos rellenados
[2021-11-15 09:51:43] [ INFO ] [CarritoController:116] Productos rellenados
[2021-11-15 09:51:43] [ INFO ] [CarritoController:116] Productos rellenados
[2021-11-15 09:51:43] [ INFO ] [CarritoController:116] Productos rellenados
[2021-11-15 09:54:12] [ INFO ] [CarritoController:100] El carrito se ha iniciado
[2021-11-15 09:54:12] [ INFO ] [CarritoController:116] Productos rellenados
[2021-11-15 09:54:12] [ INFO ] [CarritoController:116] Productos rellenados
[2021-11-15 09:54:12] [ INFO ] [CarritoController:116] Productos rellenados
[2021-11-15 09:54:12] [ INFO ] [CarritoController:116] Productos rellenados
[2021-11-15 09:54:12] [ INFO ] [CarritoController:116] Productos rellenados
[2021-11-15 09:56:30] [ INFO ] [CarritoController:100] El carrito se ha iniciado
[2021-11-15 09:56:30] [ INFO ] [CarritoController:116] Productos rellenados
[2021-11-15 09:56:30] [ INFO ] [CarritoController:116] Productos rellenados
[2021-11-15 09:56:30] [ INFO ] [CarritoController:116] Productos rellenados
[2021-11-15 09:56:30] [ INFO ] [CarritoController:116] Productos rellenados
[2021-11-15 09:56:30] [ INFO ] [CarritoController:116] Productos rellenados
[2021-11-15 09:57:51] [ INFO ] [CarritoController:100] El carrito se ha iniciado
[2021-11-15 09:57:51] [ INFO ] [CarritoController:116] Productos rellenados
[2021-11-15 09:57:51] [ INFO ] [CarritoController:116] Productos rellenados
[2021-11-15 09:57:51] [ INFO ] [CarritoController:116] Productos rellenados
[2021-11-15 09:57:51] [ INFO ] [CarritoController:116] Productos rellenados
[2021-11-15 09:57:51] [ INFO ] [CarritoController:116] Productos rellenados
[2021-11-15 09:57:54] [ INFO ] [CarritoController:116] Productos rellenados
[2021-11-15 09:57:54] [ INFO ] [CarritoController:116] Productos rellenados
[2021-11-15 09:57:54] [ INFO ] [CarritoController:116] Productos rellenados
[2021-11-15 09:57:54] [ INFO ] [CarritoController:116] Productos rellenados
[2021-11-15 09:57:54] [ INFO ] [CarritoController:116] Productos rellenados
[2021-11-15 09:58:23] [ INFO ] [CarritoController:100] El carrito se ha iniciado
[2021-11-15 09:58:23] [ INFO ] [CarritoController:116] Productos rellenados
[2021-11-15 09:58:23] [ INFO ] [CarritoController:116] Productos rellenados
[2021-11-15 09:58:23] [ INFO ] [CarritoController:116] Productos rellenados
[2021-11-15 09:58:23] [ INFO ] [CarritoController:116] Productos rellenados
[2021-11-15 09:58:23] [ INFO ] [CarritoController:116] Productos rellenados
[2021-11-15 09:58:25] [ INFO ] [CarritoController:116] Productos rellenados
[2021-11-15 09:58:25] [ INFO ] [CarritoController:116] Productos rellenados
[2021-11-15 09:58:25] [ INFO ] [CarritoController:116] Productos rellenados
[2021-11-15 09:58:25] [ INFO ] [CarritoController:116] Productos rellenados
[2021-11-15 09:58:25] [ INFO ] [CarritoController:116] Productos rellenados
[2021-11-15 10:01:15] [ INFO ] [CarritoController:116] Productos rellenados
[2021-11-15 10:01:15] [ INFO ] [CarritoController:116] Productos rellenados
[2021-11-15 10:01:15] [ INFO ] [CarritoController:116] Productos rellenados
[2021-11-15 10:01:15] [ INFO ] [CarritoController:116] Productos rellenados
[2021-11-15 10:01:15] [ INFO ] [CarritoController:116] Productos rellenados
[2021-11-15 10:02:33] [ INFO ] [CarritoController:100] El carrito se ha iniciado
[2021-11-15 10:02:33] [ INFO ] [CarritoController:116] Productos rellenados
[2021-11-15 10:02:33] [ INFO ] [CarritoController:116] Productos rellenados
[2021-11-15 10:02:33] [ INFO ] [CarritoController:116] Productos rellenados
[2021-11-15 10:02:33] [ INFO ] [CarritoController:116] Productos rellenados
[2021-11-15 10:02:33] [ INFO ] [CarritoController:116] Productos rellenados
[2021-11-15 10:02:48] [ INFO ] [CarritoController:116] Productos rellenados
[2021-11-15 10:02:48] [ INFO ] [CarritoController:116] Productos rellenados
[2021-11-15 10:02:48] [ INFO ] [CarritoController:116] Productos rellenados
[2021-11-15 10:02:48] [ INFO ] [CarritoController:116] Productos rellenados
[2021-11-15 10:02:48] [ INFO ] [CarritoController:116] Productos rellenados
[2021-11-15 10:04:37] [ INFO ] [CarritoController:100] El carrito se ha iniciado
[2021-11-15 10:04:37] [ INFO ] [CarritoController:116] Productos rellenados
[2021-11-15 10:04:37] [ INFO ] [CarritoController:116] Productos rellenados
[2021-11-15 10:04:37] [ INFO ] [CarritoController:116] Productos rellenados
[2021-11-15 10:04:37] [ INFO ] [CarritoController:116] Productos rellenados
[2021-11-15 10:04:37] [ INFO ] [CarritoController:116] Productos rellenados
[2021-11-15 10:05:11] [ INFO ] [CarritoController:116] Productos rellenados
[2021-11-15 10:05:11] [ INFO ] [CarritoController:116] Productos rellenados
[2021-11-15 10:05:11] [ INFO ] [CarritoController:116] Productos rellenados
[2021-11-15 10:05:11] [ INFO ] [CarritoController:116] Productos rellenados
[2021-11-15 10:05:11] [ INFO ] [CarritoController:116] Productos rellenados
[2021-11-15 10:05:13] [ INFO ] [CarritoController:116] Productos rellenados
[2021-11-15 10:05:13] [ INFO ] [CarritoController:116] Productos rellenados
[2021-11-15 10:05:13] [ INFO ] [CarritoController:116] Productos rellenados
[2021-11-15 10:05:13] [ INFO ] [CarritoController:116] Productos rellenados
[2021-11-15 10:05:13] [ INFO ] [CarritoController:116] Productos rellenados
[2021-11-15 10:05:13] [ INFO ] [CarritoController:170] Busqueda por precio
[2021-11-15 10:05:14] [ INFO ] [CarritoController:116] Productos rellenados
[2021-11-15 10:05:14] [ INFO ] [CarritoController:116] Productos rellenados
[2021-11-15 10:05:14] [ INFO ] [CarritoController:116] Productos rellenados
[2021-11-15 10:05:14] [ INFO ] [CarritoController:116] Productos rellenados
[2021-11-15 10:05:14] [ INFO ] [CarritoController:116] Productos rellenados
[2021-11-15 10:05:16] [ INFO ] [CarritoController:116] Productos rellenados
[2021-11-15 10:05:16] [ INFO ] [CarritoController:156] Busqueda por categoria
[2021-11-15 10:05:17] [ INFO ] [CarritoController:116] Productos rellenados
[2021-11-15 10:05:17] [ INFO ] [CarritoController:156] Busqueda por categoria
[2021-11-15 10:05:18] [ INFO ] [CarritoController:116] Productos rellenados
[2021-11-15 10:05:18] [ INFO ] [CarritoController:156] Busqueda por categoria
[2021-11-15 10:05:19] [ INFO ] [CarritoController:116] Productos rellenados
[2021-11-15 10:05:19] [ INFO ] [CarritoController:116] Productos rellenados
[2021-11-15 10:05:19] [ INFO ] [CarritoController:156] Busqueda por categoria
[2021-11-15 10:05:20] [ INFO ] [CarritoController:116] Productos rellenados
[2021-11-15 10:05:20] [ INFO ] [CarritoController:116] Productos rellenados
[2021-11-15 10:05:20] [ INFO ] [CarritoController:116] Productos rellenados
[2021-11-15 10:05:20] [ INFO ] [CarritoController:116] Productos rellenados
[2021-11-15 10:05:20] [ INFO ] [CarritoController:116] Productos rellenados
[2021-11-15 10:10:31] [ INFO ] [CarritoController:100] El carrito se ha iniciado
[2021-11-15 10:10:31] [ INFO ] [CarritoController:116] Productos rellenados
[2021-11-15 10:10:31] [ INFO ] [CarritoController:116] Productos rellenados
[2021-11-15 10:10:31] [ INFO ] [CarritoController:116] Productos rellenados
[2021-11-15 10:10:31] [ INFO ] [CarritoController:116] Productos rellenados
[2021-11-15 10:10:31] [ INFO ] [CarritoController:116] Productos rellenados
[2021-11-15 10:10:35] [ INFO ] [CarritoController:59] no esta vacio
[2021-11-15 10:10:35] [ INFO ] [CarritoController:116] Productos rellenados
[2021-11-15 10:10:35] [ INFO ] [CarritoController:116] Productos rellenados
[2021-11-15 10:10:35] [ INFO ] [CarritoController:116] Productos rellenados
[2021-11-15 10:10:35] [ INFO ] [CarritoController:116] Productos rellenados
[2021-11-15 10:10:35] [ INFO ] [CarritoController:116] Productos rellenados
[2021-11-15 10:10:38] [ INFO ] [CarritoController:166] El usuario no esta logueado
[2021-11-15 10:10:41] [ INFO ] [CarritoController:116] Productos rellenados
[2021-11-15 10:10:41] [ INFO ] [CarritoController:116] Productos rellenados
[2021-11-15 10:10:41] [ INFO ] [CarritoController:116] Productos rellenados
[2021-11-15 10:10:41] [ INFO ] [CarritoController:116] Productos rellenados
[2021-11-15 10:10:41] [ INFO ] [CarritoController:116] Productos rellenados
[2021-11-15 10:11:36] [ INFO ] [CarritoController:59] no esta vacio
[2021-11-15 10:11:36] [ INFO ] [CarritoController:100] El carrito se ha iniciado
[2021-11-15 10:11:36] [ INFO ] [CarritoController:116] Productos rellenados
[2021-11-15 10:11:36] [ INFO ] [CarritoController:116] Productos rellenados
[2021-11-15 10:11:36] [ INFO ] [CarritoController:116] Productos rellenados
[2021-11-15 10:11:36] [ INFO ] [CarritoController:116] Productos rellenados
[2021-11-15 10:11:36] [ INFO ] [CarritoController:116] Productos rellenados
[2021-11-15 10:11:40] [ INFO ] [CarritoController:116] Productos rellenados
[2021-11-15 10:11:40] [ INFO ] [CarritoController:116] Productos rellenados
[2021-11-15 10:11:40] [ INFO ] [CarritoController:116] Productos rellenados
[2021-11-15 10:11:40] [ INFO ] [CarritoController:116] Productos rellenados
[2021-11-15 10:11:40] [ INFO ] [CarritoController:116] Productos rellenados
[2021-11-15 10:11:41] [ INFO ] [CarritoController:59] no esta vacio
[2021-11-15 10:11:41] [ INFO ] [CarritoController:116] Productos rellenados
[2021-11-15 10:11:41] [ INFO ] [CarritoController:116] Productos rellenados
[2021-11-15 10:11:41] [ INFO ] [CarritoController:116] Productos rellenados
[2021-11-15 10:11:41] [ INFO ] [CarritoController:116] Productos rellenados
[2021-11-15 10:11:41] [ INFO ] [CarritoController:116] Productos rellenados
[2021-11-15 10:11:43] [ INFO ] [CarritoController:165] El usuario no esta logueado
[2021-11-15 10:11:46] [ INFO ] [CarritoController:116] Productos rellenados
[2021-11-15 10:11:46] [ INFO ] [CarritoController:116] Productos rellenados
[2021-11-15 10:11:46] [ INFO ] [CarritoController:116] Productos rellenados
[2021-11-15 10:11:46] [ INFO ] [CarritoController:116] Productos rellenados
[2021-11-15 10:11:46] [ INFO ] [CarritoController:116] Productos rellenados
[2021-11-15 10:13:30] [ INFO ] [CarritoController:100] El carrito se ha iniciado
[2021-11-15 10:13:30] [ INFO ] [CarritoController:116] Productos rellenados
[2021-11-15 10:13:30] [ INFO ] [CarritoController:116] Productos rellenados
[2021-11-15 10:13:30] [ INFO ] [CarritoController:116] Productos rellenados
[2021-11-15 10:13:30] [ INFO ] [CarritoController:116] Productos rellenados
[2021-11-15 10:13:30] [ INFO ] [CarritoController:116] Productos rellenados
[2021-11-15 10:13:38] [ INFO ] [CarritoController:116] Productos rellenados
[2021-11-15 10:13:38] [ INFO ] [CarritoController:116] Productos rellenados
[2021-11-15 10:13:38] [ INFO ] [CarritoController:116] Productos rellenados
[2021-11-15 10:13:38] [ INFO ] [CarritoController:116] Productos rellenados
[2021-11-15 10:13:38] [ INFO ] [CarritoController:116] Productos rellenados
[2021-11-15 10:15:05] [ INFO ] [CarritoController:116] Productos rellenados
[2021-11-15 10:15:05] [ INFO ] [CarritoController:116] Productos rellenados
[2021-11-15 10:15:05] [ INFO ] [CarritoController:116] Productos rellenados
[2021-11-15 10:15:05] [ INFO ] [CarritoController:116] Productos rellenados
[2021-11-15 10:15:05] [ INFO ] [CarritoController:116] Productos rellenados
[2021-11-15 10:15:14] [ INFO ] [CarritoController:116] Productos rellenados
[2021-11-15 10:15:14] [ INFO ] [CarritoController:116] Productos rellenados
[2021-11-15 10:15:14] [ INFO ] [CarritoController:116] Productos rellenados
[2021-11-15 10:15:14] [ INFO ] [CarritoController:116] Productos rellenados
[2021-11-15 10:15:14] [ INFO ] [CarritoController:116] Productos rellenados
[2021-11-15 10:15:18] [ INFO ] [CarritoController:116] Productos rellenados
[2021-11-15 10:15:18] [ INFO ] [CarritoController:116] Productos rellenados
[2021-11-15 10:15:18] [ INFO ] [CarritoController:116] Productos rellenados
[2021-11-15 10:15:18] [ INFO ] [CarritoController:116] Productos rellenados
[2021-11-15 10:15:18] [ INFO ] [CarritoController:116] Productos rellenados
[2021-11-15 10:15:25] [ INFO ] [CarritoController:116] Productos rellenados
[2021-11-15 10:15:25] [ INFO ] [CarritoController:116] Productos rellenados
[2021-11-15 10:15:25] [ INFO ] [CarritoController:116] Productos rellenados
[2021-11-15 10:15:25] [ INFO ] [CarritoController:116] Productos rellenados
[2021-11-15 10:15:25] [ INFO ] [CarritoController:116] Productos rellenados
[2021-11-15 10:16:29] [ INFO ] [CarritoController:116] Productos rellenados
[2021-11-15 10:16:29] [ INFO ] [CarritoController:116] Productos rellenados
[2021-11-15 10:16:29] [ INFO ] [CarritoController:116] Productos rellenados
[2021-11-15 10:16:29] [ INFO ] [CarritoController:116] Productos rellenados
[2021-11-15 10:16:29] [ INFO ] [CarritoController:116] Productos rellenados
[2021-11-15 10:16:59] [ INFO ] [CarritoController:116] Productos rellenados
[2021-11-15 10:16:59] [ INFO ] [CarritoController:116] Productos rellenados
[2021-11-15 10:16:59] [ INFO ] [CarritoController:116] Productos rellenados
[2021-11-15 10:16:59] [ INFO ] [CarritoController:116] Productos rellenados
[2021-11-15 10:16:59] [ INFO ] [CarritoController:116] Productos rellenados
[2021-11-15 10:17:04] [ INFO ] [CarritoController:116] Productos rellenados
[2021-11-15 10:17:04] [ INFO ] [CarritoController:116] Productos rellenados
[2021-11-15 10:17:04] [ INFO ] [CarritoController:116] Productos rellenados
[2021-11-15 10:17:04] [ INFO ] [CarritoController:116] Productos rellenados
[2021-11-15 10:17:04] [ INFO ] [CarritoController:116] Productos rellenados
[2021-11-15 10:22:00] [ INFO ] [CarritoController:100] El carrito se ha iniciado
[2021-11-15 10:22:00] [ INFO ] [CarritoController:116] Productos rellenados
[2021-11-15 10:22:00] [ INFO ] [CarritoController:116] Productos rellenados
[2021-11-15 10:22:00] [ INFO ] [CarritoController:116] Productos rellenados
[2021-11-15 10:22:00] [ INFO ] [CarritoController:116] Productos rellenados
[2021-11-15 10:22:00] [ INFO ] [CarritoController:116] Productos rellenados
[2021-11-15 10:22:00] [ INFO ] [CarritoController:116] Productos rellenados
[2021-11-15 10:23:58] [ INFO ] [CarritoController:116] Productos rellenados
[2021-11-15 10:23:58] [ INFO ] [CarritoController:116] Productos rellenados
[2021-11-15 10:23:58] [ INFO ] [CarritoController:116] Productos rellenados
[2021-11-15 10:23:58] [ INFO ] [CarritoController:116] Productos rellenados
[2021-11-15 10:23:58] [ INFO ] [CarritoController:116] Productos rellenados
[2021-11-15 10:23:58] [ INFO ] [CarritoController:116] Productos rellenados
[2021-11-15 10:23:58] [ INFO ] [CarritoController:116] Productos rellenados
[2021-11-15 10:36:43] [ INFO ] [CarritoController:116] Productos rellenados
[2021-11-15 10:36:43] [ INFO ] [CarritoController:116] Productos rellenados
[2021-11-15 10:36:43] [ INFO ] [CarritoController:156] Busqueda por categoria
[2021-11-15 10:36:44] [ INFO ] [CarritoController:116] Productos rellenados
[2021-11-15 10:36:44] [ INFO ] [CarritoController:116] Productos rellenados
[2021-11-15 10:36:44] [ INFO ] [CarritoController:156] Busqueda por categoria
[2021-11-15 10:36:45] [ INFO ] [CarritoController:116] Productos rellenados
[2021-11-15 10:36:45] [ INFO ] [CarritoController:156] Busqueda por categoria
[2021-11-15 10:36:46] [ INFO ] [CarritoController:116] Productos rellenados
[2021-11-15 10:36:46] [ INFO ] [CarritoController:116] Productos rellenados
[2021-11-15 10:36:46] [ INFO ] [CarritoController:156] Busqueda por categoria
[2021-11-15 10:37:45] [ INFO ] [CarritoController:116] Productos rellenados
[2021-11-15 10:37:45] [ INFO ] [CarritoController:116] Productos rellenados
[2021-11-15 10:37:45] [ INFO ] [CarritoController:116] Productos rellenados
[2021-11-15 10:37:45] [ INFO ] [CarritoController:116] Productos rellenados
[2021-11-15 10:37:45] [ INFO ] [CarritoController:116] Productos rellenados
[2021-11-15 10:37:45] [ INFO ] [CarritoController:116] Productos rellenados
[2021-11-15 10:37:45] [ INFO ] [CarritoController:116] Productos rellenados
[2021-11-15 10:37:47] [ INFO ] [CarritoController:116] Productos rellenados
[2021-11-15 10:37:47] [ INFO ] [CarritoController:116] Productos rellenados
[2021-11-15 10:37:47] [ INFO ] [CarritoController:116] Productos rellenados
[2021-11-15 10:37:47] [ INFO ] [CarritoController:116] Productos rellenados
[2021-11-15 10:37:47] [ INFO ] [CarritoController:116] Productos rellenados
[2021-11-15 10:37:47] [ INFO ] [CarritoController:116] Productos rellenados
[2021-11-15 10:37:47] [ INFO ] [CarritoController:116] Productos rellenados
[2021-11-15 10:37:50] [ INFO ] [CarritoController:116] Productos rellenados
[2021-11-15 10:37:50] [ INFO ] [CarritoController:116] Productos rellenados
[2021-11-15 10:37:50] [ INFO ] [CarritoController:156] Busqueda por categoria
[2021-11-15 10:37:51] [ INFO ] [CarritoController:116] Productos rellenados
[2021-11-15 10:37:51] [ INFO ] [CarritoController:116] Productos rellenados
[2021-11-15 10:37:51] [ INFO ] [CarritoController:156] Busqueda por categoria
[2021-11-15 10:37:51] [ INFO ] [CarritoController:116] Productos rellenados
[2021-11-15 10:37:51] [ INFO ] [CarritoController:156] Busqueda por categoria
[2021-11-15 10:37:54] [ INFO ] [CarritoController:116] Productos rellenados
[2021-11-15 10:37:54] [ INFO ] [CarritoController:116] Productos rellenados
[2021-11-15 10:37:54] [ INFO ] [CarritoController:156] Busqueda por categoria
[2021-11-15 10:37:56] [ INFO ] [CarritoController:116] Productos rellenados
[2021-11-15 10:37:56] [ INFO ] [CarritoController:156] Busqueda por categoria
[2021-11-15 10:37:57] [ INFO ] [CarritoController:116] Productos rellenados
[2021-11-15 10:37:57] [ INFO ] [CarritoController:116] Productos rellenados
[2021-11-15 10:37:57] [ INFO ] [CarritoController:156] Busqueda por categoria
[2021-11-15 10:37:59] [ INFO ] [CarritoController:116] Productos rellenados
[2021-11-15 10:37:59] [ INFO ] [CarritoController:116] Productos rellenados
[2021-11-15 10:37:59] [ INFO ] [CarritoController:156] Busqueda por categoria
[2021-11-15 10:38:00] [ INFO ] [CarritoController:116] Productos rellenados
[2021-11-15 10:38:00] [ INFO ] [CarritoController:156] Busqueda por categoria
[2021-11-15 10:38:03] [ INFO ] [CarritoController:116] Productos rellenados
[2021-11-15 10:38:03] [ INFO ] [CarritoController:116] Productos rellenados
[2021-11-15 10:38:03] [ INFO ] [CarritoController:156] Busqueda por categoria
[2021-11-15 10:38:04] [ INFO ] [CarritoController:116] Productos rellenados
[2021-11-15 10:38:04] [ INFO ] [CarritoController:116] Productos rellenados
[2021-11-15 10:38:04] [ INFO ] [CarritoController:156] Busqueda por categoria
[2021-11-15 10:38:05] [ INFO ] [CarritoController:116] Productos rellenados
[2021-11-15 10:38:05] [ INFO ] [CarritoController:156] Busqueda por categoria
[2021-11-15 10:38:08] [ INFO ] [CarritoController:116] Productos rellenados
[2021-11-15 10:38:08] [ INFO ] [CarritoController:116] Productos rellenados
[2021-11-15 10:38:08] [ INFO ] [CarritoController:156] Busqueda por categoria
[2021-11-15 10:38:09] [ INFO ] [CarritoController:156] Busqueda por categoria
[2021-11-15 10:38:10] [ INFO ] [CarritoController:116] Productos rellenados
[2021-11-15 10:38:10] [ INFO ] [CarritoController:116] Productos rellenados
[2021-11-15 10:38:10] [ INFO ] [CarritoController:156] Busqueda por categoria
[2021-11-15 10:38:11] [ INFO ] [CarritoController:116] Productos rellenados
[2021-11-15 10:38:11] [ INFO ] [CarritoController:156] Busqueda por categoria
[2021-11-15 10:38:11] [ INFO ] [CarritoController:116] Productos rellenados
[2021-11-15 10:38:11] [ INFO ] [CarritoController:116] Productos rellenados
[2021-11-15 10:38:11] [ INFO ] [CarritoController:156] Busqueda por categoria
[2021-11-15 10:38:12] [ INFO ] [CarritoController:116] Productos rellenados
[2021-11-15 10:38:12] [ INFO ] [CarritoController:116] Productos rellenados
[2021-11-15 10:38:12] [ INFO ] [CarritoController:156] Busqueda por categoria
[2021-11-15 10:38:31] [ INFO ] [CarritoController:116] Productos rellenados
[2021-11-15 10:38:31] [ INFO ] [CarritoController:156] Busqueda por categoria
[2021-11-15 10:38:33] [ INFO ] [CarritoController:116] Productos rellenados
[2021-11-15 10:38:33] [ INFO ] [CarritoController:116] Productos rellenados
[2021-11-15 10:38:33] [ INFO ] [CarritoController:156] Busqueda por categoria
[2021-11-15 10:38:34] [ INFO ] [CarritoController:116] Productos rellenados
[2021-11-15 10:38:34] [ INFO ] [CarritoController:116] Productos rellenados
[2021-11-15 10:38:34] [ INFO ] [CarritoController:156] Busqueda por categoria
[2021-11-15 10:38:34] [ INFO ] [CarritoController:116] Productos rellenados
[2021-11-15 10:38:34] [ INFO ] [CarritoController:116] Productos rellenados
[2021-11-15 10:38:34] [ INFO ] [CarritoController:156] Busqueda por categoria
[2021-11-15 10:38:35] [ INFO ] [CarritoController:116] Productos rellenados
[2021-11-15 10:38:35] [ INFO ] [CarritoController:156] Busqueda por categoria
[2021-11-15 10:38:36] [ INFO ] [CarritoController:116] Productos rellenados
[2021-11-15 10:38:36] [ INFO ] [CarritoController:116] Productos rellenados
[2021-11-15 10:38:36] [ INFO ] [CarritoController:156] Busqueda por categoria
[2021-11-15 10:38:37] [ INFO ] [CarritoController:116] Productos rellenados
[2021-11-15 10:38:37] [ INFO ] [CarritoController:156] Busqueda por categoria
[2021-11-15 10:38:38] [ INFO ] [CarritoController:116] Productos rellenados
[2021-11-15 10:38:38] [ INFO ] [CarritoController:116] Productos rellenados
[2021-11-15 10:38:38] [ INFO ] [CarritoController:156] Busqueda por categoria
[2021-11-15 10:38:41] [ INFO ] [CarritoController:116] Productos rellenados
[2021-11-15 10:38:41] [ INFO ] [CarritoController:116] Productos rellenados
[2021-11-15 10:38:41] [ INFO ] [CarritoController:156] Busqueda por categoria
[2021-11-15 10:38:41] [ INFO ] [CarritoController:116] Productos rellenados
[2021-11-15 10:38:41] [ INFO ] [CarritoController:116] Productos rellenados
[2021-11-15 10:38:41] [ INFO ] [CarritoController:156] Busqueda por categoria
[2021-11-15 10:38:42] [ INFO ] [CarritoController:116] Productos rellenados
[2021-11-15 10:38:42] [ INFO ] [CarritoController:156] Busqueda por categoria
[2021-11-15 10:41:09] [ INFO ] [CarritoController:116] Productos rellenados
[2021-11-15 10:41:09] [ INFO ] [CarritoController:116] Productos rellenados
[2021-11-15 10:41:09] [ INFO ] [CarritoController:116] Productos rellenados
[2021-11-15 10:41:09] [ INFO ] [CarritoController:116] Productos rellenados
[2021-11-15 10:41:09] [ INFO ] [CarritoController:116] Productos rellenados
[2021-11-15 10:41:09] [ INFO ] [CarritoController:116] Productos rellenados
[2021-11-15 10:41:09] [ INFO ] [CarritoController:116] Productos rellenados
[2021-11-15 10:41:09] [ INFO ] [CarritoController:116] Productos rellenados
[2021-11-15 10:41:26] [ INFO ] [CarritoController:116] Productos rellenados
[2021-11-15 10:41:26] [ INFO ] [CarritoController:116] Productos rellenados
[2021-11-15 10:41:26] [ INFO ] [CarritoController:116] Productos rellenados
[2021-11-15 10:41:26] [ INFO ] [CarritoController:116] Productos rellenados
[2021-11-15 10:41:26] [ INFO ] [CarritoController:116] Productos rellenados
[2021-11-15 10:41:26] [ INFO ] [CarritoController:116] Productos rellenados
[2021-11-15 10:41:26] [ INFO ] [CarritoController:116] Productos rellenados
[2021-11-15 10:41:26] [ INFO ] [CarritoController:116] Productos rellenados
[2021-11-15 10:41:30] [ INFO ] [CarritoController:116] Productos rellenados
[2021-11-15 10:41:30] [ INFO ] [CarritoController:116] Productos rellenados
[2021-11-15 10:41:30] [ INFO ] [CarritoController:156] Busqueda por categoria
[2021-11-15 10:41:32] [ INFO ] [CarritoController:116] Productos rellenados
[2021-11-15 10:41:32] [ INFO ] [CarritoController:116] Productos rellenados
[2021-11-15 10:41:32] [ INFO ] [CarritoController:156] Busqueda por categoria
[2021-11-15 10:41:33] [ INFO ] [CarritoController:116] Productos rellenados
[2021-11-15 10:41:33] [ INFO ] [CarritoController:116] Productos rellenados
[2021-11-15 10:41:33] [ INFO ] [CarritoController:156] Busqueda por categoria
[2021-11-15 10:41:33] [ INFO ] [CarritoController:116] Productos rellenados
[2021-11-15 10:41:33] [ INFO ] [CarritoController:116] Productos rellenados
[2021-11-15 10:41:33] [ INFO ] [CarritoController:156] Busqueda por categoria
[2021-11-15 10:41:35] [ INFO ] [CarritoController:116] Productos rellenados
[2021-11-15 10:41:35] [ INFO ] [CarritoController:116] Productos rellenados
[2021-11-15 10:41:35] [ INFO ] [CarritoController:156] Busqueda por categoria
[2021-11-15 10:41:37] [ INFO ] [CarritoController:116] Productos rellenados
[2021-11-15 10:41:37] [ INFO ] [CarritoController:116] Productos rellenados
[2021-11-15 10:41:37] [ INFO ] [CarritoController:116] Productos rellenados
[2021-11-15 10:41:37] [ INFO ] [CarritoController:116] Productos rellenados
[2021-11-15 10:41:37] [ INFO ] [CarritoController:116] Productos rellenados
[2021-11-15 10:41:37] [ INFO ] [CarritoController:116] Productos rellenados
[2021-11-15 10:41:37] [ INFO ] [CarritoController:116] Productos rellenados
[2021-11-15 10:41:37] [ INFO ] [CarritoController:116] Productos rellenados
[2021-11-15 10:52:30] [ INFO ] [CarritoController:116] Productos rellenados
[2021-11-15 10:52:30] [ INFO ] [CarritoController:116] Productos rellenados
[2021-11-15 10:52:30] [ INFO ] [CarritoController:116] Productos rellenados
[2021-11-15 10:52:30] [ INFO ] [CarritoController:116] Productos rellenados
[2021-11-15 10:52:30] [ INFO ] [CarritoController:116] Productos rellenados
[2021-11-15 10:52:30] [ INFO ] [CarritoController:116] Productos rellenados
[2021-11-15 10:52:30] [ INFO ] [CarritoController:116] Productos rellenados
[2021-11-15 10:52:30] [ INFO ] [CarritoController:116] Productos rellenados
[2021-11-15 10:54:24] [ INFO ] [CarritoController:116] Productos rellenados
[2021-11-15 10:54:24] [ INFO ] [CarritoController:116] Productos rellenados
[2021-11-15 10:54:24] [ INFO ] [CarritoController:116] Productos rellenados
[2021-11-15 10:54:24] [ INFO ] [CarritoController:116] Productos rellenados
[2021-11-15 10:54:24] [ INFO ] [CarritoController:116] Productos rellenados
[2021-11-15 10:54:24] [ INFO ] [CarritoController:116] Productos rellenados
[2021-11-15 10:54:24] [ INFO ] [CarritoController:116] Productos rellenados
[2021-11-15 10:54:24] [ INFO ] [CarritoController:116] Productos rellenados
[2021-11-15 10:59:09] [ INFO ] [CarritoController:116] Productos rellenados
[2021-11-15 10:59:09] [ INFO ] [CarritoController:116] Productos rellenados
[2021-11-15 10:59:09] [ INFO ] [CarritoController:116] Productos rellenados
[2021-11-15 10:59:09] [ INFO ] [CarritoController:116] Productos rellenados
[2021-11-15 10:59:09] [ INFO ] [CarritoController:116] Productos rellenados
[2021-11-15 10:59:09] [ INFO ] [CarritoController:116] Productos rellenados
[2021-11-15 10:59:09] [ INFO ] [CarritoController:116] Productos rellenados
[2021-11-15 10:59:09] [ INFO ] [CarritoController:116] Productos rellenados
[2021-11-15 11:05:17] [ INFO ] [CarritoController:99] El carrito se ha iniciado
[2021-11-15 11:05:17] [ INFO ] [CarritoController:115] Productos rellenados
[2021-11-15 11:05:17] [ INFO ] [CarritoController:115] Productos rellenados
[2021-11-15 11:05:17] [ INFO ] [CarritoController:115] Productos rellenados
[2021-11-15 11:05:17] [ INFO ] [CarritoController:115] Productos rellenados
[2021-11-15 11:05:17] [ INFO ] [CarritoController:115] Productos rellenados
[2021-11-15 11:05:17] [ INFO ] [CarritoController:115] Productos rellenados
[2021-11-15 11:05:17] [ INFO ] [CarritoController:115] Productos rellenados
[2021-11-15 11:05:17] [ INFO ] [CarritoController:115] Productos rellenados
[2021-11-15 11:06:43] [ INFO ] [CarritoController:115] Productos rellenados
[2021-11-15 11:06:43] [ INFO ] [CarritoController:115] Productos rellenados
[2021-11-15 11:06:43] [ INFO ] [CarritoController:115] Productos rellenados
[2021-11-15 11:06:43] [ INFO ] [CarritoController:115] Productos rellenados
[2021-11-15 11:06:43] [ INFO ] [CarritoController:115] Productos rellenados
[2021-11-15 11:06:43] [ INFO ] [CarritoController:115] Productos rellenados
[2021-11-15 11:06:43] [ INFO ] [CarritoController:115] Productos rellenados
[2021-11-15 11:06:43] [ INFO ] [CarritoController:115] Productos rellenados
[2021-11-15 11:46:55] [ INFO ] [CarritoController:96] El carrito se ha iniciado
[2021-11-15 11:46:55] [ INFO ] [CarritoController:112] Productos rellenados
[2021-11-15 11:46:55] [ INFO ] [CarritoController:112] Productos rellenados
[2021-11-15 11:46:55] [ INFO ] [CarritoController:112] Productos rellenados
[2021-11-15 11:46:55] [ INFO ] [CarritoController:112] Productos rellenados
[2021-11-15 11:46:55] [ INFO ] [CarritoController:112] Productos rellenados
[2021-11-15 11:46:55] [ INFO ] [CarritoController:112] Productos rellenados
[2021-11-15 11:46:55] [ INFO ] [CarritoController:112] Productos rellenados
[2021-11-15 11:46:55] [ INFO ] [CarritoController:112] Productos rellenados
[2021-11-15 11:48:54] [ INFO ] [CarritoController:96] El carrito se ha iniciado
[2021-11-15 11:48:54] [ INFO ] [CarritoController:112] Productos rellenados
[2021-11-15 11:48:54] [ INFO ] [CarritoController:112] Productos rellenados
[2021-11-15 11:48:54] [ INFO ] [CarritoController:112] Productos rellenados
[2021-11-15 11:48:54] [ INFO ] [CarritoController:112] Productos rellenados
[2021-11-15 11:48:54] [ INFO ] [CarritoController:112] Productos rellenados
[2021-11-15 11:48:54] [ INFO ] [CarritoController:112] Productos rellenados
[2021-11-15 11:48:54] [ INFO ] [CarritoController:112] Productos rellenados
[2021-11-15 11:48:54] [ INFO ] [CarritoController:112] Productos rellenados
[2021-11-15 11:55:50] [ INFO ] [CarritoController:96] El carrito se ha iniciado
[2021-11-15 11:55:50] [ INFO ] [CarritoController:112] Productos rellenados
[2021-11-15 11:55:50] [ INFO ] [CarritoController:112] Productos rellenados
[2021-11-15 11:55:50] [ INFO ] [CarritoController:112] Productos rellenados
[2021-11-15 11:55:50] [ INFO ] [CarritoController:112] Productos rellenados
[2021-11-15 11:55:50] [ INFO ] [CarritoController:112] Productos rellenados
[2021-11-15 11:55:50] [ INFO ] [CarritoController:112] Productos rellenados
[2021-11-15 11:55:50] [ INFO ] [CarritoController:112] Productos rellenados
[2021-11-15 11:55:50] [ INFO ] [CarritoController:112] Productos rellenados
[2021-11-15 11:58:22] [ INFO ] [CarritoController:96] El carrito se ha iniciado
[2021-11-15 11:58:22] [ INFO ] [CarritoController:112] Productos rellenados
[2021-11-15 11:58:22] [ INFO ] [CarritoController:112] Productos rellenados
[2021-11-15 11:58:22] [ INFO ] [CarritoController:112] Productos rellenados
[2021-11-15 11:58:22] [ INFO ] [CarritoController:112] Productos rellenados
[2021-11-15 11:58:22] [ INFO ] [CarritoController:112] Productos rellenados
[2021-11-15 11:58:22] [ INFO ] [CarritoController:112] Productos rellenados
[2021-11-15 11:58:22] [ INFO ] [CarritoController:112] Productos rellenados
[2021-11-15 11:58:22] [ INFO ] [CarritoController:112] Productos rellenados
[2021-11-15 12:02:22] [ INFO ] [CarritoController:96] El carrito se ha iniciado
[2021-11-15 12:02:22] [ INFO ] [CarritoController:112] Productos rellenados
[2021-11-15 12:02:22] [ INFO ] [CarritoController:112] Productos rellenados
[2021-11-15 12:02:22] [ INFO ] [CarritoController:112] Productos rellenados
[2021-11-15 12:02:22] [ INFO ] [CarritoController:112] Productos rellenados
[2021-11-15 12:02:22] [ INFO ] [CarritoController:112] Productos rellenados
[2021-11-15 12:02:22] [ INFO ] [CarritoController:112] Productos rellenados
[2021-11-15 12:02:22] [ INFO ] [CarritoController:112] Productos rellenados
[2021-11-15 12:02:22] [ INFO ] [CarritoController:112] Productos rellenados
[2021-11-15 12:08:07] [ INFO ] [CarritoController:96] El carrito se ha iniciado
[2021-11-15 12:08:07] [ INFO ] [CarritoController:112] Productos rellenados
[2021-11-15 12:08:07] [ INFO ] [CarritoController:112] Productos rellenados
[2021-11-15 12:08:07] [ INFO ] [CarritoController:112] Productos rellenados
[2021-11-15 12:08:07] [ INFO ] [CarritoController:112] Productos rellenados
[2021-11-15 12:08:07] [ INFO ] [CarritoController:112] Productos rellenados
[2021-11-15 12:08:07] [ INFO ] [CarritoController:112] Productos rellenados
[2021-11-15 12:08:07] [ INFO ] [CarritoController:112] Productos rellenados
[2021-11-15 12:08:07] [ INFO ] [CarritoController:112] Productos rellenados
[2021-11-15 12:08:52] [ INFO ] [CarritoController:96] El carrito se ha iniciado
[2021-11-15 12:08:52] [ INFO ] [CarritoController:112] Productos rellenados
[2021-11-15 12:08:52] [ INFO ] [CarritoController:112] Productos rellenados
[2021-11-15 12:08:52] [ INFO ] [CarritoController:112] Productos rellenados
[2021-11-15 12:08:52] [ INFO ] [CarritoController:112] Productos rellenados
[2021-11-15 12:08:52] [ INFO ] [CarritoController:112] Productos rellenados
[2021-11-15 12:08:52] [ INFO ] [CarritoController:112] Productos rellenados
[2021-11-15 12:08:52] [ INFO ] [CarritoController:112] Productos rellenados
[2021-11-15 12:08:52] [ INFO ] [CarritoController:112] Productos rellenados
[2021-11-15 12:10:44] [ INFO ] [CarritoController:96] El carrito se ha iniciado
[2021-11-15 12:10:44] [ INFO ] [CarritoController:112] Productos rellenados
[2021-11-15 12:10:44] [ INFO ] [CarritoController:112] Productos rellenados
[2021-11-15 12:10:44] [ INFO ] [CarritoController:112] Productos rellenados
[2021-11-15 12:10:44] [ INFO ] [CarritoController:112] Productos rellenados
[2021-11-15 12:10:44] [ INFO ] [CarritoController:112] Productos rellenados
[2021-11-15 12:10:44] [ INFO ] [CarritoController:112] Productos rellenados
[2021-11-15 12:10:44] [ INFO ] [CarritoController:112] Productos rellenados
[2021-11-15 12:10:44] [ INFO ] [CarritoController:112] Productos rellenados
[2021-11-15 12:11:42] [ INFO ] [CarritoController:96] El carrito se ha iniciado
[2021-11-15 12:11:42] [ INFO ] [CarritoController:112] Productos rellenados
[2021-11-15 12:11:42] [ INFO ] [CarritoController:112] Productos rellenados
[2021-11-15 12:11:42] [ INFO ] [CarritoController:112] Productos rellenados
[2021-11-15 12:11:42] [ INFO ] [CarritoController:112] Productos rellenados
[2021-11-15 12:11:42] [ INFO ] [CarritoController:112] Productos rellenados
[2021-11-15 12:11:42] [ INFO ] [CarritoController:112] Productos rellenados
[2021-11-15 12:11:42] [ INFO ] [CarritoController:112] Productos rellenados
[2021-11-15 12:11:42] [ INFO ] [CarritoController:112] Productos rellenados
[2021-11-15 12:14:02] [ INFO ] [CarritoController:96] El carrito se ha iniciado
[2021-11-15 12:14:02] [ INFO ] [CarritoController:112] Productos rellenados
[2021-11-15 12:14:02] [ INFO ] [CarritoController:112] Productos rellenados
[2021-11-15 12:14:02] [ INFO ] [CarritoController:112] Productos rellenados
[2021-11-15 12:14:02] [ INFO ] [CarritoController:112] Productos rellenados
[2021-11-15 12:14:02] [ INFO ] [CarritoController:112] Productos rellenados
[2021-11-15 12:14:02] [ INFO ] [CarritoController:112] Productos rellenados
[2021-11-15 12:14:02] [ INFO ] [CarritoController:112] Productos rellenados
[2021-11-15 12:14:02] [ INFO ] [CarritoController:112] Productos rellenados
[2021-11-15 12:48:52] [ INFO ] [CarritoController:96] El carrito se ha iniciado
[2021-11-15 12:48:52] [ INFO ] [CarritoController:112] Productos rellenados
[2021-11-15 12:48:52] [ INFO ] [CarritoController:112] Productos rellenados
[2021-11-15 12:48:52] [ INFO ] [CarritoController:112] Productos rellenados
[2021-11-15 12:48:52] [ INFO ] [CarritoController:112] Productos rellenados
[2021-11-15 12:48:52] [ INFO ] [CarritoController:112] Productos rellenados
[2021-11-15 12:48:52] [ INFO ] [CarritoController:112] Productos rellenados
[2021-11-15 12:48:52] [ INFO ] [CarritoController:112] Productos rellenados
[2021-11-15 12:48:52] [ INFO ] [CarritoController:112] Productos rellenados
[2021-11-15 12:49:28] [ INFO ] [CarritoController:96] El carrito se ha iniciado
[2021-11-15 12:49:28] [ INFO ] [CarritoController:112] Productos rellenados
[2021-11-15 12:49:28] [ INFO ] [CarritoController:112] Productos rellenados
[2021-11-15 12:49:28] [ INFO ] [CarritoController:112] Productos rellenados
[2021-11-15 12:49:28] [ INFO ] [CarritoController:112] Productos rellenados
[2021-11-15 12:49:28] [ INFO ] [CarritoController:112] Productos rellenados
[2021-11-15 12:49:28] [ INFO ] [CarritoController:112] Productos rellenados
[2021-11-15 12:49:28] [ INFO ] [CarritoController:112] Productos rellenados
[2021-11-15 12:49:28] [ INFO ] [CarritoController:112] Productos rellenados
[2021-11-15 12:49:38] [ INFO ] [PedidosController:306] pdf creado
