[2021-11-22 17:17:17] [ INFO ] [CarritoController:112] El carrito se ha iniciado
[2021-11-22 17:17:17] [ INFO ] [CarritoController:134] Productos rellenados
[2021-11-22 17:17:17] [ INFO ] [CarritoController:134] Productos rellenados
[2021-11-22 17:17:17] [ INFO ] [CarritoController:134] Productos rellenados
[2021-11-22 17:17:17] [ INFO ] [CarritoController:134] Productos rellenados
[2021-11-22 17:17:17] [ INFO ] [CarritoController:134] Productos rellenados
[2021-11-22 17:17:17] [ INFO ] [CarritoController:134] Productos rellenados
[2021-11-22 17:17:17] [ INFO ] [CarritoController:134] Productos rellenados
[2021-11-22 17:17:17] [ INFO ] [CarritoController:134] Productos rellenados
[2021-11-22 17:18:02] [ INFO ] [CarritoController:134] Productos rellenados
[2021-11-22 17:18:02] [ INFO ] [CarritoController:134] Productos rellenados
[2021-11-22 17:18:02] [ INFO ] [CarritoController:134] Productos rellenados
[2021-11-22 17:18:02] [ INFO ] [CarritoController:134] Productos rellenados
[2021-11-22 17:18:02] [ INFO ] [CarritoController:134] Productos rellenados
[2021-11-22 17:18:02] [ INFO ] [CarritoController:134] Productos rellenados
[2021-11-22 17:18:02] [ INFO ] [CarritoController:134] Productos rellenados
[2021-11-22 17:18:02] [ INFO ] [CarritoController:134] Productos rellenados
[2021-11-22 17:18:31] [ INFO ] [CarritoController:134] Productos rellenados
[2021-11-22 17:18:31] [ INFO ] [CarritoController:134] Productos rellenados
[2021-11-22 17:18:31] [ INFO ] [CarritoController:134] Productos rellenados
[2021-11-22 17:18:31] [ INFO ] [CarritoController:134] Productos rellenados
[2021-11-22 17:18:31] [ INFO ] [CarritoController:134] Productos rellenados
[2021-11-22 17:18:31] [ INFO ] [CarritoController:134] Productos rellenados
[2021-11-22 17:18:31] [ INFO ] [CarritoController:134] Productos rellenados
[2021-11-22 17:18:31] [ INFO ] [CarritoController:134] Productos rellenados
[2021-11-22 17:18:32] [ INFO ] [CarritoController:112] El carrito se ha iniciado
[2021-11-22 17:18:32] [ INFO ] [CarritoController:134] Productos rellenados
[2021-11-22 17:18:32] [ INFO ] [CarritoController:134] Productos rellenados
[2021-11-22 17:18:32] [ INFO ] [CarritoController:134] Productos rellenados
[2021-11-22 17:18:32] [ INFO ] [CarritoController:134] Productos rellenados
[2021-11-22 17:18:32] [ INFO ] [CarritoController:134] Productos rellenados
[2021-11-22 17:18:32] [ INFO ] [CarritoController:134] Productos rellenados
[2021-11-22 17:18:32] [ INFO ] [CarritoController:134] Productos rellenados
[2021-11-22 17:18:32] [ INFO ] [CarritoController:134] Productos rellenados
[2021-11-22 17:18:41] [ INFO ] [CarritoController:134] Productos rellenados
[2021-11-22 17:18:41] [ INFO ] [CarritoController:134] Productos rellenados
[2021-11-22 17:18:41] [ INFO ] [CarritoController:134] Productos rellenados
[2021-11-22 17:18:41] [ INFO ] [CarritoController:134] Productos rellenados
[2021-11-22 17:18:41] [ INFO ] [CarritoController:134] Productos rellenados
[2021-11-22 17:18:41] [ INFO ] [CarritoController:134] Productos rellenados
[2021-11-22 17:18:41] [ INFO ] [CarritoController:134] Productos rellenados
[2021-11-22 17:18:41] [ INFO ] [CarritoController:134] Productos rellenados
[2021-11-22 17:19:09] [ INFO ] [CarritoController:134] Productos rellenados
[2021-11-22 17:19:09] [ INFO ] [CarritoController:134] Productos rellenados
[2021-11-22 17:19:09] [ INFO ] [CarritoController:134] Productos rellenados
[2021-11-22 17:19:09] [ INFO ] [CarritoController:134] Productos rellenados
[2021-11-22 17:19:09] [ INFO ] [CarritoController:134] Productos rellenados
[2021-11-22 17:19:09] [ INFO ] [CarritoController:134] Productos rellenados
[2021-11-22 17:19:09] [ INFO ] [CarritoController:134] Productos rellenados
[2021-11-22 17:19:09] [ INFO ] [CarritoController:134] Productos rellenados
[2021-11-22 17:19:32] [ INFO ] [CarritoController:112] El carrito se ha iniciado
[2021-11-22 17:19:32] [ INFO ] [CarritoController:134] Productos rellenados
[2021-11-22 17:19:32] [ INFO ] [CarritoController:134] Productos rellenados
[2021-11-22 17:19:32] [ INFO ] [CarritoController:134] Productos rellenados
[2021-11-22 17:19:32] [ INFO ] [CarritoController:134] Productos rellenados
[2021-11-22 17:19:32] [ INFO ] [CarritoController:134] Productos rellenados
[2021-11-22 17:19:32] [ INFO ] [CarritoController:134] Productos rellenados
[2021-11-22 17:19:32] [ INFO ] [CarritoController:134] Productos rellenados
[2021-11-22 17:19:32] [ INFO ] [CarritoController:134] Productos rellenados
[2021-11-22 17:27:52] [ INFO ] [CarritoController:134] Productos rellenados
[2021-11-22 17:27:52] [ INFO ] [CarritoController:134] Productos rellenados
[2021-11-22 17:27:52] [ INFO ] [CarritoController:134] Productos rellenados
[2021-11-22 17:27:52] [ INFO ] [CarritoController:134] Productos rellenados
[2021-11-22 17:27:52] [ INFO ] [CarritoController:134] Productos rellenados
[2021-11-22 17:27:52] [ INFO ] [CarritoController:134] Productos rellenados
[2021-11-22 17:27:52] [ INFO ] [CarritoController:134] Productos rellenados
[2021-11-22 17:27:52] [ INFO ] [CarritoController:134] Productos rellenados
[2021-11-22 17:28:27] [ INFO ] [CarritoController:134] Productos rellenados
[2021-11-22 17:28:27] [ INFO ] [CarritoController:134] Productos rellenados
[2021-11-22 17:28:27] [ INFO ] [CarritoController:134] Productos rellenados
[2021-11-22 17:28:27] [ INFO ] [CarritoController:134] Productos rellenados
[2021-11-22 17:28:27] [ INFO ] [CarritoController:134] Productos rellenados
[2021-11-22 17:28:27] [ INFO ] [CarritoController:134] Productos rellenados
[2021-11-22 17:28:27] [ INFO ] [CarritoController:134] Productos rellenados
[2021-11-22 17:28:27] [ INFO ] [CarritoController:134] Productos rellenados
[2021-11-22 17:28:32] [ INFO ] [CarritoController:134] Productos rellenados
[2021-11-22 17:28:32] [ INFO ] [CarritoController:134] Productos rellenados
[2021-11-22 17:28:32] [ INFO ] [CarritoController:134] Productos rellenados
[2021-11-22 17:28:32] [ INFO ] [CarritoController:134] Productos rellenados
[2021-11-22 17:28:32] [ INFO ] [CarritoController:134] Productos rellenados
[2021-11-22 17:28:32] [ INFO ] [CarritoController:134] Productos rellenados
[2021-11-22 17:28:32] [ INFO ] [CarritoController:134] Productos rellenados
[2021-11-22 17:28:32] [ INFO ] [CarritoController:134] Productos rellenados
[2021-11-22 17:29:15] [ INFO ] [CarritoController:134] Productos rellenados
[2021-11-22 17:29:15] [ INFO ] [CarritoController:134] Productos rellenados
[2021-11-22 17:29:15] [ INFO ] [CarritoController:134] Productos rellenados
[2021-11-22 17:29:15] [ INFO ] [CarritoController:134] Productos rellenados
[2021-11-22 17:29:15] [ INFO ] [CarritoController:134] Productos rellenados
[2021-11-22 17:29:15] [ INFO ] [CarritoController:134] Productos rellenados
[2021-11-22 17:29:15] [ INFO ] [CarritoController:134] Productos rellenados
[2021-11-22 17:29:15] [ INFO ] [CarritoController:134] Productos rellenados
[2021-11-22 17:32:53] [ INFO ] [CarritoController:112] El carrito se ha iniciado
[2021-11-22 17:32:53] [ INFO ] [CarritoController:134] Productos rellenados
[2021-11-22 17:32:53] [ INFO ] [CarritoController:134] Productos rellenados
[2021-11-22 17:32:53] [ INFO ] [CarritoController:134] Productos rellenados
[2021-11-22 17:32:53] [ INFO ] [CarritoController:134] Productos rellenados
[2021-11-22 17:32:53] [ INFO ] [CarritoController:134] Productos rellenados
[2021-11-22 17:32:53] [ INFO ] [CarritoController:134] Productos rellenados
[2021-11-22 17:32:53] [ INFO ] [CarritoController:134] Productos rellenados
[2021-11-22 17:32:53] [ INFO ] [CarritoController:134] Productos rellenados
[2021-11-22 17:32:57] [ INFO ] [CarritoController:112] El carrito se ha iniciado
[2021-11-22 17:32:57] [ INFO ] [CarritoController:134] Productos rellenados
[2021-11-22 17:32:57] [ INFO ] [CarritoController:134] Productos rellenados
[2021-11-22 17:32:57] [ INFO ] [CarritoController:134] Productos rellenados
[2021-11-22 17:32:57] [ INFO ] [CarritoController:134] Productos rellenados
[2021-11-22 17:32:57] [ INFO ] [CarritoController:134] Productos rellenados
[2021-11-22 17:32:57] [ INFO ] [CarritoController:134] Productos rellenados
[2021-11-22 17:32:57] [ INFO ] [CarritoController:134] Productos rellenados
[2021-11-22 17:32:57] [ INFO ] [CarritoController:134] Productos rellenados
[2021-11-22 17:33:00] [ INFO ] [CarritoController:134] Productos rellenados
[2021-11-22 17:33:00] [ INFO ] [CarritoController:134] Productos rellenados
[2021-11-22 17:33:00] [ INFO ] [CarritoController:134] Productos rellenados
[2021-11-22 17:33:00] [ INFO ] [CarritoController:134] Productos rellenados
[2021-11-22 17:33:00] [ INFO ] [CarritoController:134] Productos rellenados
[2021-11-22 17:33:00] [ INFO ] [CarritoController:134] Productos rellenados
[2021-11-22 17:33:00] [ INFO ] [CarritoController:134] Productos rellenados
[2021-11-22 17:33:00] [ INFO ] [CarritoController:134] Productos rellenados
[2021-11-22 17:33:00] [ INFO ] [CarritoController:198] Busqueda por precio
[2021-11-22 17:33:02] [ INFO ] [CarritoController:134] Productos rellenados
[2021-11-22 17:33:02] [ INFO ] [CarritoController:134] Productos rellenados
[2021-11-22 17:33:02] [ INFO ] [CarritoController:134] Productos rellenados
[2021-11-22 17:33:02] [ INFO ] [CarritoController:134] Productos rellenados
[2021-11-22 17:33:02] [ INFO ] [CarritoController:134] Productos rellenados
[2021-11-22 17:33:02] [ INFO ] [CarritoController:134] Productos rellenados
[2021-11-22 17:33:02] [ INFO ] [CarritoController:134] Productos rellenados
[2021-11-22 17:33:02] [ INFO ] [CarritoController:134] Productos rellenados
[2021-11-22 17:33:03] [ INFO ] [CarritoController:134] Productos rellenados
[2021-11-22 17:33:03] [ INFO ] [CarritoController:134] Productos rellenados
[2021-11-22 17:33:03] [ INFO ] [CarritoController:180] Busqueda por categoria
[2021-11-22 17:33:04] [ INFO ] [CarritoController:134] Productos rellenados
[2021-11-22 17:33:04] [ INFO ] [CarritoController:134] Productos rellenados
[2021-11-22 17:33:04] [ INFO ] [CarritoController:180] Busqueda por categoria
[2021-11-22 17:33:09] [ INFO ] [CarritoController:134] Productos rellenados
[2021-11-22 17:33:09] [ INFO ] [CarritoController:134] Productos rellenados
[2021-11-22 17:33:09] [ INFO ] [CarritoController:134] Productos rellenados
[2021-11-22 17:33:09] [ INFO ] [CarritoController:134] Productos rellenados
[2021-11-22 17:33:09] [ INFO ] [CarritoController:134] Productos rellenados
[2021-11-22 17:33:09] [ INFO ] [CarritoController:134] Productos rellenados
[2021-11-22 17:33:09] [ INFO ] [CarritoController:134] Productos rellenados
[2021-11-22 17:33:09] [ INFO ] [CarritoController:134] Productos rellenados
[2021-11-22 17:33:11] [ INFO ] [CarritoController:134] Productos rellenados
[2021-11-22 17:33:11] [ INFO ] [CarritoController:134] Productos rellenados
[2021-11-22 17:33:11] [ INFO ] [CarritoController:134] Productos rellenados
[2021-11-22 17:33:11] [ INFO ] [CarritoController:134] Productos rellenados
[2021-11-22 17:33:11] [ INFO ] [CarritoController:134] Productos rellenados
[2021-11-22 17:33:11] [ INFO ] [CarritoController:134] Productos rellenados
[2021-11-22 17:33:11] [ INFO ] [CarritoController:134] Productos rellenados
[2021-11-22 17:33:11] [ INFO ] [CarritoController:134] Productos rellenados
[2021-11-22 17:33:13] [ INFO ] [CarritoController:134] Productos rellenados
[2021-11-22 17:33:13] [ INFO ] [CarritoController:134] Productos rellenados
[2021-11-22 17:33:13] [ INFO ] [CarritoController:134] Productos rellenados
[2021-11-22 17:33:13] [ INFO ] [CarritoController:134] Productos rellenados
[2021-11-22 17:33:13] [ INFO ] [CarritoController:134] Productos rellenados
[2021-11-22 17:33:13] [ INFO ] [CarritoController:134] Productos rellenados
[2021-11-22 17:33:13] [ INFO ] [CarritoController:134] Productos rellenados
[2021-11-22 17:33:13] [ INFO ] [CarritoController:134] Productos rellenados
[2021-11-22 17:34:04] [ INFO ] [CarritoController:112] El carrito se ha iniciado
[2021-11-22 17:34:04] [ INFO ] [CarritoController:134] Productos rellenados
[2021-11-22 17:34:04] [ INFO ] [CarritoController:134] Productos rellenados
[2021-11-22 17:34:04] [ INFO ] [CarritoController:134] Productos rellenados
[2021-11-22 17:34:04] [ INFO ] [CarritoController:134] Productos rellenados
[2021-11-22 17:34:04] [ INFO ] [CarritoController:134] Productos rellenados
[2021-11-22 17:34:04] [ INFO ] [CarritoController:134] Productos rellenados
[2021-11-22 17:34:04] [ INFO ] [CarritoController:134] Productos rellenados
[2021-11-22 17:34:04] [ INFO ] [CarritoController:134] Productos rellenados
[2021-11-22 17:35:28] [ INFO ] [CarritoController:134] Productos rellenados
[2021-11-22 17:35:28] [ INFO ] [CarritoController:134] Productos rellenados
[2021-11-22 17:35:28] [ INFO ] [CarritoController:134] Productos rellenados
[2021-11-22 17:35:28] [ INFO ] [CarritoController:134] Productos rellenados
[2021-11-22 17:35:28] [ INFO ] [CarritoController:134] Productos rellenados
[2021-11-22 17:35:28] [ INFO ] [CarritoController:134] Productos rellenados
[2021-11-22 17:35:28] [ INFO ] [CarritoController:134] Productos rellenados
[2021-11-22 17:35:28] [ INFO ] [CarritoController:134] Productos rellenados
[2021-11-22 17:35:40] [ INFO ] [CarritoController:134] Productos rellenados
[2021-11-22 17:35:40] [ INFO ] [CarritoController:134] Productos rellenados
[2021-11-22 17:35:40] [ INFO ] [CarritoController:134] Productos rellenados
[2021-11-22 17:35:40] [ INFO ] [CarritoController:134] Productos rellenados
[2021-11-22 17:35:40] [ INFO ] [CarritoController:134] Productos rellenados
[2021-11-22 17:35:40] [ INFO ] [CarritoController:134] Productos rellenados
[2021-11-22 17:35:40] [ INFO ] [CarritoController:134] Productos rellenados
[2021-11-22 17:35:40] [ INFO ] [CarritoController:134] Productos rellenados
[2021-11-22 17:35:43] [ INFO ] [CarritoController:112] El carrito se ha iniciado
[2021-11-22 17:35:43] [ INFO ] [CarritoController:134] Productos rellenados
[2021-11-22 17:35:43] [ INFO ] [CarritoController:134] Productos rellenados
[2021-11-22 17:35:43] [ INFO ] [CarritoController:134] Productos rellenados
[2021-11-22 17:35:43] [ INFO ] [CarritoController:134] Productos rellenados
[2021-11-22 17:35:43] [ INFO ] [CarritoController:134] Productos rellenados
[2021-11-22 17:35:43] [ INFO ] [CarritoController:134] Productos rellenados
[2021-11-22 17:35:43] [ INFO ] [CarritoController:134] Productos rellenados
[2021-11-22 17:35:43] [ INFO ] [CarritoController:134] Productos rellenados
[2021-11-22 17:35:48] [ INFO ] [CarritoController:134] Productos rellenados
[2021-11-22 17:35:48] [ INFO ] [CarritoController:134] Productos rellenados
[2021-11-22 17:35:48] [ INFO ] [CarritoController:134] Productos rellenados
[2021-11-22 17:35:48] [ INFO ] [CarritoController:134] Productos rellenados
[2021-11-22 17:35:48] [ INFO ] [CarritoController:134] Productos rellenados
[2021-11-22 17:35:48] [ INFO ] [CarritoController:134] Productos rellenados
[2021-11-22 17:35:48] [ INFO ] [CarritoController:134] Productos rellenados
[2021-11-22 17:35:48] [ INFO ] [CarritoController:134] Productos rellenados
[2021-11-22 17:35:51] [ INFO ] [CarritoController:112] El carrito se ha iniciado
[2021-11-22 17:35:51] [ INFO ] [CarritoController:134] Productos rellenados
[2021-11-22 17:35:51] [ INFO ] [CarritoController:134] Productos rellenados
[2021-11-22 17:35:51] [ INFO ] [CarritoController:134] Productos rellenados
[2021-11-22 17:35:51] [ INFO ] [CarritoController:134] Productos rellenados
[2021-11-22 17:35:51] [ INFO ] [CarritoController:134] Productos rellenados
[2021-11-22 17:35:51] [ INFO ] [CarritoController:134] Productos rellenados
[2021-11-22 17:35:51] [ INFO ] [CarritoController:134] Productos rellenados
[2021-11-22 17:35:51] [ INFO ] [CarritoController:134] Productos rellenados
[2021-11-22 17:36:23] [ INFO ] [CarritoController:134] Productos rellenados
[2021-11-22 17:36:23] [ INFO ] [CarritoController:134] Productos rellenados
[2021-11-22 17:36:23] [ INFO ] [CarritoController:134] Productos rellenados
[2021-11-22 17:36:23] [ INFO ] [CarritoController:134] Productos rellenados
[2021-11-22 17:36:23] [ INFO ] [CarritoController:134] Productos rellenados
[2021-11-22 17:36:23] [ INFO ] [CarritoController:134] Productos rellenados
[2021-11-22 17:36:23] [ INFO ] [CarritoController:134] Productos rellenados
[2021-11-22 17:36:23] [ INFO ] [CarritoController:134] Productos rellenados
[2021-11-22 17:37:09] [ INFO ] [CarritoController:134] Productos rellenados
[2021-11-22 17:37:09] [ INFO ] [CarritoController:134] Productos rellenados
[2021-11-22 17:37:09] [ INFO ] [CarritoController:134] Productos rellenados
[2021-11-22 17:37:09] [ INFO ] [CarritoController:134] Productos rellenados
[2021-11-22 17:37:09] [ INFO ] [CarritoController:134] Productos rellenados
[2021-11-22 17:37:09] [ INFO ] [CarritoController:134] Productos rellenados
[2021-11-22 17:37:09] [ INFO ] [CarritoController:134] Productos rellenados
[2021-11-22 17:37:09] [ INFO ] [CarritoController:134] Productos rellenados
[2021-11-22 17:37:17] [ INFO ] [CarritoController:134] Productos rellenados
[2021-11-22 17:37:17] [ INFO ] [CarritoController:134] Productos rellenados
[2021-11-22 17:37:17] [ INFO ] [CarritoController:134] Productos rellenados
[2021-11-22 17:37:17] [ INFO ] [CarritoController:134] Productos rellenados
[2021-11-22 17:37:17] [ INFO ] [CarritoController:134] Productos rellenados
[2021-11-22 17:37:17] [ INFO ] [CarritoController:134] Productos rellenados
[2021-11-22 17:37:17] [ INFO ] [CarritoController:134] Productos rellenados
[2021-11-22 17:37:17] [ INFO ] [CarritoController:134] Productos rellenados
[2021-11-22 17:37:18] [ INFO ] [CarritoController:134] Productos rellenados
[2021-11-22 17:37:18] [ INFO ] [CarritoController:134] Productos rellenados
[2021-11-22 17:37:18] [ INFO ] [CarritoController:134] Productos rellenados
[2021-11-22 17:37:18] [ INFO ] [CarritoController:134] Productos rellenados
[2021-11-22 17:37:18] [ INFO ] [CarritoController:134] Productos rellenados
[2021-11-22 17:37:18] [ INFO ] [CarritoController:134] Productos rellenados
[2021-11-22 17:37:18] [ INFO ] [CarritoController:134] Productos rellenados
[2021-11-22 17:37:18] [ INFO ] [CarritoController:134] Productos rellenados
[2021-11-22 17:37:18] [ INFO ] [CarritoController:198] Busqueda por precio
[2021-11-22 17:37:20] [ INFO ] [CarritoController:134] Productos rellenados
[2021-11-22 17:37:20] [ INFO ] [CarritoController:134] Productos rellenados
[2021-11-22 17:37:20] [ INFO ] [CarritoController:180] Busqueda por categoria
[2021-11-22 17:37:22] [ INFO ] [CarritoController:59] no esta vacio
[2021-11-22 17:37:22] [ INFO ] [CarritoController:134] Productos rellenados
[2021-11-22 17:37:22] [ INFO ] [CarritoController:134] Productos rellenados
[2021-11-22 17:37:22] [ INFO ] [CarritoController:134] Productos rellenados
[2021-11-22 17:37:22] [ INFO ] [CarritoController:134] Productos rellenados
[2021-11-22 17:37:22] [ INFO ] [CarritoController:134] Productos rellenados
[2021-11-22 17:37:22] [ INFO ] [CarritoController:134] Productos rellenados
[2021-11-22 17:37:22] [ INFO ] [CarritoController:134] Productos rellenados
[2021-11-22 17:37:22] [ INFO ] [CarritoController:134] Productos rellenados
[2021-11-22 17:37:23] [ INFO ] [CarritoController:59] no esta vacio
[2021-11-22 17:37:23] [ INFO ] [CarritoController:134] Productos rellenados
[2021-11-22 17:37:23] [ INFO ] [CarritoController:134] Productos rellenados
[2021-11-22 17:37:23] [ INFO ] [CarritoController:134] Productos rellenados
[2021-11-22 17:37:23] [ INFO ] [CarritoController:134] Productos rellenados
[2021-11-22 17:37:23] [ INFO ] [CarritoController:134] Productos rellenados
[2021-11-22 17:37:23] [ INFO ] [CarritoController:134] Productos rellenados
[2021-11-22 17:37:23] [ INFO ] [CarritoController:134] Productos rellenados
[2021-11-22 17:37:23] [ INFO ] [CarritoController:134] Productos rellenados
[2021-11-22 17:37:25] [ INFO ] [CarritoController:59] no esta vacio
[2021-11-22 17:37:25] [ INFO ] [CarritoController:73] Producto sumado al carrito
[2021-11-22 17:37:25] [ INFO ] [CarritoController:134] Productos rellenados
[2021-11-22 17:37:25] [ INFO ] [CarritoController:134] Productos rellenados
[2021-11-22 17:37:25] [ INFO ] [CarritoController:134] Productos rellenados
[2021-11-22 17:37:25] [ INFO ] [CarritoController:134] Productos rellenados
[2021-11-22 17:37:25] [ INFO ] [CarritoController:134] Productos rellenados
[2021-11-22 17:37:25] [ INFO ] [CarritoController:134] Productos rellenados
[2021-11-22 17:37:25] [ INFO ] [CarritoController:134] Productos rellenados
[2021-11-22 17:37:25] [ INFO ] [CarritoController:134] Productos rellenados
[2021-11-22 17:37:29] [ INFO ] [CarritoController:164] El usuario no esta logueado
[2021-11-22 17:38:02] [ INFO ] [CarritoController:134] Productos rellenados
[2021-11-22 17:38:02] [ INFO ] [CarritoController:134] Productos rellenados
[2021-11-22 17:38:02] [ INFO ] [CarritoController:134] Productos rellenados
[2021-11-22 17:38:02] [ INFO ] [CarritoController:134] Productos rellenados
[2021-11-22 17:38:02] [ INFO ] [CarritoController:134] Productos rellenados
[2021-11-22 17:38:02] [ INFO ] [CarritoController:134] Productos rellenados
[2021-11-22 17:38:02] [ INFO ] [CarritoController:134] Productos rellenados
[2021-11-22 17:38:02] [ INFO ] [CarritoController:134] Productos rellenados
[2021-11-22 17:38:06] [ INFO ] [CarritoController:164] El usuario no esta logueado
[2021-11-22 17:38:10] [ INFO ] [CarritoController:134] Productos rellenados
[2021-11-22 17:38:10] [ INFO ] [CarritoController:134] Productos rellenados
[2021-11-22 17:38:10] [ INFO ] [CarritoController:134] Productos rellenados
[2021-11-22 17:38:10] [ INFO ] [CarritoController:134] Productos rellenados
[2021-11-22 17:38:10] [ INFO ] [CarritoController:134] Productos rellenados
[2021-11-22 17:38:10] [ INFO ] [CarritoController:134] Productos rellenados
[2021-11-22 17:38:10] [ INFO ] [CarritoController:134] Productos rellenados
[2021-11-22 17:38:10] [ INFO ] [CarritoController:134] Productos rellenados
[2021-11-22 17:39:04] [ INFO ] [CarritoController:112] El carrito se ha iniciado
[2021-11-22 17:39:04] [ INFO ] [CarritoController:134] Productos rellenados
[2021-11-22 17:39:04] [ INFO ] [CarritoController:134] Productos rellenados
[2021-11-22 17:39:04] [ INFO ] [CarritoController:134] Productos rellenados
[2021-11-22 17:39:04] [ INFO ] [CarritoController:134] Productos rellenados
[2021-11-22 17:39:04] [ INFO ] [CarritoController:134] Productos rellenados
[2021-11-22 17:39:04] [ INFO ] [CarritoController:134] Productos rellenados
[2021-11-22 17:39:04] [ INFO ] [CarritoController:134] Productos rellenados
[2021-11-22 17:39:04] [ INFO ] [CarritoController:134] Productos rellenados
[2021-11-22 17:39:19] [ INFO ] [CarritoController:134] Productos rellenados
[2021-11-22 17:39:19] [ INFO ] [CarritoController:134] Productos rellenados
[2021-11-22 17:39:19] [ INFO ] [CarritoController:134] Productos rellenados
[2021-11-22 17:39:19] [ INFO ] [CarritoController:134] Productos rellenados
[2021-11-22 17:39:19] [ INFO ] [CarritoController:134] Productos rellenados
[2021-11-22 17:39:19] [ INFO ] [CarritoController:134] Productos rellenados
[2021-11-22 17:39:19] [ INFO ] [CarritoController:134] Productos rellenados
[2021-11-22 17:39:19] [ INFO ] [CarritoController:134] Productos rellenados
[2021-11-22 17:40:00] [ INFO ] [CarritoController:134] Productos rellenados
[2021-11-22 17:40:00] [ INFO ] [CarritoController:134] Productos rellenados
[2021-11-22 17:40:00] [ INFO ] [CarritoController:134] Productos rellenados
[2021-11-22 17:40:00] [ INFO ] [CarritoController:134] Productos rellenados
[2021-11-22 17:40:00] [ INFO ] [CarritoController:134] Productos rellenados
[2021-11-22 17:40:00] [ INFO ] [CarritoController:134] Productos rellenados
[2021-11-22 17:40:00] [ INFO ] [CarritoController:134] Productos rellenados
[2021-11-22 17:40:00] [ INFO ] [CarritoController:134] Productos rellenados
[2021-11-22 20:05:42] [ INFO ] [CarritoController:112] El carrito se ha iniciado
[2021-11-22 20:05:42] [ INFO ] [CarritoController:134] Productos rellenados
[2021-11-22 20:05:42] [ INFO ] [CarritoController:134] Productos rellenados
[2021-11-22 20:05:42] [ INFO ] [CarritoController:134] Productos rellenados
[2021-11-22 20:05:42] [ INFO ] [CarritoController:134] Productos rellenados
[2021-11-22 20:05:42] [ INFO ] [CarritoController:134] Productos rellenados
[2021-11-22 20:05:42] [ INFO ] [CarritoController:134] Productos rellenados
[2021-11-22 20:05:42] [ INFO ] [CarritoController:134] Productos rellenados
[2021-11-22 20:05:42] [ INFO ] [CarritoController:134] Productos rellenados
[2021-11-22 20:05:49] [ INFO ] [CarritoController:134] Productos rellenados
[2021-11-22 20:05:49] [ INFO ] [CarritoController:134] Productos rellenados
[2021-11-22 20:05:49] [ INFO ] [CarritoController:134] Productos rellenados
[2021-11-22 20:05:49] [ INFO ] [CarritoController:134] Productos rellenados
[2021-11-22 20:05:49] [ INFO ] [CarritoController:134] Productos rellenados
[2021-11-22 20:05:49] [ INFO ] [CarritoController:134] Productos rellenados
[2021-11-22 20:05:49] [ INFO ] [CarritoController:134] Productos rellenados
[2021-11-22 20:05:49] [ INFO ] [CarritoController:134] Productos rellenados
[2021-11-22 20:05:50] [ INFO ] [CarritoController:59] no esta vacio
[2021-11-22 20:05:50] [ INFO ] [CarritoController:134] Productos rellenados
[2021-11-22 20:05:50] [ INFO ] [CarritoController:134] Productos rellenados
[2021-11-22 20:05:50] [ INFO ] [CarritoController:134] Productos rellenados
[2021-11-22 20:05:50] [ INFO ] [CarritoController:134] Productos rellenados
[2021-11-22 20:05:50] [ INFO ] [CarritoController:134] Productos rellenados
[2021-11-22 20:05:50] [ INFO ] [CarritoController:134] Productos rellenados
[2021-11-22 20:05:50] [ INFO ] [CarritoController:134] Productos rellenados
[2021-11-22 20:05:50] [ INFO ] [CarritoController:134] Productos rellenados
[2021-11-22 20:05:51] [ INFO ] [CarritoController:59] no esta vacio
[2021-11-22 20:05:51] [ INFO ] [CarritoController:73] Producto sumado al carrito
[2021-11-22 20:05:51] [ INFO ] [CarritoController:134] Productos rellenados
[2021-11-22 20:05:51] [ INFO ] [CarritoController:134] Productos rellenados
[2021-11-22 20:05:51] [ INFO ] [CarritoController:134] Productos rellenados
[2021-11-22 20:05:51] [ INFO ] [CarritoController:134] Productos rellenados
[2021-11-22 20:05:51] [ INFO ] [CarritoController:134] Productos rellenados
[2021-11-22 20:05:51] [ INFO ] [CarritoController:134] Productos rellenados
[2021-11-22 20:05:51] [ INFO ] [CarritoController:134] Productos rellenados
[2021-11-22 20:05:51] [ INFO ] [CarritoController:134] Productos rellenados
[2021-11-22 20:05:52] [ INFO ] [CarritoController:59] no esta vacio
[2021-11-22 20:05:52] [ INFO ] [CarritoController:134] Productos rellenados
[2021-11-22 20:05:52] [ INFO ] [CarritoController:134] Productos rellenados
[2021-11-22 20:05:52] [ INFO ] [CarritoController:134] Productos rellenados
[2021-11-22 20:05:52] [ INFO ] [CarritoController:134] Productos rellenados
[2021-11-22 20:05:52] [ INFO ] [CarritoController:134] Productos rellenados
[2021-11-22 20:05:52] [ INFO ] [CarritoController:134] Productos rellenados
[2021-11-22 20:05:52] [ INFO ] [CarritoController:134] Productos rellenados
[2021-11-22 20:05:52] [ INFO ] [CarritoController:134] Productos rellenados
[2021-11-22 20:05:54] [ INFO ] [CarritoController:59] no esta vacio
[2021-11-22 20:05:54] [ INFO ] [CarritoController:73] Producto sumado al carrito
[2021-11-22 20:05:54] [ INFO ] [CarritoController:134] Productos rellenados
[2021-11-22 20:05:54] [ INFO ] [CarritoController:134] Productos rellenados
[2021-11-22 20:05:54] [ INFO ] [CarritoController:134] Productos rellenados
[2021-11-22 20:05:54] [ INFO ] [CarritoController:134] Productos rellenados
[2021-11-22 20:05:54] [ INFO ] [CarritoController:134] Productos rellenados
[2021-11-22 20:05:54] [ INFO ] [CarritoController:134] Productos rellenados
[2021-11-22 20:05:54] [ INFO ] [CarritoController:134] Productos rellenados
[2021-11-22 20:05:54] [ INFO ] [CarritoController:134] Productos rellenados
[2021-11-22 20:05:56] [ INFO ] [CarritoController:164] El usuario no esta logueado
[2021-11-22 20:05:58] [ INFO ] [CarritoController:134] Productos rellenados
[2021-11-22 20:05:58] [ INFO ] [CarritoController:134] Productos rellenados
[2021-11-22 20:05:58] [ INFO ] [CarritoController:134] Productos rellenados
[2021-11-22 20:05:58] [ INFO ] [CarritoController:134] Productos rellenados
[2021-11-22 20:05:58] [ INFO ] [CarritoController:134] Productos rellenados
[2021-11-22 20:05:58] [ INFO ] [CarritoController:134] Productos rellenados
[2021-11-22 20:05:58] [ INFO ] [CarritoController:134] Productos rellenados
[2021-11-22 20:05:58] [ INFO ] [CarritoController:134] Productos rellenados
[2021-11-22 20:06:00] [ INFO ] [CarritoController:112] El carrito se ha iniciado
[2021-11-22 20:06:00] [ INFO ] [CarritoController:134] Productos rellenados
[2021-11-22 20:06:00] [ INFO ] [CarritoController:134] Productos rellenados
[2021-11-22 20:06:00] [ INFO ] [CarritoController:134] Productos rellenados
[2021-11-22 20:06:00] [ INFO ] [CarritoController:134] Productos rellenados
[2021-11-22 20:06:00] [ INFO ] [CarritoController:134] Productos rellenados
[2021-11-22 20:06:00] [ INFO ] [CarritoController:134] Productos rellenados
[2021-11-22 20:06:00] [ INFO ] [CarritoController:134] Productos rellenados
[2021-11-22 20:06:00] [ INFO ] [CarritoController:134] Productos rellenados
[2021-11-22 20:06:04] [ INFO ] [CarritoController:134] Productos rellenados
[2021-11-22 20:06:04] [ INFO ] [CarritoController:134] Productos rellenados
[2021-11-22 20:06:04] [ INFO ] [CarritoController:134] Productos rellenados
[2021-11-22 20:06:04] [ INFO ] [CarritoController:134] Productos rellenados
[2021-11-22 20:06:04] [ INFO ] [CarritoController:134] Productos rellenados
[2021-11-22 20:06:04] [ INFO ] [CarritoController:134] Productos rellenados
[2021-11-22 20:06:04] [ INFO ] [CarritoController:134] Productos rellenados
[2021-11-22 20:06:04] [ INFO ] [CarritoController:134] Productos rellenados
[2021-11-22 20:06:20] [ INFO ] [CarritoController:134] Productos rellenados
[2021-11-22 20:06:20] [ INFO ] [CarritoController:134] Productos rellenados
[2021-11-22 20:06:20] [ INFO ] [CarritoController:134] Productos rellenados
[2021-11-22 20:06:20] [ INFO ] [CarritoController:134] Productos rellenados
[2021-11-22 20:06:20] [ INFO ] [CarritoController:134] Productos rellenados
[2021-11-22 20:06:20] [ INFO ] [CarritoController:134] Productos rellenados
[2021-11-22 20:06:20] [ INFO ] [CarritoController:134] Productos rellenados
[2021-11-22 20:06:20] [ INFO ] [CarritoController:134] Productos rellenados
[2021-11-22 20:06:21] [ INFO ] [CarritoController:112] El carrito se ha iniciado
[2021-11-22 20:06:21] [ INFO ] [CarritoController:134] Productos rellenados
[2021-11-22 20:06:21] [ INFO ] [CarritoController:134] Productos rellenados
[2021-11-22 20:06:21] [ INFO ] [CarritoController:134] Productos rellenados
[2021-11-22 20:06:21] [ INFO ] [CarritoController:134] Productos rellenados
[2021-11-22 20:06:21] [ INFO ] [CarritoController:134] Productos rellenados
[2021-11-22 20:06:21] [ INFO ] [CarritoController:134] Productos rellenados
[2021-11-22 20:06:21] [ INFO ] [CarritoController:134] Productos rellenados
[2021-11-22 20:06:21] [ INFO ] [CarritoController:134] Productos rellenados
[2021-11-22 20:06:25] [ INFO ] [CarritoController:134] Productos rellenados
[2021-11-22 20:06:25] [ INFO ] [CarritoController:134] Productos rellenados
[2021-11-22 20:06:25] [ INFO ] [CarritoController:134] Productos rellenados
[2021-11-22 20:06:25] [ INFO ] [CarritoController:134] Productos rellenados
[2021-11-22 20:06:25] [ INFO ] [CarritoController:134] Productos rellenados
[2021-11-22 20:06:25] [ INFO ] [CarritoController:134] Productos rellenados
[2021-11-22 20:06:25] [ INFO ] [CarritoController:134] Productos rellenados
[2021-11-22 20:06:25] [ INFO ] [CarritoController:134] Productos rellenados
[2021-11-22 20:06:32] [ INFO ] [PedidosController:334] pdf creado
[2021-11-22 20:08:06] [ INFO ] [PedidosController:335] pdf creado
[2021-11-22 20:08:53] [ INFO ] [PedidosController:336] pdf creado
