[2021-11-11 14:03:38] [ INFO ] [CarritoController:62] El carrito se ha iniciado
[2021-11-11 14:03:38] [ INFO ] [CarritoController:78] Productos rellenados
[2021-11-11 14:03:38] [ INFO ] [CarritoController:78] Productos rellenados
[2021-11-11 14:03:38] [ INFO ] [CarritoController:78] Productos rellenados
[2021-11-11 14:03:38] [ INFO ] [CarritoController:78] Productos rellenados
[2021-11-11 14:03:38] [ INFO ] [CarritoController:78] Productos rellenados
[2021-11-11 14:06:22] [ INFO ] [CarritoController:78] Productos rellenados
[2021-11-11 14:06:22] [ INFO ] [CarritoController:78] Productos rellenados
[2021-11-11 14:06:22] [ INFO ] [CarritoController:78] Productos rellenados
[2021-11-11 14:06:22] [ INFO ] [CarritoController:78] Productos rellenados
[2021-11-11 14:06:22] [ INFO ] [CarritoController:78] Productos rellenados
[2021-11-11 14:06:36] [ INFO ] [CarritoController:78] Productos rellenados
[2021-11-11 14:06:36] [ INFO ] [CarritoController:78] Productos rellenados
[2021-11-11 14:06:36] [ INFO ] [CarritoController:78] Productos rellenados
[2021-11-11 14:06:36] [ INFO ] [CarritoController:78] Productos rellenados
[2021-11-11 14:06:36] [ INFO ] [CarritoController:78] Productos rellenados
[2021-11-11 14:06:37] [ INFO ] [CarritoController:59] no esta vacio
[2021-11-11 14:06:37] [ INFO ] [CarritoController:78] Productos rellenados
[2021-11-11 14:06:37] [ INFO ] [CarritoController:78] Productos rellenados
[2021-11-11 14:06:37] [ INFO ] [CarritoController:78] Productos rellenados
[2021-11-11 14:06:37] [ INFO ] [CarritoController:78] Productos rellenados
[2021-11-11 14:06:37] [ INFO ] [CarritoController:78] Productos rellenados
[2021-11-11 14:06:39] [ INFO ] [CarritoController:162] El usuario no esta logueado
[2021-11-11 14:19:09] [ INFO ] [CarritoController:162] El usuario no esta logueado
[2021-11-11 14:19:14] [ INFO ] [CarritoController:162] El usuario no esta logueado
[2021-11-11 14:25:49] [ INFO ] [CarritoController:62] El carrito se ha iniciado
[2021-11-11 14:25:49] [ INFO ] [CarritoController:78] Productos rellenados
[2021-11-11 14:25:49] [ INFO ] [CarritoController:78] Productos rellenados
[2021-11-11 14:25:49] [ INFO ] [CarritoController:78] Productos rellenados
[2021-11-11 14:25:49] [ INFO ] [CarritoController:78] Productos rellenados
[2021-11-11 14:25:49] [ INFO ] [CarritoController:78] Productos rellenados
[2021-11-11 14:30:24] [ INFO ] [CarritoController:62] El carrito se ha iniciado
[2021-11-11 14:30:24] [ INFO ] [CarritoController:78] Productos rellenados
[2021-11-11 14:30:24] [ INFO ] [CarritoController:78] Productos rellenados
[2021-11-11 14:30:24] [ INFO ] [CarritoController:78] Productos rellenados
[2021-11-11 14:30:24] [ INFO ] [CarritoController:78] Productos rellenados
[2021-11-11 14:30:24] [ INFO ] [CarritoController:78] Productos rellenados
[2021-11-11 14:31:54] [ INFO ] [CarritoController:78] Productos rellenados
[2021-11-11 14:31:54] [ INFO ] [CarritoController:78] Productos rellenados
[2021-11-11 14:31:54] [ INFO ] [CarritoController:78] Productos rellenados
[2021-11-11 14:31:54] [ INFO ] [CarritoController:78] Productos rellenados
[2021-11-11 14:31:54] [ INFO ] [CarritoController:78] Productos rellenados
[2021-11-11 14:32:58] [ INFO ] [CarritoController:78] Productos rellenados
[2021-11-11 14:32:58] [ INFO ] [CarritoController:78] Productos rellenados
[2021-11-11 14:32:58] [ INFO ] [CarritoController:78] Productos rellenados
[2021-11-11 14:32:58] [ INFO ] [CarritoController:78] Productos rellenados
[2021-11-11 14:32:58] [ INFO ] [CarritoController:78] Productos rellenados
[2021-11-11 16:16:16] [ INFO ] [CarritoController:62] El carrito se ha iniciado
[2021-11-11 16:16:16] [ INFO ] [CarritoController:78] Productos rellenados
[2021-11-11 16:16:16] [ INFO ] [CarritoController:78] Productos rellenados
[2021-11-11 16:16:16] [ INFO ] [CarritoController:78] Productos rellenados
[2021-11-11 16:16:16] [ INFO ] [CarritoController:78] Productos rellenados
[2021-11-11 16:16:16] [ INFO ] [CarritoController:78] Productos rellenados
[2021-11-11 16:16:24] [ INFO ] [CarritoController:78] Productos rellenados
[2021-11-11 16:16:24] [ INFO ] [CarritoController:78] Productos rellenados
[2021-11-11 16:16:24] [ INFO ] [CarritoController:78] Productos rellenados
[2021-11-11 16:16:24] [ INFO ] [CarritoController:78] Productos rellenados
[2021-11-11 16:16:24] [ INFO ] [CarritoController:78] Productos rellenados
[2021-11-11 16:16:31] [ INFO ] [CarritoController:78] Productos rellenados
[2021-11-11 16:16:31] [ INFO ] [CarritoController:78] Productos rellenados
[2021-11-11 16:16:31] [ INFO ] [CarritoController:78] Productos rellenados
[2021-11-11 16:16:31] [ INFO ] [CarritoController:78] Productos rellenados
[2021-11-11 16:16:31] [ INFO ] [CarritoController:78] Productos rellenados
[2021-11-11 16:17:39] [ INFO ] [CarritoController:78] Productos rellenados
[2021-11-11 16:17:39] [ INFO ] [CarritoController:78] Productos rellenados
[2021-11-11 16:17:39] [ INFO ] [CarritoController:78] Productos rellenados
[2021-11-11 16:17:39] [ INFO ] [CarritoController:78] Productos rellenados
[2021-11-11 16:17:39] [ INFO ] [CarritoController:78] Productos rellenados
[2021-11-11 16:17:40] [ INFO ] [CarritoController:78] Productos rellenados
[2021-11-11 16:17:40] [ INFO ] [CarritoController:78] Productos rellenados
[2021-11-11 16:17:40] [ INFO ] [CarritoController:78] Productos rellenados
[2021-11-11 16:17:40] [ INFO ] [CarritoController:78] Productos rellenados
[2021-11-11 16:17:40] [ INFO ] [CarritoController:78] Productos rellenados
[2021-11-11 16:17:51] [ INFO ] [CarritoController:78] Productos rellenados
[2021-11-11 16:17:51] [ INFO ] [CarritoController:78] Productos rellenados
[2021-11-11 16:17:51] [ INFO ] [CarritoController:78] Productos rellenados
[2021-11-11 16:17:51] [ INFO ] [CarritoController:78] Productos rellenados
[2021-11-11 16:17:51] [ INFO ] [CarritoController:78] Productos rellenados
[2021-11-11 16:18:14] [ INFO ] [CarritoController:78] Productos rellenados
[2021-11-11 16:18:14] [ INFO ] [CarritoController:78] Productos rellenados
[2021-11-11 16:18:14] [ INFO ] [CarritoController:78] Productos rellenados
[2021-11-11 16:18:14] [ INFO ] [CarritoController:78] Productos rellenados
[2021-11-11 16:18:14] [ INFO ] [CarritoController:78] Productos rellenados
[2021-11-11 16:18:39] [ INFO ] [CarritoController:78] Productos rellenados
[2021-11-11 16:18:39] [ INFO ] [CarritoController:78] Productos rellenados
[2021-11-11 16:18:39] [ INFO ] [CarritoController:78] Productos rellenados
[2021-11-11 16:18:39] [ INFO ] [CarritoController:78] Productos rellenados
[2021-11-11 16:18:39] [ INFO ] [CarritoController:78] Productos rellenados
[2021-11-11 16:21:06] [ INFO ] [CarritoController:78] Productos rellenados
[2021-11-11 16:21:06] [ INFO ] [CarritoController:78] Productos rellenados
[2021-11-11 16:21:06] [ INFO ] [CarritoController:78] Productos rellenados
[2021-11-11 16:21:06] [ INFO ] [CarritoController:78] Productos rellenados
[2021-11-11 16:21:06] [ INFO ] [CarritoController:78] Productos rellenados
[2021-11-11 16:21:15] [ INFO ] [CarritoController:78] Productos rellenados
[2021-11-11 16:21:15] [ INFO ] [CarritoController:78] Productos rellenados
[2021-11-11 16:21:15] [ INFO ] [CarritoController:78] Productos rellenados
[2021-11-11 16:21:15] [ INFO ] [CarritoController:78] Productos rellenados
[2021-11-11 16:21:15] [ INFO ] [CarritoController:78] Productos rellenados
[2021-11-11 16:22:31] [ INFO ] [CarritoController:78] Productos rellenados
[2021-11-11 16:22:31] [ INFO ] [CarritoController:78] Productos rellenados
[2021-11-11 16:22:31] [ INFO ] [CarritoController:78] Productos rellenados
[2021-11-11 16:22:31] [ INFO ] [CarritoController:78] Productos rellenados
[2021-11-11 16:22:31] [ INFO ] [CarritoController:78] Productos rellenados
[2021-11-11 16:32:37] [ INFO ] [CarritoController:62] El carrito se ha iniciado
[2021-11-11 16:32:37] [ INFO ] [CarritoController:78] Productos rellenados
[2021-11-11 16:32:37] [ INFO ] [CarritoController:78] Productos rellenados
[2021-11-11 16:32:37] [ INFO ] [CarritoController:78] Productos rellenados
[2021-11-11 16:32:37] [ INFO ] [CarritoController:78] Productos rellenados
[2021-11-11 16:32:37] [ INFO ] [CarritoController:78] Productos rellenados
[2021-11-11 16:32:53] [ INFO ] [CarritoController:78] Productos rellenados
[2021-11-11 16:32:53] [ INFO ] [CarritoController:78] Productos rellenados
[2021-11-11 16:32:53] [ INFO ] [CarritoController:78] Productos rellenados
[2021-11-11 16:32:53] [ INFO ] [CarritoController:78] Productos rellenados
[2021-11-11 16:32:53] [ INFO ] [CarritoController:78] Productos rellenados
[2021-11-11 16:32:56] [ INFO ] [CarritoController:78] Productos rellenados
[2021-11-11 16:32:56] [ INFO ] [CarritoController:78] Productos rellenados
[2021-11-11 16:32:56] [ INFO ] [CarritoController:78] Productos rellenados
[2021-11-11 16:32:56] [ INFO ] [CarritoController:78] Productos rellenados
[2021-11-11 16:32:56] [ INFO ] [CarritoController:78] Productos rellenados
[2021-11-11 16:32:57] [ INFO ] [CarritoController:78] Productos rellenados
[2021-11-11 16:32:57] [ INFO ] [CarritoController:78] Productos rellenados
[2021-11-11 16:32:57] [ INFO ] [CarritoController:78] Productos rellenados
[2021-11-11 16:32:57] [ INFO ] [CarritoController:78] Productos rellenados
[2021-11-11 16:32:57] [ INFO ] [CarritoController:78] Productos rellenados
[2021-11-11 16:33:01] [ INFO ] [CarritoController:62] El carrito se ha iniciado
[2021-11-11 16:33:01] [ INFO ] [CarritoController:78] Productos rellenados
[2021-11-11 16:33:01] [ INFO ] [CarritoController:78] Productos rellenados
[2021-11-11 16:33:01] [ INFO ] [CarritoController:78] Productos rellenados
[2021-11-11 16:33:01] [ INFO ] [CarritoController:78] Productos rellenados
[2021-11-11 16:33:01] [ INFO ] [CarritoController:78] Productos rellenados
[2021-11-11 16:37:01] [ INFO ] [CarritoController:78] Productos rellenados
[2021-11-11 16:37:01] [ INFO ] [CarritoController:78] Productos rellenados
[2021-11-11 16:37:01] [ INFO ] [CarritoController:78] Productos rellenados
[2021-11-11 16:37:01] [ INFO ] [CarritoController:78] Productos rellenados
[2021-11-11 16:37:01] [ INFO ] [CarritoController:78] Productos rellenados
[2021-11-11 16:37:07] [ INFO ] [CarritoController:62] El carrito se ha iniciado
[2021-11-11 16:37:07] [ INFO ] [CarritoController:78] Productos rellenados
[2021-11-11 16:37:07] [ INFO ] [CarritoController:78] Productos rellenados
[2021-11-11 16:37:07] [ INFO ] [CarritoController:78] Productos rellenados
[2021-11-11 16:37:07] [ INFO ] [CarritoController:78] Productos rellenados
[2021-11-11 16:37:07] [ INFO ] [CarritoController:78] Productos rellenados
[2021-11-11 16:37:14] [ INFO ] [CarritoController:78] Productos rellenados
[2021-11-11 16:37:14] [ INFO ] [CarritoController:78] Productos rellenados
[2021-11-11 16:37:14] [ INFO ] [CarritoController:78] Productos rellenados
[2021-11-11 16:37:14] [ INFO ] [CarritoController:78] Productos rellenados
[2021-11-11 16:37:14] [ INFO ] [CarritoController:78] Productos rellenados
[2021-11-11 16:37:22] [ INFO ] [CarritoController:62] El carrito se ha iniciado
[2021-11-11 16:37:22] [ INFO ] [CarritoController:78] Productos rellenados
[2021-11-11 16:37:22] [ INFO ] [CarritoController:78] Productos rellenados
[2021-11-11 16:37:22] [ INFO ] [CarritoController:78] Productos rellenados
[2021-11-11 16:37:22] [ INFO ] [CarritoController:78] Productos rellenados
[2021-11-11 16:37:22] [ INFO ] [CarritoController:78] Productos rellenados
[2021-11-11 16:39:05] [ INFO ] [CarritoController:78] Productos rellenados
[2021-11-11 16:39:05] [ INFO ] [CarritoController:78] Productos rellenados
[2021-11-11 16:39:05] [ INFO ] [CarritoController:78] Productos rellenados
[2021-11-11 16:39:05] [ INFO ] [CarritoController:78] Productos rellenados
[2021-11-11 16:39:05] [ INFO ] [CarritoController:78] Productos rellenados
[2021-11-11 16:39:21] [ INFO ] [CarritoController:78] Productos rellenados
[2021-11-11 16:39:21] [ INFO ] [CarritoController:78] Productos rellenados
[2021-11-11 16:39:21] [ INFO ] [CarritoController:78] Productos rellenados
[2021-11-11 16:39:21] [ INFO ] [CarritoController:78] Productos rellenados
[2021-11-11 16:39:21] [ INFO ] [CarritoController:78] Productos rellenados
[2021-11-11 16:41:11] [ INFO ] [CarritoController:62] El carrito se ha iniciado
[2021-11-11 16:41:11] [ INFO ] [CarritoController:78] Productos rellenados
[2021-11-11 16:41:11] [ INFO ] [CarritoController:78] Productos rellenados
[2021-11-11 16:41:11] [ INFO ] [CarritoController:78] Productos rellenados
[2021-11-11 16:41:11] [ INFO ] [CarritoController:78] Productos rellenados
[2021-11-11 16:41:11] [ INFO ] [CarritoController:78] Productos rellenados
[2021-11-11 16:41:21] [ INFO ] [CarritoController:78] Productos rellenados
[2021-11-11 16:41:21] [ INFO ] [CarritoController:78] Productos rellenados
[2021-11-11 16:41:21] [ INFO ] [CarritoController:78] Productos rellenados
[2021-11-11 16:41:21] [ INFO ] [CarritoController:78] Productos rellenados
[2021-11-11 16:41:21] [ INFO ] [CarritoController:78] Productos rellenados
[2021-11-11 16:44:26] [ INFO ] [CarritoController:62] El carrito se ha iniciado
[2021-11-11 16:44:26] [ INFO ] [CarritoController:78] Productos rellenados
[2021-11-11 16:44:26] [ INFO ] [CarritoController:78] Productos rellenados
[2021-11-11 16:44:26] [ INFO ] [CarritoController:78] Productos rellenados
[2021-11-11 16:44:26] [ INFO ] [CarritoController:78] Productos rellenados
[2021-11-11 16:44:26] [ INFO ] [CarritoController:78] Productos rellenados
[2021-11-11 16:47:07] [ INFO ] [CarritoController:62] El carrito se ha iniciado
[2021-11-11 16:47:07] [ INFO ] [CarritoController:78] Productos rellenados
[2021-11-11 16:47:07] [ INFO ] [CarritoController:78] Productos rellenados
[2021-11-11 16:47:07] [ INFO ] [CarritoController:78] Productos rellenados
[2021-11-11 16:47:07] [ INFO ] [CarritoController:78] Productos rellenados
[2021-11-11 16:47:07] [ INFO ] [CarritoController:78] Productos rellenados
[2021-11-11 16:47:56] [ INFO ] [CarritoController:62] El carrito se ha iniciado
[2021-11-11 16:47:56] [ INFO ] [CarritoController:78] Productos rellenados
[2021-11-11 16:47:56] [ INFO ] [CarritoController:78] Productos rellenados
[2021-11-11 16:47:56] [ INFO ] [CarritoController:78] Productos rellenados
[2021-11-11 16:47:56] [ INFO ] [CarritoController:78] Productos rellenados
[2021-11-11 16:47:56] [ INFO ] [CarritoController:78] Productos rellenados
[2021-11-11 16:48:05] [ INFO ] [CarritoController:78] Productos rellenados
[2021-11-11 16:48:05] [ INFO ] [CarritoController:78] Productos rellenados
[2021-11-11 16:48:05] [ INFO ] [CarritoController:78] Productos rellenados
[2021-11-11 16:48:05] [ INFO ] [CarritoController:78] Productos rellenados
[2021-11-11 16:48:05] [ INFO ] [CarritoController:78] Productos rellenados
[2021-11-11 16:48:49] [ INFO ] [CarritoController:78] Productos rellenados
[2021-11-11 16:48:49] [ INFO ] [CarritoController:78] Productos rellenados
[2021-11-11 16:48:49] [ INFO ] [CarritoController:78] Productos rellenados
[2021-11-11 16:48:49] [ INFO ] [CarritoController:78] Productos rellenados
[2021-11-11 16:48:49] [ INFO ] [CarritoController:78] Productos rellenados
[2021-11-11 17:00:52] [ INFO ] [CarritoController:78] Productos rellenados
[2021-11-11 17:00:52] [ INFO ] [CarritoController:78] Productos rellenados
[2021-11-11 17:00:52] [ INFO ] [CarritoController:78] Productos rellenados
[2021-11-11 17:00:52] [ INFO ] [CarritoController:78] Productos rellenados
[2021-11-11 17:00:52] [ INFO ] [CarritoController:78] Productos rellenados
[2021-11-11 17:00:55] [ INFO ] [CarritoController:62] El carrito se ha iniciado
[2021-11-11 17:00:55] [ INFO ] [CarritoController:78] Productos rellenados
[2021-11-11 17:00:55] [ INFO ] [CarritoController:78] Productos rellenados
[2021-11-11 17:00:55] [ INFO ] [CarritoController:78] Productos rellenados
[2021-11-11 17:00:55] [ INFO ] [CarritoController:78] Productos rellenados
[2021-11-11 17:00:55] [ INFO ] [CarritoController:78] Productos rellenados
[2021-11-11 17:01:02] [ INFO ] [CarritoController:78] Productos rellenados
[2021-11-11 17:01:02] [ INFO ] [CarritoController:78] Productos rellenados
[2021-11-11 17:01:02] [ INFO ] [CarritoController:78] Productos rellenados
[2021-11-11 17:01:02] [ INFO ] [CarritoController:78] Productos rellenados
[2021-11-11 17:01:02] [ INFO ] [CarritoController:78] Productos rellenados
[2021-11-11 17:07:47] [ INFO ] [CarritoController:78] Productos rellenados
[2021-11-11 17:07:47] [ INFO ] [CarritoController:78] Productos rellenados
[2021-11-11 17:07:47] [ INFO ] [CarritoController:78] Productos rellenados
[2021-11-11 17:07:47] [ INFO ] [CarritoController:78] Productos rellenados
[2021-11-11 17:07:47] [ INFO ] [CarritoController:78] Productos rellenados
[2021-11-11 17:07:49] [ INFO ] [CarritoController:78] Productos rellenados
[2021-11-11 17:07:49] [ INFO ] [CarritoController:78] Productos rellenados
[2021-11-11 17:07:49] [ INFO ] [CarritoController:118] Busqueda por categoria
[2021-11-11 17:07:59] [ INFO ] [CarritoController:62] El carrito se ha iniciado
[2021-11-11 17:07:59] [ INFO ] [CarritoController:78] Productos rellenados
[2021-11-11 17:07:59] [ INFO ] [CarritoController:78] Productos rellenados
[2021-11-11 17:07:59] [ INFO ] [CarritoController:78] Productos rellenados
[2021-11-11 17:07:59] [ INFO ] [CarritoController:78] Productos rellenados
[2021-11-11 17:07:59] [ INFO ] [CarritoController:78] Productos rellenados
[2021-11-11 17:08:03] [ INFO ] [CarritoController:78] Productos rellenados
[2021-11-11 17:08:03] [ INFO ] [CarritoController:78] Productos rellenados
[2021-11-11 17:08:03] [ INFO ] [CarritoController:78] Productos rellenados
[2021-11-11 17:08:03] [ INFO ] [CarritoController:78] Productos rellenados
[2021-11-11 17:08:03] [ INFO ] [CarritoController:78] Productos rellenados
[2021-11-11 17:08:05] [ INFO ] [CarritoController:78] Productos rellenados
[2021-11-11 17:08:05] [ INFO ] [CarritoController:78] Productos rellenados
[2021-11-11 17:08:05] [ INFO ] [CarritoController:78] Productos rellenados
[2021-11-11 17:08:05] [ INFO ] [CarritoController:78] Productos rellenados
[2021-11-11 17:08:05] [ INFO ] [CarritoController:78] Productos rellenados
[2021-11-11 17:08:06] [ INFO ] [CarritoController:78] Productos rellenados
[2021-11-11 17:08:06] [ INFO ] [CarritoController:78] Productos rellenados
[2021-11-11 17:08:06] [ INFO ] [CarritoController:118] Busqueda por categoria
[2021-11-11 17:08:10] [ INFO ] [CarritoController:78] Productos rellenados
[2021-11-11 17:08:10] [ INFO ] [CarritoController:78] Productos rellenados
[2021-11-11 17:08:10] [ INFO ] [CarritoController:78] Productos rellenados
[2021-11-11 17:08:10] [ INFO ] [CarritoController:78] Productos rellenados
[2021-11-11 17:08:10] [ INFO ] [CarritoController:78] Productos rellenados
[2021-11-11 17:08:12] [ INFO ] [CarritoController:78] Productos rellenados
[2021-11-11 17:08:12] [ INFO ] [CarritoController:78] Productos rellenados
[2021-11-11 17:08:12] [ INFO ] [CarritoController:78] Productos rellenados
[2021-11-11 17:08:12] [ INFO ] [CarritoController:78] Productos rellenados
[2021-11-11 17:08:12] [ INFO ] [CarritoController:78] Productos rellenados
[2021-11-11 17:08:16] [ INFO ] [CarritoController:78] Productos rellenados
[2021-11-11 17:08:16] [ INFO ] [CarritoController:78] Productos rellenados
[2021-11-11 17:08:16] [ INFO ] [CarritoController:78] Productos rellenados
[2021-11-11 17:08:16] [ INFO ] [CarritoController:78] Productos rellenados
[2021-11-11 17:08:16] [ INFO ] [CarritoController:78] Productos rellenados
[2021-11-11 17:08:29] [ INFO ] [CarritoController:78] Productos rellenados
[2021-11-11 17:08:29] [ INFO ] [CarritoController:78] Productos rellenados
[2021-11-11 17:08:29] [ INFO ] [CarritoController:78] Productos rellenados
[2021-11-11 17:08:29] [ INFO ] [CarritoController:78] Productos rellenados
[2021-11-11 17:08:29] [ INFO ] [CarritoController:78] Productos rellenados
[2021-11-11 17:16:37] [ INFO ] [CarritoController:78] Productos rellenados
[2021-11-11 17:16:37] [ INFO ] [CarritoController:78] Productos rellenados
[2021-11-11 17:16:37] [ INFO ] [CarritoController:78] Productos rellenados
[2021-11-11 17:16:37] [ INFO ] [CarritoController:78] Productos rellenados
[2021-11-11 17:16:37] [ INFO ] [CarritoController:78] Productos rellenados
[2021-11-11 17:17:19] [ INFO ] [CarritoController:78] Productos rellenados
[2021-11-11 17:17:19] [ INFO ] [CarritoController:78] Productos rellenados
[2021-11-11 17:17:19] [ INFO ] [CarritoController:78] Productos rellenados
[2021-11-11 17:17:19] [ INFO ] [CarritoController:78] Productos rellenados
[2021-11-11 17:17:19] [ INFO ] [CarritoController:78] Productos rellenados
[2021-11-11 17:25:36] [ INFO ] [CarritoController:78] Productos rellenados
[2021-11-11 17:25:36] [ INFO ] [CarritoController:78] Productos rellenados
[2021-11-11 17:25:36] [ INFO ] [CarritoController:78] Productos rellenados
[2021-11-11 17:25:36] [ INFO ] [CarritoController:78] Productos rellenados
[2021-11-11 17:25:36] [ INFO ] [CarritoController:78] Productos rellenados
[2021-11-11 17:26:26] [ INFO ] [CarritoController:78] Productos rellenados
[2021-11-11 17:26:26] [ INFO ] [CarritoController:78] Productos rellenados
[2021-11-11 17:26:26] [ INFO ] [CarritoController:78] Productos rellenados
[2021-11-11 17:26:26] [ INFO ] [CarritoController:78] Productos rellenados
[2021-11-11 17:26:26] [ INFO ] [CarritoController:78] Productos rellenados
[2021-11-11 17:27:28] [ INFO ] [CarritoController:78] Productos rellenados
[2021-11-11 17:27:28] [ INFO ] [CarritoController:78] Productos rellenados
[2021-11-11 17:27:28] [ INFO ] [CarritoController:78] Productos rellenados
[2021-11-11 17:27:28] [ INFO ] [CarritoController:78] Productos rellenados
[2021-11-11 17:27:28] [ INFO ] [CarritoController:78] Productos rellenados
[2021-11-11 17:37:52] [ INFO ] [CarritoController:59] no esta vacio
[2021-11-11 17:37:52] [ INFO ] [CarritoController:78] Productos rellenados
[2021-11-11 17:37:52] [ INFO ] [CarritoController:78] Productos rellenados
[2021-11-11 17:37:52] [ INFO ] [CarritoController:78] Productos rellenados
[2021-11-11 17:37:52] [ INFO ] [CarritoController:78] Productos rellenados
[2021-11-11 17:37:52] [ INFO ] [CarritoController:78] Productos rellenados
[2021-11-11 17:37:55] [ INFO ] [CarritoController:78] Productos rellenados
[2021-11-11 17:37:55] [ INFO ] [CarritoController:78] Productos rellenados
[2021-11-11 17:37:55] [ INFO ] [CarritoController:78] Productos rellenados
[2021-11-11 17:37:55] [ INFO ] [CarritoController:78] Productos rellenados
[2021-11-11 17:37:55] [ INFO ] [CarritoController:78] Productos rellenados
[2021-11-11 17:58:50] [ INFO ] [CarritoController:62] El carrito se ha iniciado
[2021-11-11 17:58:50] [ INFO ] [CarritoController:78] Productos rellenados
[2021-11-11 17:58:50] [ INFO ] [CarritoController:78] Productos rellenados
[2021-11-11 17:58:50] [ INFO ] [CarritoController:78] Productos rellenados
[2021-11-11 17:58:50] [ INFO ] [CarritoController:78] Productos rellenados
[2021-11-11 17:58:50] [ INFO ] [CarritoController:78] Productos rellenados
[2021-11-11 17:59:04] [ INFO ] [CarritoController:78] Productos rellenados
[2021-11-11 17:59:04] [ INFO ] [CarritoController:78] Productos rellenados
[2021-11-11 17:59:04] [ INFO ] [CarritoController:78] Productos rellenados
[2021-11-11 17:59:04] [ INFO ] [CarritoController:78] Productos rellenados
[2021-11-11 17:59:04] [ INFO ] [CarritoController:78] Productos rellenados
[2021-11-11 18:00:12] [ INFO ] [CarritoController:78] Productos rellenados
[2021-11-11 18:00:12] [ INFO ] [CarritoController:78] Productos rellenados
[2021-11-11 18:00:12] [ INFO ] [CarritoController:78] Productos rellenados
[2021-11-11 18:00:12] [ INFO ] [CarritoController:78] Productos rellenados
[2021-11-11 18:00:12] [ INFO ] [CarritoController:78] Productos rellenados
[2021-11-11 18:00:15] [ INFO ] [CarritoController:62] El carrito se ha iniciado
[2021-11-11 18:00:15] [ INFO ] [CarritoController:78] Productos rellenados
[2021-11-11 18:00:15] [ INFO ] [CarritoController:78] Productos rellenados
[2021-11-11 18:00:15] [ INFO ] [CarritoController:78] Productos rellenados
[2021-11-11 18:00:15] [ INFO ] [CarritoController:78] Productos rellenados
[2021-11-11 18:00:15] [ INFO ] [CarritoController:78] Productos rellenados
[2021-11-11 18:00:51] [ INFO ] [CarritoController:78] Productos rellenados
[2021-11-11 18:00:51] [ INFO ] [CarritoController:78] Productos rellenados
[2021-11-11 18:00:51] [ INFO ] [CarritoController:78] Productos rellenados
[2021-11-11 18:00:51] [ INFO ] [CarritoController:78] Productos rellenados
[2021-11-11 18:00:51] [ INFO ] [CarritoController:78] Productos rellenados
[2021-11-11 18:01:40] [ INFO ] [CarritoController:78] Productos rellenados
[2021-11-11 18:01:40] [ INFO ] [CarritoController:78] Productos rellenados
[2021-11-11 18:01:40] [ INFO ] [CarritoController:78] Productos rellenados
[2021-11-11 18:01:40] [ INFO ] [CarritoController:78] Productos rellenados
[2021-11-11 18:01:40] [ INFO ] [CarritoController:78] Productos rellenados
[2021-11-11 18:01:48] [ INFO ] [CarritoController:78] Productos rellenados
[2021-11-11 18:01:48] [ INFO ] [CarritoController:78] Productos rellenados
[2021-11-11 18:01:48] [ INFO ] [CarritoController:78] Productos rellenados
[2021-11-11 18:01:48] [ INFO ] [CarritoController:78] Productos rellenados
[2021-11-11 18:01:48] [ INFO ] [CarritoController:78] Productos rellenados
[2021-11-11 18:01:55] [ INFO ] [CarritoController:78] Productos rellenados
[2021-11-11 18:01:55] [ INFO ] [CarritoController:78] Productos rellenados
[2021-11-11 18:01:55] [ INFO ] [CarritoController:78] Productos rellenados
[2021-11-11 18:01:55] [ INFO ] [CarritoController:78] Productos rellenados
[2021-11-11 18:01:55] [ INFO ] [CarritoController:78] Productos rellenados
[2021-11-11 18:07:30] [ INFO ] [CarritoController:62] El carrito se ha iniciado
[2021-11-11 18:07:30] [ INFO ] [CarritoController:78] Productos rellenados
[2021-11-11 18:07:30] [ INFO ] [CarritoController:78] Productos rellenados
[2021-11-11 18:07:30] [ INFO ] [CarritoController:78] Productos rellenados
[2021-11-11 18:07:30] [ INFO ] [CarritoController:78] Productos rellenados
[2021-11-11 18:07:30] [ INFO ] [CarritoController:78] Productos rellenados
[2021-11-11 18:07:36] [ INFO ] [CarritoController:78] Productos rellenados
[2021-11-11 18:07:36] [ INFO ] [CarritoController:78] Productos rellenados
[2021-11-11 18:07:36] [ INFO ] [CarritoController:78] Productos rellenados
[2021-11-11 18:07:36] [ INFO ] [CarritoController:78] Productos rellenados
[2021-11-11 18:07:36] [ INFO ] [CarritoController:78] Productos rellenados
[2021-11-11 18:15:44] [ INFO ] [CarritoController:78] Productos rellenados
[2021-11-11 18:15:44] [ INFO ] [CarritoController:78] Productos rellenados
[2021-11-11 18:15:44] [ INFO ] [CarritoController:78] Productos rellenados
[2021-11-11 18:15:44] [ INFO ] [CarritoController:78] Productos rellenados
[2021-11-11 18:15:44] [ INFO ] [CarritoController:78] Productos rellenados
[2021-11-11 18:15:47] [ INFO ] [CarritoController:78] Productos rellenados
[2021-11-11 18:15:47] [ INFO ] [CarritoController:78] Productos rellenados
[2021-11-11 18:15:47] [ INFO ] [CarritoController:78] Productos rellenados
[2021-11-11 18:15:47] [ INFO ] [CarritoController:78] Productos rellenados
[2021-11-11 18:15:47] [ INFO ] [CarritoController:78] Productos rellenados
[2021-11-11 18:31:21] [ INFO ] [CarritoController:62] El carrito se ha iniciado
[2021-11-11 18:31:21] [ INFO ] [CarritoController:78] Productos rellenados
[2021-11-11 18:31:21] [ INFO ] [CarritoController:78] Productos rellenados
[2021-11-11 18:31:21] [ INFO ] [CarritoController:78] Productos rellenados
[2021-11-11 18:31:21] [ INFO ] [CarritoController:78] Productos rellenados
[2021-11-11 18:31:21] [ INFO ] [CarritoController:78] Productos rellenados
[2021-11-11 18:31:29] [ INFO ] [CarritoController:78] Productos rellenados
[2021-11-11 18:31:29] [ INFO ] [CarritoController:78] Productos rellenados
[2021-11-11 18:31:29] [ INFO ] [CarritoController:78] Productos rellenados
[2021-11-11 18:31:29] [ INFO ] [CarritoController:78] Productos rellenados
[2021-11-11 18:31:29] [ INFO ] [CarritoController:78] Productos rellenados
[2021-11-11 18:31:30] [ INFO ] [CarritoController:118] Busqueda por categoria
[2021-11-11 18:31:33] [ INFO ] [CarritoController:78] Productos rellenados
[2021-11-11 18:31:33] [ INFO ] [CarritoController:78] Productos rellenados
[2021-11-11 18:31:33] [ INFO ] [CarritoController:118] Busqueda por categoria
[2021-11-11 18:32:47] [ INFO ] [CarritoController:78] Productos rellenados
[2021-11-11 18:32:47] [ INFO ] [CarritoController:78] Productos rellenados
[2021-11-11 18:32:47] [ INFO ] [CarritoController:78] Productos rellenados
[2021-11-11 18:32:47] [ INFO ] [CarritoController:78] Productos rellenados
[2021-11-11 18:32:47] [ INFO ] [CarritoController:78] Productos rellenados
[2021-11-11 18:32:49] [ INFO ] [CarritoController:59] no esta vacio
[2021-11-11 18:32:49] [ INFO ] [CarritoController:78] Productos rellenados
[2021-11-11 18:32:49] [ INFO ] [CarritoController:78] Productos rellenados
[2021-11-11 18:32:49] [ INFO ] [CarritoController:78] Productos rellenados
[2021-11-11 18:32:49] [ INFO ] [CarritoController:78] Productos rellenados
[2021-11-11 18:32:49] [ INFO ] [CarritoController:78] Productos rellenados
[2021-11-11 18:32:50] [ INFO ] [CarritoController:59] no esta vacio
[2021-11-11 18:32:50] [ INFO ] [CarritoController:78] Productos rellenados
[2021-11-11 18:32:50] [ INFO ] [CarritoController:78] Productos rellenados
[2021-11-11 18:32:50] [ INFO ] [CarritoController:78] Productos rellenados
[2021-11-11 18:32:50] [ INFO ] [CarritoController:78] Productos rellenados
[2021-11-11 18:32:50] [ INFO ] [CarritoController:78] Productos rellenados
[2021-11-11 18:32:52] [ INFO ] [CarritoController:59] no esta vacio
[2021-11-11 18:32:52] [ INFO ] [CarritoController:78] Productos rellenados
[2021-11-11 18:32:52] [ INFO ] [CarritoController:78] Productos rellenados
[2021-11-11 18:32:52] [ INFO ] [CarritoController:78] Productos rellenados
[2021-11-11 18:32:52] [ INFO ] [CarritoController:78] Productos rellenados
[2021-11-11 18:32:52] [ INFO ] [CarritoController:78] Productos rellenados
[2021-11-11 18:33:00] [ INFO ] [CarritoController:162] El usuario no esta logueado
[2021-11-11 18:33:04] [ INFO ] [CarritoController:78] Productos rellenados
[2021-11-11 18:33:04] [ INFO ] [CarritoController:78] Productos rellenados
[2021-11-11 18:33:04] [ INFO ] [CarritoController:78] Productos rellenados
[2021-11-11 18:33:04] [ INFO ] [CarritoController:78] Productos rellenados
[2021-11-11 18:33:04] [ INFO ] [CarritoController:78] Productos rellenados
[2021-11-11 18:33:36] [ INFO ] [CarritoController:78] Productos rellenados
[2021-11-11 18:33:36] [ INFO ] [CarritoController:78] Productos rellenados
[2021-11-11 18:33:36] [ INFO ] [CarritoController:78] Productos rellenados
[2021-11-11 18:33:36] [ INFO ] [CarritoController:78] Productos rellenados
[2021-11-11 18:33:36] [ INFO ] [CarritoController:78] Productos rellenados
